mode: set
github.com/fntelecomllc/studio/backend/generate_hash.go:9.13,15.16 5 0
github.com/fntelecomllc/studio/backend/generate_hash.go:15.16,16.13 1 0
github.com/fntelecomllc/studio/backend/generate_hash.go:19.2,19.27 1 0
github.com/fntelecomllc/studio/backend/cmd/api_contract_tester/main.go:11.13,18.19 4 0
github.com/fntelecomllc/studio/backend/cmd/api_contract_tester/main.go:18.19,20.3 1 0
github.com/fntelecomllc/studio/backend/cmd/api_contract_tester/main.go:23.2,29.16 5 0
github.com/fntelecomllc/studio/backend/cmd/api_contract_tester/main.go:29.16,31.3 1 0
github.com/fntelecomllc/studio/backend/cmd/api_contract_tester/main.go:34.2,39.16 4 0
github.com/fntelecomllc/studio/backend/cmd/api_contract_tester/main.go:39.16,41.3 1 0
github.com/fntelecomllc/studio/backend/cmd/api_contract_tester/main.go:44.2,47.22 2 0
github.com/fntelecomllc/studio/backend/cmd/api_contract_tester/main.go:47.22,49.3 1 0
github.com/fntelecomllc/studio/backend/cmd/api_contract_tester/main.go:51.2,51.92 1 0
github.com/fntelecomllc/studio/backend/cmd/apiserver/main.go:37.13,42.47 3 0
github.com/fntelecomllc/studio/backend/cmd/apiserver/main.go:42.47,45.3 2 0
github.com/fntelecomllc/studio/backend/cmd/apiserver/main.go:45.8,47.3 1 0
github.com/fntelecomllc/studio/backend/cmd/apiserver/main.go:50.2,51.16 2 0
github.com/fntelecomllc/studio/backend/cmd/apiserver/main.go:51.16,57.3 4 0
github.com/fntelecomllc/studio/backend/cmd/apiserver/main.go:58.2,76.44 13 0
github.com/fntelecomllc/studio/backend/cmd/apiserver/main.go:76.44,78.3 1 0
github.com/fntelecomllc/studio/backend/cmd/apiserver/main.go:78.8,87.19 7 0
github.com/fntelecomllc/studio/backend/cmd/apiserver/main.go:87.19,89.4 1 0
github.com/fntelecomllc/studio/backend/cmd/apiserver/main.go:90.3,90.19 1 0
github.com/fntelecomllc/studio/backend/cmd/apiserver/main.go:90.19,92.4 1 0
github.com/fntelecomllc/studio/backend/cmd/apiserver/main.go:93.3,93.19 1 0
github.com/fntelecomllc/studio/backend/cmd/apiserver/main.go:93.19,95.4 1 0
github.com/fntelecomllc/studio/backend/cmd/apiserver/main.go:96.3,96.23 1 0
github.com/fntelecomllc/studio/backend/cmd/apiserver/main.go:96.23,98.4 1 0
github.com/fntelecomllc/studio/backend/cmd/apiserver/main.go:99.3,99.19 1 0
github.com/fntelecomllc/studio/backend/cmd/apiserver/main.go:99.19,101.4 1 0
github.com/fntelecomllc/studio/backend/cmd/apiserver/main.go:102.3,102.22 1 0
github.com/fntelecomllc/studio/backend/cmd/apiserver/main.go:102.22,104.4 1 0
github.com/fntelecomllc/studio/backend/cmd/apiserver/main.go:106.3,107.58 1 0
github.com/fntelecomllc/studio/backend/cmd/apiserver/main.go:110.2,112.18 3 0
github.com/fntelecomllc/studio/backend/cmd/apiserver/main.go:112.18,114.3 1 0
github.com/fntelecomllc/studio/backend/cmd/apiserver/main.go:115.2,131.55 14 0
github.com/fntelecomllc/studio/backend/cmd/apiserver/main.go:131.55,133.3 1 0
github.com/fntelecomllc/studio/backend/cmd/apiserver/main.go:134.2,146.16 9 0
github.com/fntelecomllc/studio/backend/cmd/apiserver/main.go:146.16,148.3 1 0
github.com/fntelecomllc/studio/backend/cmd/apiserver/main.go:149.2,180.28 11 0
github.com/fntelecomllc/studio/backend/cmd/apiserver/main.go:180.28,182.3 1 0
github.com/fntelecomllc/studio/backend/cmd/apiserver/main.go:183.2,231.21 20 0
github.com/fntelecomllc/studio/backend/cmd/apiserver/main.go:231.21,233.3 1 0
github.com/fntelecomllc/studio/backend/cmd/apiserver/main.go:234.2,244.44 6 0
github.com/fntelecomllc/studio/backend/cmd/apiserver/main.go:244.44,245.47 1 0
github.com/fntelecomllc/studio/backend/cmd/apiserver/main.go:245.47,247.42 1 0
github.com/fntelecomllc/studio/backend/cmd/apiserver/main.go:247.42,250.5 2 0
github.com/fntelecomllc/studio/backend/cmd/apiserver/main.go:252.4,252.60 1 0
github.com/fntelecomllc/studio/backend/cmd/apiserver/main.go:256.2,268.2 7 0
github.com/fntelecomllc/studio/backend/cmd/apiserver/main.go:268.2,272.3 3 0
github.com/fntelecomllc/studio/backend/cmd/apiserver/main.go:273.2,285.2 8 0
github.com/fntelecomllc/studio/backend/cmd/apiserver/main.go:285.2,303.3 4 0
github.com/fntelecomllc/studio/backend/cmd/apiserver/main.go:303.3,305.4 2 0
github.com/fntelecomllc/studio/backend/cmd/apiserver/main.go:305.4,310.5 4 0
github.com/fntelecomllc/studio/backend/cmd/apiserver/main.go:311.4,312.4 2 0
github.com/fntelecomllc/studio/backend/cmd/apiserver/main.go:312.4,317.5 4 0
github.com/fntelecomllc/studio/backend/cmd/apiserver/main.go:321.3,322.3 2 0
github.com/fntelecomllc/studio/backend/cmd/apiserver/main.go:322.3,331.4 8 0
github.com/fntelecomllc/studio/backend/cmd/apiserver/main.go:334.3,336.3 3 0
github.com/fntelecomllc/studio/backend/cmd/apiserver/main.go:336.3,345.4 8 0
github.com/fntelecomllc/studio/backend/cmd/apiserver/main.go:348.3,349.3 2 0
github.com/fntelecomllc/studio/backend/cmd/apiserver/main.go:349.3,355.4 5 0
github.com/fntelecomllc/studio/backend/cmd/apiserver/main.go:358.3,360.3 3 0
github.com/fntelecomllc/studio/backend/cmd/apiserver/main.go:360.3,363.4 2 0
github.com/fntelecomllc/studio/backend/cmd/apiserver/main.go:366.3,366.53 1 0
github.com/fntelecomllc/studio/backend/cmd/apiserver/main.go:366.53,368.49 2 0
github.com/fntelecomllc/studio/backend/cmd/apiserver/main.go:368.49,371.5 2 0
github.com/fntelecomllc/studio/backend/cmd/apiserver/main.go:371.10,373.5 1 0
github.com/fntelecomllc/studio/backend/cmd/apiserver/main.go:375.3,377.111 2 0
github.com/fntelecomllc/studio/backend/cmd/apiserver/main.go:381.2,390.22 8 0
github.com/fntelecomllc/studio/backend/cmd/apiserver/main.go:390.22,392.3 1 0
github.com/fntelecomllc/studio/backend/cmd/apiserver/main.go:394.2,399.12 2 0
github.com/fntelecomllc/studio/backend/cmd/apiserver/main.go:399.12,400.77 1 0
github.com/fntelecomllc/studio/backend/cmd/apiserver/main.go:400.77,402.4 1 0
github.com/fntelecomllc/studio/backend/cmd/apiserver/main.go:405.2,417.50 9 0
github.com/fntelecomllc/studio/backend/cmd/apiserver/main.go:417.50,419.3 1 0
github.com/fntelecomllc/studio/backend/cmd/apiserver/main.go:421.2,421.54 1 0
github.com/fntelecomllc/studio/backend/cmd/generate_api_key/main.go:10.13,13.44 2 0
github.com/fntelecomllc/studio/backend/cmd/generate_api_key/main.go:13.44,16.3 2 0
github.com/fntelecomllc/studio/backend/cmd/generate_api_key/main.go:18.2,23.58 5 0
github.com/fntelecomllc/studio/backend/cmd/health_check_test/main.go:60.60,64.2 1 0
github.com/fntelecomllc/studio/backend/cmd/health_check_test/main.go:67.64,86.52 4 0
github.com/fntelecomllc/studio/backend/cmd/health_check_test/main.go:86.52,87.37 1 0
github.com/fntelecomllc/studio/backend/cmd/health_check_test/main.go:87.37,89.9 2 0
github.com/fntelecomllc/studio/backend/cmd/health_check_test/main.go:93.2,93.31 1 0
github.com/fntelecomllc/studio/backend/cmd/health_check_test/main.go:97.67,101.29 2 0
github.com/fntelecomllc/studio/backend/cmd/health_check_test/main.go:101.29,108.3 2 0
github.com/fntelecomllc/studio/backend/cmd/health_check_test/main.go:110.2,112.4 1 0
github.com/fntelecomllc/studio/backend/cmd/health_check_test/main.go:116.66,121.2 1 0
github.com/fntelecomllc/studio/backend/cmd/health_check_test/main.go:124.59,133.17 4 0
github.com/fntelecomllc/studio/backend/cmd/health_check_test/main.go:133.17,137.3 3 0
github.com/fntelecomllc/studio/backend/cmd/health_check_test/main.go:139.2,139.46 1 0
github.com/fntelecomllc/studio/backend/cmd/health_check_test/main.go:139.46,142.3 2 0
github.com/fntelecomllc/studio/backend/cmd/health_check_test/main.go:144.2,144.15 1 0
github.com/fntelecomllc/studio/backend/cmd/health_check_test/main.go:148.81,152.2 3 0
github.com/fntelecomllc/studio/backend/cmd/health_check_test/main.go:154.13,159.17 3 0
github.com/fntelecomllc/studio/backend/cmd/health_check_test/main.go:159.17,161.3 1 0
github.com/fntelecomllc/studio/backend/cmd/health_check_test/main.go:163.2,164.16 2 0
github.com/fntelecomllc/studio/backend/cmd/health_check_test/main.go:164.16,166.3 1 0
github.com/fntelecomllc/studio/backend/cmd/health_check_test/main.go:167.2,173.34 3 0
github.com/fntelecomllc/studio/backend/cmd/health_check_test/main.go:173.34,177.3 3 0
github.com/fntelecomllc/studio/backend/cmd/health_check_test/main.go:177.8,179.3 1 0
github.com/fntelecomllc/studio/backend/cmd/health_check_test/main.go:182.2,201.65 11 0
github.com/fntelecomllc/studio/backend/cmd/health_check_test/main.go:204.45,209.29 4 0
github.com/fntelecomllc/studio/backend/cmd/health_check_test/main.go:209.29,211.3 1 0
github.com/fntelecomllc/studio/backend/cmd/health_check_test/main.go:214.2,215.66 2 0
github.com/fntelecomllc/studio/backend/cmd/health_check_test/main.go:215.66,217.3 1 0
github.com/fntelecomllc/studio/backend/cmd/health_check_test/main.go:219.2,221.56 3 0
github.com/fntelecomllc/studio/backend/cmd/health_check_test/main.go:224.48,230.72 4 0
github.com/fntelecomllc/studio/backend/cmd/health_check_test/main.go:230.72,233.3 1 0
github.com/fntelecomllc/studio/backend/cmd/health_check_test/main.go:235.2,236.52 2 0
github.com/fntelecomllc/studio/backend/cmd/health_check_test/main.go:239.47,244.29 4 0
github.com/fntelecomllc/studio/backend/cmd/health_check_test/main.go:244.29,246.3 1 0
github.com/fntelecomllc/studio/backend/cmd/health_check_test/main.go:248.2,249.52 2 0
github.com/fntelecomllc/studio/backend/cmd/migration_verifier/main.go:15.13,22.16 4 0
github.com/fntelecomllc/studio/backend/cmd/migration_verifier/main.go:22.16,23.56 1 0
github.com/fntelecomllc/studio/backend/cmd/migration_verifier/main.go:23.56,25.4 1 0
github.com/fntelecomllc/studio/backend/cmd/migration_verifier/main.go:25.9,27.4 1 0
github.com/fntelecomllc/studio/backend/cmd/migration_verifier/main.go:31.2,33.16 3 0
github.com/fntelecomllc/studio/backend/cmd/migration_verifier/main.go:33.16,35.3 1 0
github.com/fntelecomllc/studio/backend/cmd/migration_verifier/main.go:36.2,50.16 9 0
github.com/fntelecomllc/studio/backend/cmd/migration_verifier/main.go:50.16,52.3 1 0
github.com/fntelecomllc/studio/backend/cmd/migration_verifier/main.go:55.2,60.16 4 0
github.com/fntelecomllc/studio/backend/cmd/migration_verifier/main.go:60.16,62.3 1 0
github.com/fntelecomllc/studio/backend/cmd/migration_verifier/main.go:65.2,68.21 2 0
github.com/fntelecomllc/studio/backend/cmd/migration_verifier/main.go:68.21,70.3 1 0
github.com/fntelecomllc/studio/backend/cmd/migration_verifier/main.go:72.2,72.82 1 0
github.com/fntelecomllc/studio/backend/cmd/migration_verifier/main.go:76.65,80.20 3 0
github.com/fntelecomllc/studio/backend/cmd/migration_verifier/main.go:80.20,82.3 1 0
github.com/fntelecomllc/studio/backend/cmd/migration_verifier/main.go:82.8,85.40 2 0
github.com/fntelecomllc/studio/backend/cmd/migration_verifier/main.go:85.40,87.55 2 0
github.com/fntelecomllc/studio/backend/cmd/migration_verifier/main.go:87.55,89.5 1 0
github.com/fntelecomllc/studio/backend/cmd/migration_verifier/main.go:92.3,92.44 1 0
github.com/fntelecomllc/studio/backend/cmd/migration_verifier/main.go:92.44,94.59 2 0
github.com/fntelecomllc/studio/backend/cmd/migration_verifier/main.go:94.59,96.5 1 0
github.com/fntelecomllc/studio/backend/cmd/migration_verifier/main.go:99.3,99.39 1 0
github.com/fntelecomllc/studio/backend/cmd/migration_verifier/main.go:99.39,101.54 2 0
github.com/fntelecomllc/studio/backend/cmd/migration_verifier/main.go:101.54,103.5 1 0
github.com/fntelecomllc/studio/backend/cmd/migrate/main.go:14.13,28.15 6 0
github.com/fntelecomllc/studio/backend/cmd/migrate/main.go:28.15,30.16 2 0
github.com/fntelecomllc/studio/backend/cmd/migrate/main.go:30.16,32.4 1 0
github.com/fntelecomllc/studio/backend/cmd/migrate/main.go:36.2,41.16 4 0
github.com/fntelecomllc/studio/backend/cmd/migrate/main.go:41.16,43.3 1 0
github.com/fntelecomllc/studio/backend/cmd/migrate/main.go:46.2,46.19 1 0
github.com/fntelecomllc/studio/backend/cmd/migrate/main.go:47.12,50.33 3 0
github.com/fntelecomllc/studio/backend/cmd/migrate/main.go:50.33,52.4 1 0
github.com/fntelecomllc/studio/backend/cmd/migrate/main.go:52.9,52.24 1 0
github.com/fntelecomllc/studio/backend/cmd/migrate/main.go:52.24,54.4 1 0
github.com/fntelecomllc/studio/backend/cmd/migrate/main.go:54.9,56.4 1 0
github.com/fntelecomllc/studio/backend/cmd/migrate/main.go:57.14,60.47 3 0
github.com/fntelecomllc/studio/backend/cmd/migrate/main.go:60.47,62.4 1 0
github.com/fntelecomllc/studio/backend/cmd/migrate/main.go:62.9,64.4 1 0
github.com/fntelecomllc/studio/backend/cmd/migrate/main.go:65.10,66.80 1 0
github.com/fntelecomllc/studio/backend/cmd/create_admin_hash/main.go:9.13,15.16 4 0
github.com/fntelecomllc/studio/backend/cmd/create_admin_hash/main.go:15.16,17.3 1 0
github.com/fntelecomllc/studio/backend/cmd/create_admin_hash/main.go:19.2,23.16 3 0
github.com/fntelecomllc/studio/backend/cmd/create_admin_hash/main.go:23.16,25.3 1 0
github.com/fntelecomllc/studio/backend/cmd/create_admin_hash/main.go:27.2,27.46 1 0
github.com/fntelecomllc/studio/backend/cmd/security_scanner/main.go:11.13,19.25 5 0
github.com/fntelecomllc/studio/backend/cmd/security_scanner/main.go:19.25,21.3 1 0
github.com/fntelecomllc/studio/backend/cmd/security_scanner/main.go:22.2,22.30 1 0
github.com/fntelecomllc/studio/backend/cmd/security_scanner/main.go:22.30,24.3 1 0
github.com/fntelecomllc/studio/backend/cmd/security_scanner/main.go:27.2,29.16 3 0
github.com/fntelecomllc/studio/backend/cmd/security_scanner/main.go:29.16,31.3 1 0
github.com/fntelecomllc/studio/backend/cmd/security_scanner/main.go:34.2,36.16 3 0
github.com/fntelecomllc/studio/backend/cmd/security_scanner/main.go:36.16,38.3 1 0
github.com/fntelecomllc/studio/backend/cmd/security_scanner/main.go:41.2,47.16 5 0
github.com/fntelecomllc/studio/backend/cmd/security_scanner/main.go:47.16,49.3 1 0
github.com/fntelecomllc/studio/backend/cmd/security_scanner/main.go:52.2,57.16 4 0
github.com/fntelecomllc/studio/backend/cmd/security_scanner/main.go:57.16,59.3 1 0
github.com/fntelecomllc/studio/backend/cmd/security_scanner/main.go:62.2,65.38 2 0
github.com/fntelecomllc/studio/backend/cmd/security_scanner/main.go:65.38,67.3 1 0
github.com/fntelecomllc/studio/backend/cmd/security_scanner/main.go:69.2,69.87 1 0
github.com/fntelecomllc/studio/backend/cmd/model_documenter/main.go:14.13,21.16 4 0
github.com/fntelecomllc/studio/backend/cmd/model_documenter/main.go:21.16,22.56 1 0
github.com/fntelecomllc/studio/backend/cmd/model_documenter/main.go:22.56,24.4 1 0
github.com/fntelecomllc/studio/backend/cmd/model_documenter/main.go:24.9,26.4 1 0
github.com/fntelecomllc/studio/backend/cmd/model_documenter/main.go:30.2,32.16 3 0
github.com/fntelecomllc/studio/backend/cmd/model_documenter/main.go:32.16,34.3 1 0
github.com/fntelecomllc/studio/backend/cmd/model_documenter/main.go:35.2,49.16 9 0
github.com/fntelecomllc/studio/backend/cmd/model_documenter/main.go:49.16,51.3 1 0
github.com/fntelecomllc/studio/backend/cmd/model_documenter/main.go:54.2,55.16 2 0
github.com/fntelecomllc/studio/backend/cmd/model_documenter/main.go:55.16,57.3 1 0
github.com/fntelecomllc/studio/backend/cmd/model_documenter/main.go:59.2,59.80 1 0
github.com/fntelecomllc/studio/backend/cmd/performance_tester/main.go:12.13,19.23 4 0
github.com/fntelecomllc/studio/backend/cmd/performance_tester/main.go:19.23,21.3 1 0
github.com/fntelecomllc/studio/backend/cmd/performance_tester/main.go:24.2,30.16 5 0
github.com/fntelecomllc/studio/backend/cmd/performance_tester/main.go:30.16,32.3 1 0
github.com/fntelecomllc/studio/backend/cmd/performance_tester/main.go:34.2,34.27 1 0
github.com/fntelecomllc/studio/backend/cmd/performance_tester/main.go:34.27,36.3 1 0
github.com/fntelecomllc/studio/backend/cmd/performance_tester/main.go:39.2,41.16 3 0
github.com/fntelecomllc/studio/backend/cmd/performance_tester/main.go:41.16,43.3 1 0
github.com/fntelecomllc/studio/backend/cmd/performance_tester/main.go:46.2,51.16 4 0
github.com/fntelecomllc/studio/backend/cmd/performance_tester/main.go:51.16,53.3 1 0
github.com/fntelecomllc/studio/backend/cmd/performance_tester/main.go:56.2,58.90 2 0
github.com/fntelecomllc/studio/backend/cmd/test_coverage_report/main.go:31.13,37.34 5 0
github.com/fntelecomllc/studio/backend/cmd/test_coverage_report/main.go:37.34,39.3 1 0
github.com/fntelecomllc/studio/backend/cmd/test_coverage_report/main.go:42.2,44.16 3 0
github.com/fntelecomllc/studio/backend/cmd/test_coverage_report/main.go:44.16,46.3 1 0
github.com/fntelecomllc/studio/backend/cmd/test_coverage_report/main.go:49.2,55.34 3 0
github.com/fntelecomllc/studio/backend/cmd/test_coverage_report/main.go:58.72,62.16 3 0
github.com/fntelecomllc/studio/backend/cmd/test_coverage_report/main.go:62.16,64.3 1 0
github.com/fntelecomllc/studio/backend/cmd/test_coverage_report/main.go:67.2,69.29 3 0
github.com/fntelecomllc/studio/backend/cmd/test_coverage_report/main.go:69.29,70.39 1 0
github.com/fntelecomllc/studio/backend/cmd/test_coverage_report/main.go:70.39,71.12 1 0
github.com/fntelecomllc/studio/backend/cmd/test_coverage_report/main.go:73.3,74.22 2 0
github.com/fntelecomllc/studio/backend/cmd/test_coverage_report/main.go:74.22,75.12 1 0
github.com/fntelecomllc/studio/backend/cmd/test_coverage_report/main.go:79.3,88.60 6 0
github.com/fntelecomllc/studio/backend/cmd/test_coverage_report/main.go:88.60,90.4 1 0
github.com/fntelecomllc/studio/backend/cmd/test_coverage_report/main.go:90.9,92.4 1 0
github.com/fntelecomllc/studio/backend/cmd/test_coverage_report/main.go:95.2,95.26 1 0
github.com/fntelecomllc/studio/backend/cmd/test_coverage_report/main.go:98.69,107.40 3 0
github.com/fntelecomllc/studio/backend/cmd/test_coverage_report/main.go:107.40,109.3 1 0
github.com/fntelecomllc/studio/backend/cmd/test_coverage_report/main.go:110.2,113.42 2 0
github.com/fntelecomllc/studio/backend/cmd/test_coverage_report/main.go:113.42,114.22 1 0
github.com/fntelecomllc/studio/backend/cmd/test_coverage_report/main.go:114.22,116.4 1 0
github.com/fntelecomllc/studio/backend/cmd/test_coverage_report/main.go:118.2,121.43 2 0
github.com/fntelecomllc/studio/backend/cmd/test_coverage_report/main.go:121.43,122.43 1 0
github.com/fntelecomllc/studio/backend/cmd/test_coverage_report/main.go:122.43,123.42 1 0
github.com/fntelecomllc/studio/backend/cmd/test_coverage_report/main.go:123.42,125.5 1 0
github.com/fntelecomllc/studio/backend/cmd/test_coverage_report/main.go:129.2,129.15 1 0
github.com/fntelecomllc/studio/backend/cmd/test_coverage_report/main.go:132.42,136.60 3 0
github.com/fntelecomllc/studio/backend/cmd/test_coverage_report/main.go:136.60,138.3 1 0
github.com/fntelecomllc/studio/backend/cmd/test_coverage_report/main.go:140.2,141.49 2 0
github.com/fntelecomllc/studio/backend/cmd/test_coverage_report/main.go:141.49,143.3 1 0
github.com/fntelecomllc/studio/backend/cmd/test_coverage_report/main.go:146.2,147.16 2 0
github.com/fntelecomllc/studio/backend/cmd/test_coverage_report/main.go:147.16,149.3 1 0
github.com/fntelecomllc/studio/backend/cmd/test_coverage_report/main.go:151.2,151.77 1 0
github.com/fntelecomllc/studio/backend/cmd/test_coverage_report/main.go:151.77,153.3 1 0
github.com/fntelecomllc/studio/backend/cmd/test_coverage_report/main.go:154.2,154.66 1 0
github.com/fntelecomllc/studio/backend/cmd/test_coverage_report/main.go:157.54,160.60 2 0
github.com/fntelecomllc/studio/backend/cmd/test_coverage_report/main.go:160.60,161.23 1 0
github.com/fntelecomllc/studio/backend/cmd/test_coverage_report/main.go:161.23,163.4 1 0
github.com/fntelecomllc/studio/backend/cmd/test_coverage_report/main.go:166.2,166.33 1 0
github.com/fntelecomllc/studio/backend/cmd/test_coverage_report/main.go:166.33,168.46 2 0
github.com/fntelecomllc/studio/backend/cmd/test_coverage_report/main.go:168.46,170.4 1 0
github.com/fntelecomllc/studio/backend/cmd/test_coverage_report/main.go:171.3,171.86 1 0
github.com/fntelecomllc/studio/backend/cmd/test_coverage_report/main.go:172.8,174.3 1 0
github.com/fntelecomllc/studio/backend/cmd/schema_validator/main.go:14.13,21.16 4 0
github.com/fntelecomllc/studio/backend/cmd/schema_validator/main.go:21.16,22.56 1 0
github.com/fntelecomllc/studio/backend/cmd/schema_validator/main.go:22.56,24.4 1 0
github.com/fntelecomllc/studio/backend/cmd/schema_validator/main.go:24.9,26.4 1 0
github.com/fntelecomllc/studio/backend/cmd/schema_validator/main.go:30.2,32.16 3 0
github.com/fntelecomllc/studio/backend/cmd/schema_validator/main.go:32.16,34.3 1 0
github.com/fntelecomllc/studio/backend/cmd/schema_validator/main.go:35.2,49.16 9 0
github.com/fntelecomllc/studio/backend/cmd/schema_validator/main.go:49.16,51.3 1 0
github.com/fntelecomllc/studio/backend/cmd/schema_validator/main.go:53.2,53.77 1 0
github.com/fntelecomllc/studio/backend/cmd/schema_validator/schema_validator_wrapper.go:20.49,24.2 1 0
github.com/fntelecomllc/studio/backend/cmd/schema_validator/schema_validator_wrapper.go:27.64,33.16 4 0
github.com/fntelecomllc/studio/backend/cmd/schema_validator/schema_validator_wrapper.go:33.16,35.3 1 0
github.com/fntelecomllc/studio/backend/cmd/schema_validator/schema_validator_wrapper.go:38.2,43.16 4 0
github.com/fntelecomllc/studio/backend/cmd/schema_validator/schema_validator_wrapper.go:43.16,45.3 1 0
github.com/fntelecomllc/studio/backend/cmd/schema_validator/schema_validator_wrapper.go:49.2,50.46 2 0
github.com/fntelecomllc/studio/backend/cmd/schema_validator/schema_validator_wrapper.go:50.46,55.58 2 0
github.com/fntelecomllc/studio/backend/cmd/schema_validator/schema_validator_wrapper.go:55.58,57.4 1 0
github.com/fntelecomllc/studio/backend/cmd/schema_validator/schema_validator_wrapper.go:59.2,64.16 4 0
github.com/fntelecomllc/studio/backend/cmd/schema_validator/schema_validator_wrapper.go:64.16,66.3 1 0
github.com/fntelecomllc/studio/backend/cmd/schema_validator/schema_validator_wrapper.go:69.2,74.16 4 0
github.com/fntelecomllc/studio/backend/cmd/schema_validator/schema_validator_wrapper.go:74.16,76.3 1 0
github.com/fntelecomllc/studio/backend/cmd/schema_validator/schema_validator_wrapper.go:79.2,81.12 2 0
github.com/fntelecomllc/studio/backend/cmd/schema_validator/schema_validator_wrapper.go:85.59,107.2 3 0
github.com/fntelecomllc/studio/backend/cmd/schema_validator/schema_validator_wrapper.go:113.42,132.2 1 0
github.com/fntelecomllc/studio/backend/cmd/schema_validator/schema_validator_wrapper.go:135.79,140.35 3 0
github.com/fntelecomllc/studio/backend/cmd/schema_validator/schema_validator_wrapper.go:140.35,142.46 2 0
github.com/fntelecomllc/studio/backend/cmd/schema_validator/schema_validator_wrapper.go:142.46,144.4 1 0
github.com/fntelecomllc/studio/backend/cmd/schema_validator/schema_validator_wrapper.go:145.8,147.3 1 0
github.com/fntelecomllc/studio/backend/cmd/schema_validator/schema_validator_wrapper.go:150.2,150.35 1 0
github.com/fntelecomllc/studio/backend/cmd/schema_validator/schema_validator_wrapper.go:150.35,152.46 2 0
github.com/fntelecomllc/studio/backend/cmd/schema_validator/schema_validator_wrapper.go:152.46,154.4 1 0
github.com/fntelecomllc/studio/backend/cmd/schema_validator/schema_validator_wrapper.go:155.8,157.3 1 0
github.com/fntelecomllc/studio/backend/cmd/schema_validator/schema_validator_wrapper.go:160.2,161.57 2 0
github.com/fntelecomllc/studio/backend/cmd/schema_validator/schema_validator_wrapper.go:161.57,163.3 1 0
github.com/fntelecomllc/studio/backend/cmd/schema_validator/schema_validator_wrapper.go:165.2,165.25 1 0
github.com/fntelecomllc/studio/backend/cmd/schema_validator/schema_validator_wrapper.go:165.25,167.62 2 0
github.com/fntelecomllc/studio/backend/cmd/schema_validator/schema_validator_wrapper.go:167.62,169.4 1 0
github.com/fntelecomllc/studio/backend/cmd/schema_validator/schema_validator_wrapper.go:170.8,172.3 1 0
github.com/fntelecomllc/studio/backend/cmd/schema_validator/schema_validator_wrapper.go:175.2,175.94 1 0
github.com/fntelecomllc/studio/backend/cmd/schema_validator/schema_validator_wrapper.go:175.94,177.3 1 0
github.com/fntelecomllc/studio/backend/cmd/schema_validator/schema_validator_wrapper.go:177.8,180.3 2 0
github.com/fntelecomllc/studio/backend/cmd/schema_validator/schema_validator_wrapper.go:184.52,205.2 15 0
github.com/fntelecomllc/studio/backend/cmd/regression_tester/main.go:12.13,19.23 4 0
github.com/fntelecomllc/studio/backend/cmd/regression_tester/main.go:19.23,21.3 1 0
github.com/fntelecomllc/studio/backend/cmd/regression_tester/main.go:24.2,30.16 5 0
github.com/fntelecomllc/studio/backend/cmd/regression_tester/main.go:30.16,32.3 1 0
github.com/fntelecomllc/studio/backend/cmd/regression_tester/main.go:34.2,34.27 1 0
github.com/fntelecomllc/studio/backend/cmd/regression_tester/main.go:34.27,36.3 1 0
github.com/fntelecomllc/studio/backend/cmd/regression_tester/main.go:39.2,41.16 3 0
github.com/fntelecomllc/studio/backend/cmd/regression_tester/main.go:41.16,43.3 1 0
github.com/fntelecomllc/studio/backend/cmd/regression_tester/main.go:46.2,51.16 4 0
github.com/fntelecomllc/studio/backend/cmd/regression_tester/main.go:51.16,53.3 1 0
github.com/fntelecomllc/studio/backend/cmd/regression_tester/main.go:56.2,59.29 2 0
github.com/fntelecomllc/studio/backend/cmd/regression_tester/main.go:59.29,61.3 1 0
github.com/fntelecomllc/studio/backend/cmd/regression_tester/main.go:63.2,63.89 1 0
github.com/fntelecomllc/studio/backend/cmd/test_dashboard/main.go:256.13,259.63 2 0
github.com/fntelecomllc/studio/backend/cmd/test_dashboard/main.go:259.63,261.3 1 0
github.com/fntelecomllc/studio/backend/cmd/test_dashboard/main.go:264.2,265.16 2 0
github.com/fntelecomllc/studio/backend/cmd/test_dashboard/main.go:265.16,267.3 1 0
github.com/fntelecomllc/studio/backend/cmd/test_dashboard/main.go:270.2,271.62 2 0
github.com/fntelecomllc/studio/backend/cmd/test_dashboard/main.go:271.62,273.3 1 0
github.com/fntelecomllc/studio/backend/cmd/test_dashboard/main.go:276.2,276.28 1 0
github.com/fntelecomllc/studio/backend/cmd/test_dashboard/main.go:276.28,278.3 1 0
github.com/fntelecomllc/studio/backend/cmd/test_dashboard/main.go:281.2,281.31 1 0
github.com/fntelecomllc/studio/backend/cmd/test_dashboard/main.go:281.31,283.3 1 0
github.com/fntelecomllc/studio/backend/cmd/test_dashboard/main.go:286.2,290.46 4 0
github.com/fntelecomllc/studio/backend/cmd/test_dashboard/main.go:290.46,291.20 1 0
github.com/fntelecomllc/studio/backend/cmd/test_dashboard/main.go:291.20,293.4 1 0
github.com/fntelecomllc/studio/backend/cmd/test_dashboard/main.go:294.3,294.20 1 0
github.com/fntelecomllc/studio/backend/cmd/test_dashboard/main.go:294.20,296.4 1 0
github.com/fntelecomllc/studio/backend/cmd/test_dashboard/main.go:299.2,300.20 2 0
github.com/fntelecomllc/studio/backend/cmd/test_dashboard/main.go:300.20,302.3 1 0
github.com/fntelecomllc/studio/backend/cmd/test_dashboard/main.go:305.2,306.54 2 0
github.com/fntelecomllc/studio/backend/cmd/test_dashboard/main.go:306.54,307.23 1 0
github.com/fntelecomllc/studio/backend/cmd/test_dashboard/main.go:307.23,309.9 2 0
github.com/fntelecomllc/studio/backend/cmd/test_dashboard/main.go:314.2,315.42 2 0
github.com/fntelecomllc/studio/backend/cmd/test_dashboard/main.go:315.42,317.3 1 0
github.com/fntelecomllc/studio/backend/cmd/test_dashboard/main.go:318.2,322.33 3 0
github.com/fntelecomllc/studio/backend/cmd/test_dashboard/main.go:322.33,324.3 1 0
github.com/fntelecomllc/studio/backend/cmd/test_dashboard/main.go:325.2,325.33 1 0
github.com/fntelecomllc/studio/backend/cmd/test_dashboard/main.go:325.33,327.3 1 0
github.com/fntelecomllc/studio/backend/cmd/test_dashboard/main.go:330.2,342.16 3 0
github.com/fntelecomllc/studio/backend/cmd/test_dashboard/main.go:342.16,344.3 1 0
github.com/fntelecomllc/studio/backend/cmd/test_dashboard/main.go:347.2,348.53 2 0
github.com/fntelecomllc/studio/backend/cmd/test_dashboard/main.go:348.53,350.3 1 0
github.com/fntelecomllc/studio/backend/cmd/test_dashboard/main.go:353.2,358.16 4 0
github.com/fntelecomllc/studio/backend/cmd/test_dashboard/main.go:358.16,360.3 1 0
github.com/fntelecomllc/studio/backend/cmd/test_dashboard/main.go:361.2,364.49 2 0
github.com/fntelecomllc/studio/backend/cmd/test_dashboard/main.go:364.49,366.3 1 0
github.com/fntelecomllc/studio/backend/cmd/test_dashboard/main.go:369.2,371.59 3 0
github.com/fntelecomllc/studio/backend/cmd/test_dashboard/main.go:371.59,373.3 1 0
github.com/fntelecomllc/studio/backend/cmd/test_dashboard/main.go:375.2,376.63 2 0
github.com/fntelecomllc/studio/backend/internal/apicontracttester/api_contract_tester.go:53.62,60.2 1 0
github.com/fntelecomllc/studio/backend/internal/apicontracttester/api_contract_tester.go:63.62,85.37 4 0
github.com/fntelecomllc/studio/backend/internal/apicontracttester/api_contract_tester.go:85.37,97.17 4 0
github.com/fntelecomllc/studio/backend/internal/apicontracttester/api_contract_tester.go:97.17,104.12 7 0
github.com/fntelecomllc/studio/backend/internal/apicontracttester/api_contract_tester.go:108.3,111.51 3 0
github.com/fntelecomllc/studio/backend/internal/apicontracttester/api_contract_tester.go:111.51,113.4 1 0
github.com/fntelecomllc/studio/backend/internal/apicontracttester/api_contract_tester.go:116.3,122.17 6 0
github.com/fntelecomllc/studio/backend/internal/apicontracttester/api_contract_tester.go:122.17,129.12 7 0
github.com/fntelecomllc/studio/backend/internal/apicontracttester/api_contract_tester.go:131.3,135.45 3 0
github.com/fntelecomllc/studio/backend/internal/apicontracttester/api_contract_tester.go:135.45,139.4 3 0
github.com/fntelecomllc/studio/backend/internal/apicontracttester/api_contract_tester.go:142.3,143.17 2 0
github.com/fntelecomllc/studio/backend/internal/apicontracttester/api_contract_tester.go:143.17,147.4 3 0
github.com/fntelecomllc/studio/backend/internal/apicontracttester/api_contract_tester.go:150.3,150.42 1 0
github.com/fntelecomllc/studio/backend/internal/apicontracttester/api_contract_tester.go:150.42,152.58 2 0
github.com/fntelecomllc/studio/backend/internal/apicontracttester/api_contract_tester.go:152.58,156.5 3 0
github.com/fntelecomllc/studio/backend/internal/apicontracttester/api_contract_tester.go:160.3,160.25 1 0
github.com/fntelecomllc/studio/backend/internal/apicontracttester/api_contract_tester.go:160.25,162.4 1 0
github.com/fntelecomllc/studio/backend/internal/apicontracttester/api_contract_tester.go:162.9,164.4 1 0
github.com/fntelecomllc/studio/backend/internal/apicontracttester/api_contract_tester.go:165.3,166.56 2 0
github.com/fntelecomllc/studio/backend/internal/apicontracttester/api_contract_tester.go:170.2,170.28 1 0
github.com/fntelecomllc/studio/backend/internal/apicontracttester/api_contract_tester.go:170.28,172.3 1 0
github.com/fntelecomllc/studio/backend/internal/apicontracttester/api_contract_tester.go:174.2,174.21 1 0
github.com/fntelecomllc/studio/backend/internal/apicontracttester/api_contract_tester.go:178.73,188.21 6 0
github.com/fntelecomllc/studio/backend/internal/apicontracttester/api_contract_tester.go:188.21,190.3 1 0
github.com/fntelecomllc/studio/backend/internal/apicontracttester/api_contract_tester.go:190.8,192.3 1 0
github.com/fntelecomllc/studio/backend/internal/apicontracttester/api_contract_tester.go:193.2,199.33 5 0
github.com/fntelecomllc/studio/backend/internal/apicontracttester/api_contract_tester.go:199.33,201.42 2 0
github.com/fntelecomllc/studio/backend/internal/apicontracttester/api_contract_tester.go:201.42,203.4 1 0
github.com/fntelecomllc/studio/backend/internal/apicontracttester/api_contract_tester.go:204.3,204.27 1 0
github.com/fntelecomllc/studio/backend/internal/apicontracttester/api_contract_tester.go:208.2,211.41 4 0
github.com/fntelecomllc/studio/backend/internal/apicontracttester/api_contract_tester.go:211.41,213.22 2 0
github.com/fntelecomllc/studio/backend/internal/apicontracttester/api_contract_tester.go:213.22,215.4 1 0
github.com/fntelecomllc/studio/backend/internal/apicontracttester/api_contract_tester.go:216.3,223.5 1 0
github.com/fntelecomllc/studio/backend/internal/apicontracttester/api_contract_tester.go:225.2,229.41 3 0
github.com/fntelecomllc/studio/backend/internal/apicontracttester/api_contract_tester.go:229.41,230.22 1 0
github.com/fntelecomllc/studio/backend/internal/apicontracttester/api_contract_tester.go:230.22,232.4 1 0
github.com/fntelecomllc/studio/backend/internal/apicontracttester/api_contract_tester.go:235.2,235.26 1 0
github.com/fntelecomllc/studio/backend/internal/apicontracttester/api_contract_tester.go:235.26,237.38 2 0
github.com/fntelecomllc/studio/backend/internal/apicontracttester/api_contract_tester.go:237.38,242.4 4 0
github.com/fntelecomllc/studio/backend/internal/apicontracttester/api_contract_tester.go:246.2,256.24 10 0
github.com/fntelecomllc/studio/backend/internal/apicontracttester/api_contract_tester.go:260.64,264.21 3 0
github.com/fntelecomllc/studio/backend/internal/apicontracttester/api_contract_tester.go:264.21,266.3 1 0
github.com/fntelecomllc/studio/backend/internal/apicontracttester/api_contract_tester.go:266.8,268.3 1 0
github.com/fntelecomllc/studio/backend/internal/apicontracttester/api_contract_tester.go:270.2,275.33 5 0
github.com/fntelecomllc/studio/backend/internal/apicontracttester/api_contract_tester.go:275.33,277.42 2 0
github.com/fntelecomllc/studio/backend/internal/apicontracttester/api_contract_tester.go:277.42,279.4 1 0
github.com/fntelecomllc/studio/backend/internal/apicontracttester/api_contract_tester.go:282.2,282.22 1 0
github.com/fntelecomllc/studio/backend/internal/apicontracttester/api_contract_tester.go:282.22,284.42 2 0
github.com/fntelecomllc/studio/backend/internal/apicontracttester/api_contract_tester.go:284.42,285.23 1 0
github.com/fntelecomllc/studio/backend/internal/apicontracttester/api_contract_tester.go:285.23,287.5 1 0
github.com/fntelecomllc/studio/backend/internal/apicontracttester/api_contract_tester.go:291.2,291.109 1 0
github.com/fntelecomllc/studio/backend/internal/api/api_utils.go:34.72,37.2 2 0
github.com/fntelecomllc/studio/backend/internal/api/api_utils.go:41.76,43.16 2 0
github.com/fntelecomllc/studio/backend/internal/api/api_utils.go:43.16,47.3 3 0
github.com/fntelecomllc/studio/backend/internal/api/api_utils.go:48.2,51.16 4 0
github.com/fntelecomllc/studio/backend/internal/api/api_utils.go:51.16,53.3 1 0
github.com/fntelecomllc/studio/backend/internal/api/auth_handlers.go:27.127,33.2 1 0
github.com/fntelecomllc/studio/backend/internal/api/auth_handlers.go:36.45,39.47 3 0
github.com/fntelecomllc/studio/backend/internal/api/auth_handlers.go:39.47,46.3 3 0
github.com/fntelecomllc/studio/backend/internal/api/auth_handlers.go:47.2,56.16 6 0
github.com/fntelecomllc/studio/backend/internal/api/auth_handlers.go:56.16,59.22 2 0
github.com/fntelecomllc/studio/backend/internal/api/auth_handlers.go:60.25,65.6 1 0
github.com/fntelecomllc/studio/backend/internal/api/auth_handlers.go:66.27,71.6 1 0
github.com/fntelecomllc/studio/backend/internal/api/auth_handlers.go:72.25,77.6 1 0
github.com/fntelecomllc/studio/backend/internal/api/auth_handlers.go:78.27,83.6 1 0
github.com/fntelecomllc/studio/backend/internal/api/auth_handlers.go:84.11,89.6 1 0
github.com/fntelecomllc/studio/backend/internal/api/auth_handlers.go:91.3,91.9 1 0
github.com/fntelecomllc/studio/backend/internal/api/auth_handlers.go:95.2,97.16 3 0
github.com/fntelecomllc/studio/backend/internal/api/auth_handlers.go:97.16,105.3 3 0
github.com/fntelecomllc/studio/backend/internal/api/auth_handlers.go:106.2,132.4 6 0
github.com/fntelecomllc/studio/backend/internal/api/auth_handlers.go:136.46,139.16 2 0
github.com/fntelecomllc/studio/backend/internal/api/auth_handlers.go:139.16,142.17 2 0
github.com/fntelecomllc/studio/backend/internal/api/auth_handlers.go:142.17,150.4 3 0
github.com/fntelecomllc/studio/backend/internal/api/auth_handlers.go:154.2,154.70 1 0
github.com/fntelecomllc/studio/backend/internal/api/auth_handlers.go:154.70,162.3 3 0
github.com/fntelecomllc/studio/backend/internal/api/auth_handlers.go:165.2,170.4 2 0
github.com/fntelecomllc/studio/backend/internal/api/auth_handlers.go:174.42,177.13 2 0
github.com/fntelecomllc/studio/backend/internal/api/auth_handlers.go:177.13,182.3 2 0
github.com/fntelecomllc/studio/backend/internal/api/auth_handlers.go:184.2,197.16 5 0
github.com/fntelecomllc/studio/backend/internal/api/auth_handlers.go:197.16,198.27 1 0
github.com/fntelecomllc/studio/backend/internal/api/auth_handlers.go:198.27,203.4 2 0
github.com/fntelecomllc/studio/backend/internal/api/auth_handlers.go:204.3,207.9 2 0
github.com/fntelecomllc/studio/backend/internal/api/auth_handlers.go:212.2,220.16 4 0
github.com/fntelecomllc/studio/backend/internal/api/auth_handlers.go:220.16,225.3 2 0
github.com/fntelecomllc/studio/backend/internal/api/auth_handlers.go:228.2,237.16 4 0
github.com/fntelecomllc/studio/backend/internal/api/auth_handlers.go:237.16,242.3 2 0
github.com/fntelecomllc/studio/backend/internal/api/auth_handlers.go:245.2,246.37 2 0
github.com/fntelecomllc/studio/backend/internal/api/auth_handlers.go:246.37,248.3 1 0
github.com/fntelecomllc/studio/backend/internal/api/auth_handlers.go:250.2,251.43 2 0
github.com/fntelecomllc/studio/backend/internal/api/auth_handlers.go:251.43,253.3 1 0
github.com/fntelecomllc/studio/backend/internal/api/auth_handlers.go:256.2,260.42 3 0
github.com/fntelecomllc/studio/backend/internal/api/auth_handlers.go:264.54,266.47 2 0
github.com/fntelecomllc/studio/backend/internal/api/auth_handlers.go:266.47,272.3 2 0
github.com/fntelecomllc/studio/backend/internal/api/auth_handlers.go:275.2,279.4 1 0
github.com/fntelecomllc/studio/backend/internal/api/auth_handlers.go:284.54,287.16 2 0
github.com/fntelecomllc/studio/backend/internal/api/auth_handlers.go:287.16,290.17 2 0
github.com/fntelecomllc/studio/backend/internal/api/auth_handlers.go:290.17,297.4 2 0
github.com/fntelecomllc/studio/backend/internal/api/auth_handlers.go:301.2,305.16 3 0
github.com/fntelecomllc/studio/backend/internal/api/auth_handlers.go:305.16,309.14 2 0
github.com/fntelecomllc/studio/backend/internal/api/auth_handlers.go:310.64,315.6 1 0
github.com/fntelecomllc/studio/backend/internal/api/auth_handlers.go:316.11,321.6 1 0
github.com/fntelecomllc/studio/backend/internal/api/auth_handlers.go:323.3,323.9 1 0
github.com/fntelecomllc/studio/backend/internal/api/auth_handlers.go:327.2,328.77 2 0
github.com/fntelecomllc/studio/backend/internal/api/auth_handlers.go:328.77,335.3 2 0
github.com/fntelecomllc/studio/backend/internal/api/auth_handlers.go:338.2,351.4 2 0
github.com/fntelecomllc/studio/backend/internal/api/auth_handlers.go:357.97,370.16 4 0
github.com/fntelecomllc/studio/backend/internal/api/auth_handlers.go:370.16,371.27 1 0
github.com/fntelecomllc/studio/backend/internal/api/auth_handlers.go:371.27,375.4 2 0
github.com/fntelecomllc/studio/backend/internal/api/auth_handlers.go:376.3,376.52 1 0
github.com/fntelecomllc/studio/backend/internal/api/auth_handlers.go:380.2,380.86 1 0
github.com/fntelecomllc/studio/backend/internal/api/auth_handlers.go:380.86,383.3 2 0
github.com/fntelecomllc/studio/backend/internal/api/auth_handlers.go:386.2,386.20 1 0
github.com/fntelecomllc/studio/backend/internal/api/auth_handlers.go:386.20,389.3 2 0
github.com/fntelecomllc/studio/backend/internal/api/auth_handlers.go:392.2,395.16 4 0
github.com/fntelecomllc/studio/backend/internal/api/auth_handlers.go:395.16,397.3 1 0
github.com/fntelecomllc/studio/backend/internal/api/auth_handlers.go:399.2,399.20 1 0
github.com/fntelecomllc/studio/backend/internal/api/auth_handlers.go:399.20,403.3 2 0
github.com/fntelecomllc/studio/backend/internal/api/auth_handlers.go:406.2,409.85 2 0
github.com/fntelecomllc/studio/backend/internal/api/auth_handlers.go:409.85,412.3 2 0
github.com/fntelecomllc/studio/backend/internal/api/auth_handlers.go:414.2,414.19 1 0
github.com/fntelecomllc/studio/backend/internal/api/auth_handlers.go:418.83,437.16 5 0
github.com/fntelecomllc/studio/backend/internal/api/auth_handlers.go:437.16,440.3 1 0
github.com/fntelecomllc/studio/backend/internal/api/auth_handlers.go:442.2,442.69 1 0
github.com/fntelecomllc/studio/backend/internal/api/auth_handlers.go:446.61,454.16 3 0
github.com/fntelecomllc/studio/backend/internal/api/auth_handlers.go:454.16,456.3 1 0
github.com/fntelecomllc/studio/backend/internal/api/auth_handlers.go:460.55,470.16 3 0
github.com/fntelecomllc/studio/backend/internal/api/auth_handlers.go:470.16,472.3 1 0
github.com/fntelecomllc/studio/backend/internal/api/auth_handlers.go:476.75,485.16 3 0
github.com/fntelecomllc/studio/backend/internal/api/auth_handlers.go:485.16,487.3 1 0
github.com/fntelecomllc/studio/backend/internal/api/auth_handlers.go:490.2,490.53 1 0
github.com/fntelecomllc/studio/backend/internal/api/auth_handlers.go:494.75,496.18 2 0
github.com/fntelecomllc/studio/backend/internal/api/auth_handlers.go:496.18,497.52 1 0
github.com/fntelecomllc/studio/backend/internal/api/auth_handlers.go:497.52,499.4 1 0
github.com/fntelecomllc/studio/backend/internal/api/auth_handlers.go:502.2,509.16 4 0
github.com/fntelecomllc/studio/backend/internal/api/auth_handlers.go:509.16,511.3 1 0
github.com/fntelecomllc/studio/backend/internal/api/auth_handlers.go:515.71,517.16 2 0
github.com/fntelecomllc/studio/backend/internal/api/auth_handlers.go:517.16,520.3 2 0
github.com/fntelecomllc/studio/backend/internal/api/auth_handlers.go:522.2,529.16 4 0
github.com/fntelecomllc/studio/backend/internal/api/auth_handlers.go:529.16,531.3 1 0
github.com/fntelecomllc/studio/backend/internal/api/auth_handlers.go:536.41,539.21 2 0
github.com/fntelecomllc/studio/backend/internal/api/auth_handlers.go:539.21,543.3 2 0
github.com/fntelecomllc/studio/backend/internal/api/auth_handlers.go:546.2,547.18 2 0
github.com/fntelecomllc/studio/backend/internal/api/auth_handlers.go:547.18,549.3 1 0
github.com/fntelecomllc/studio/backend/internal/api/auth_handlers.go:552.2,552.21 1 0
github.com/fntelecomllc/studio/backend/internal/api/auth_handlers.go:556.59,571.2 3 0
github.com/fntelecomllc/studio/backend/internal/api/campaign_orchestrator_handlers.go:28.122,30.2 1 0
github.com/fntelecomllc/studio/backend/internal/api/campaign_orchestrator_handlers.go:34.145,62.2 16 0
github.com/fntelecomllc/studio/backend/internal/api/campaign_orchestrator_handlers.go:66.89,68.47 2 0
github.com/fntelecomllc/studio/backend/internal/api/campaign_orchestrator_handlers.go:68.47,78.3 4 0
github.com/fntelecomllc/studio/backend/internal/api/campaign_orchestrator_handlers.go:81.2,81.21 1 0
github.com/fntelecomllc/studio/backend/internal/api/campaign_orchestrator_handlers.go:81.21,82.46 1 0
github.com/fntelecomllc/studio/backend/internal/api/campaign_orchestrator_handlers.go:82.46,92.4 4 0
github.com/fntelecomllc/studio/backend/internal/api/campaign_orchestrator_handlers.go:95.2,96.16 2 0
github.com/fntelecomllc/studio/backend/internal/api/campaign_orchestrator_handlers.go:96.16,110.3 3 0
github.com/fntelecomllc/studio/backend/internal/api/campaign_orchestrator_handlers.go:111.2,111.53 1 0
github.com/fntelecomllc/studio/backend/internal/api/campaign_orchestrator_handlers.go:114.86,116.47 2 0
github.com/fntelecomllc/studio/backend/internal/api/campaign_orchestrator_handlers.go:116.47,119.3 2 0
github.com/fntelecomllc/studio/backend/internal/api/campaign_orchestrator_handlers.go:129.2,130.16 2 0
github.com/fntelecomllc/studio/backend/internal/api/campaign_orchestrator_handlers.go:130.16,134.3 3 0
github.com/fntelecomllc/studio/backend/internal/api/campaign_orchestrator_handlers.go:135.2,135.53 1 0
github.com/fntelecomllc/studio/backend/internal/api/campaign_orchestrator_handlers.go:138.84,140.47 2 0
github.com/fntelecomllc/studio/backend/internal/api/campaign_orchestrator_handlers.go:140.47,143.3 2 0
github.com/fntelecomllc/studio/backend/internal/api/campaign_orchestrator_handlers.go:153.2,154.16 2 0
github.com/fntelecomllc/studio/backend/internal/api/campaign_orchestrator_handlers.go:154.16,158.3 3 0
github.com/fntelecomllc/studio/backend/internal/api/campaign_orchestrator_handlers.go:159.2,159.53 1 0
github.com/fntelecomllc/studio/backend/internal/api/campaign_orchestrator_handlers.go:164.72,167.44 2 0
github.com/fntelecomllc/studio/backend/internal/api/campaign_orchestrator_handlers.go:167.44,177.3 2 0
github.com/fntelecomllc/studio/backend/internal/api/campaign_orchestrator_handlers.go:179.2,180.30 2 0
github.com/fntelecomllc/studio/backend/internal/api/campaign_orchestrator_handlers.go:180.30,190.3 2 0
github.com/fntelecomllc/studio/backend/internal/api/campaign_orchestrator_handlers.go:192.2,203.16 5 0
github.com/fntelecomllc/studio/backend/internal/api/campaign_orchestrator_handlers.go:203.16,208.3 3 0
github.com/fntelecomllc/studio/backend/internal/api/campaign_orchestrator_handlers.go:211.2,221.33 4 0
github.com/fntelecomllc/studio/backend/internal/api/campaign_orchestrator_handlers.go:224.77,227.16 3 0
github.com/fntelecomllc/studio/backend/internal/api/campaign_orchestrator_handlers.go:227.16,230.3 2 0
github.com/fntelecomllc/studio/backend/internal/api/campaign_orchestrator_handlers.go:232.2,233.16 2 0
github.com/fntelecomllc/studio/backend/internal/api/campaign_orchestrator_handlers.go:233.16,238.40 1 0
github.com/fntelecomllc/studio/backend/internal/api/campaign_orchestrator_handlers.go:238.40,240.4 1 0
github.com/fntelecomllc/studio/backend/internal/api/campaign_orchestrator_handlers.go:240.9,243.4 2 0
github.com/fntelecomllc/studio/backend/internal/api/campaign_orchestrator_handlers.go:244.3,244.9 1 0
github.com/fntelecomllc/studio/backend/internal/api/campaign_orchestrator_handlers.go:248.2,256.44 3 0
github.com/fntelecomllc/studio/backend/internal/api/campaign_orchestrator_handlers.go:259.76,262.16 3 0
github.com/fntelecomllc/studio/backend/internal/api/campaign_orchestrator_handlers.go:262.16,265.3 2 0
github.com/fntelecomllc/studio/backend/internal/api/campaign_orchestrator_handlers.go:267.2,268.16 2 0
github.com/fntelecomllc/studio/backend/internal/api/campaign_orchestrator_handlers.go:268.16,270.40 1 0
github.com/fntelecomllc/studio/backend/internal/api/campaign_orchestrator_handlers.go:270.40,272.4 1 0
github.com/fntelecomllc/studio/backend/internal/api/campaign_orchestrator_handlers.go:272.9,275.4 2 0
github.com/fntelecomllc/studio/backend/internal/api/campaign_orchestrator_handlers.go:276.3,276.9 1 0
github.com/fntelecomllc/studio/backend/internal/api/campaign_orchestrator_handlers.go:278.2,278.95 1 0
github.com/fntelecomllc/studio/backend/internal/api/campaign_orchestrator_handlers.go:283.72,286.16 3 0
github.com/fntelecomllc/studio/backend/internal/api/campaign_orchestrator_handlers.go:286.16,296.3 2 0
github.com/fntelecomllc/studio/backend/internal/api/campaign_orchestrator_handlers.go:298.2,298.93 1 0
github.com/fntelecomllc/studio/backend/internal/api/campaign_orchestrator_handlers.go:298.93,303.40 2 0
github.com/fntelecomllc/studio/backend/internal/api/campaign_orchestrator_handlers.go:303.40,306.4 1 0
github.com/fntelecomllc/studio/backend/internal/api/campaign_orchestrator_handlers.go:306.9,306.98 1 0
github.com/fntelecomllc/studio/backend/internal/api/campaign_orchestrator_handlers.go:306.98,317.4 1 0
github.com/fntelecomllc/studio/backend/internal/api/campaign_orchestrator_handlers.go:317.9,320.4 1 0
github.com/fntelecomllc/studio/backend/internal/api/campaign_orchestrator_handlers.go:321.3,321.9 1 0
github.com/fntelecomllc/studio/backend/internal/api/campaign_orchestrator_handlers.go:324.2,327.4 1 0
github.com/fntelecomllc/studio/backend/internal/api/campaign_orchestrator_handlers.go:330.72,333.16 3 0
github.com/fntelecomllc/studio/backend/internal/api/campaign_orchestrator_handlers.go:333.16,336.3 2 0
github.com/fntelecomllc/studio/backend/internal/api/campaign_orchestrator_handlers.go:338.2,338.93 1 0
github.com/fntelecomllc/studio/backend/internal/api/campaign_orchestrator_handlers.go:338.93,342.3 3 0
github.com/fntelecomllc/studio/backend/internal/api/campaign_orchestrator_handlers.go:343.2,343.84 1 0
github.com/fntelecomllc/studio/backend/internal/api/campaign_orchestrator_handlers.go:346.73,349.16 3 0
github.com/fntelecomllc/studio/backend/internal/api/campaign_orchestrator_handlers.go:349.16,352.3 2 0
github.com/fntelecomllc/studio/backend/internal/api/campaign_orchestrator_handlers.go:354.2,354.94 1 0
github.com/fntelecomllc/studio/backend/internal/api/campaign_orchestrator_handlers.go:354.94,358.3 3 0
github.com/fntelecomllc/studio/backend/internal/api/campaign_orchestrator_handlers.go:359.2,359.86 1 0
github.com/fntelecomllc/studio/backend/internal/api/campaign_orchestrator_handlers.go:362.73,365.16 3 0
github.com/fntelecomllc/studio/backend/internal/api/campaign_orchestrator_handlers.go:365.16,368.3 2 0
github.com/fntelecomllc/studio/backend/internal/api/campaign_orchestrator_handlers.go:370.2,370.94 1 0
github.com/fntelecomllc/studio/backend/internal/api/campaign_orchestrator_handlers.go:370.94,374.3 3 0
github.com/fntelecomllc/studio/backend/internal/api/campaign_orchestrator_handlers.go:375.2,375.91 1 0
github.com/fntelecomllc/studio/backend/internal/api/campaign_orchestrator_handlers.go:378.73,381.16 3 0
github.com/fntelecomllc/studio/backend/internal/api/campaign_orchestrator_handlers.go:381.16,384.3 2 0
github.com/fntelecomllc/studio/backend/internal/api/campaign_orchestrator_handlers.go:386.2,387.47 2 0
github.com/fntelecomllc/studio/backend/internal/api/campaign_orchestrator_handlers.go:387.47,390.3 2 0
github.com/fntelecomllc/studio/backend/internal/api/campaign_orchestrator_handlers.go:392.2,393.16 2 0
github.com/fntelecomllc/studio/backend/internal/api/campaign_orchestrator_handlers.go:393.16,397.3 3 0
github.com/fntelecomllc/studio/backend/internal/api/campaign_orchestrator_handlers.go:398.2,398.48 1 0
github.com/fntelecomllc/studio/backend/internal/api/campaign_orchestrator_handlers.go:401.73,404.16 3 0
github.com/fntelecomllc/studio/backend/internal/api/campaign_orchestrator_handlers.go:404.16,407.3 2 0
github.com/fntelecomllc/studio/backend/internal/api/campaign_orchestrator_handlers.go:409.2,409.94 1 0
github.com/fntelecomllc/studio/backend/internal/api/campaign_orchestrator_handlers.go:409.94,413.3 3 0
github.com/fntelecomllc/studio/backend/internal/api/campaign_orchestrator_handlers.go:414.2,414.89 1 0
github.com/fntelecomllc/studio/backend/internal/api/campaign_orchestrator_handlers.go:417.78,420.16 3 0
github.com/fntelecomllc/studio/backend/internal/api/campaign_orchestrator_handlers.go:420.16,423.3 2 0
github.com/fntelecomllc/studio/backend/internal/api/campaign_orchestrator_handlers.go:425.2,429.16 4 0
github.com/fntelecomllc/studio/backend/internal/api/campaign_orchestrator_handlers.go:429.16,433.3 3 0
github.com/fntelecomllc/studio/backend/internal/api/campaign_orchestrator_handlers.go:434.2,434.44 1 0
github.com/fntelecomllc/studio/backend/internal/api/campaign_orchestrator_handlers.go:437.82,440.16 3 0
github.com/fntelecomllc/studio/backend/internal/api/campaign_orchestrator_handlers.go:440.16,443.3 2 0
github.com/fntelecomllc/studio/backend/internal/api/campaign_orchestrator_handlers.go:445.2,454.16 6 0
github.com/fntelecomllc/studio/backend/internal/api/campaign_orchestrator_handlers.go:454.16,458.3 3 0
github.com/fntelecomllc/studio/backend/internal/api/campaign_orchestrator_handlers.go:459.2,459.44 1 0
github.com/fntelecomllc/studio/backend/internal/api/campaign_orchestrator_handlers.go:462.80,465.16 3 0
github.com/fntelecomllc/studio/backend/internal/api/campaign_orchestrator_handlers.go:465.16,468.3 2 0
github.com/fntelecomllc/studio/backend/internal/api/campaign_orchestrator_handlers.go:470.2,475.26 6 0
github.com/fntelecomllc/studio/backend/internal/api/campaign_orchestrator_handlers.go:475.26,477.17 2 0
github.com/fntelecomllc/studio/backend/internal/api/campaign_orchestrator_handlers.go:477.17,479.4 1 0
github.com/fntelecomllc/studio/backend/internal/api/campaign_orchestrator_handlers.go:482.2,488.16 3 0
github.com/fntelecomllc/studio/backend/internal/api/campaign_orchestrator_handlers.go:488.16,492.3 3 0
github.com/fntelecomllc/studio/backend/internal/api/campaign_orchestrator_handlers.go:493.2,493.44 1 0
github.com/fntelecomllc/studio/backend/internal/api/handler_base.go:40.15,52.2 1 0
github.com/fntelecomllc/studio/backend/internal/api/handler_utils_gin.go:21.62,23.20 2 0
github.com/fntelecomllc/studio/backend/internal/api/handler_utils_gin.go:23.20,25.3 1 0
github.com/fntelecomllc/studio/backend/internal/api/handler_utils_gin.go:28.2,29.16 2 0
github.com/fntelecomllc/studio/backend/internal/api/handler_utils_gin.go:29.16,30.31 1 0
github.com/fntelecomllc/studio/backend/internal/api/handler_utils_gin.go:30.31,32.4 1 0
github.com/fntelecomllc/studio/backend/internal/api/handler_utils_gin.go:33.3,34.21 2 0
github.com/fntelecomllc/studio/backend/internal/api/handler_utils_gin.go:34.21,36.4 1 0
github.com/fntelecomllc/studio/backend/internal/api/handler_utils_gin.go:38.3,38.14 1 0
github.com/fntelecomllc/studio/backend/internal/api/handler_utils_gin.go:43.2,44.19 2 0
github.com/fntelecomllc/studio/backend/internal/api/handler_utils_gin.go:44.19,46.37 1 0
github.com/fntelecomllc/studio/backend/internal/api/handler_utils_gin.go:46.37,50.4 1 0
github.com/fntelecomllc/studio/backend/internal/api/handler_utils_gin.go:52.2,52.14 1 0
github.com/fntelecomllc/studio/backend/internal/api/handler_utils_gin.go:55.13,58.103 2 1
github.com/fntelecomllc/studio/backend/internal/api/handler_utils_gin.go:58.103,60.3 1 0
github.com/fntelecomllc/studio/backend/internal/api/handler_utils_gin.go:61.2,61.77 1 1
github.com/fntelecomllc/studio/backend/internal/api/handler_utils_gin.go:65.42,68.21 2 0
github.com/fntelecomllc/studio/backend/internal/api/handler_utils_gin.go:68.21,70.3 1 0
github.com/fntelecomllc/studio/backend/internal/api/handler_utils_gin.go:73.2,73.47 1 0
github.com/fntelecomllc/studio/backend/internal/api/handler_utils_gin.go:73.47,74.35 1 0
github.com/fntelecomllc/studio/backend/internal/api/handler_utils_gin.go:74.35,76.4 1 0
github.com/fntelecomllc/studio/backend/internal/api/handler_utils_gin.go:80.2,80.28 1 0
github.com/fntelecomllc/studio/backend/internal/api/handler_utils_gin.go:84.68,93.2 5 0
github.com/fntelecomllc/studio/backend/internal/api/handler_utils_gin.go:96.120,115.2 4 0
github.com/fntelecomllc/studio/backend/internal/api/handler_utils_gin.go:118.74,122.2 3 0
github.com/fntelecomllc/studio/backend/internal/api/handler_utils_gin.go:125.72,126.52 1 0
github.com/fntelecomllc/studio/backend/internal/api/handler_utils_gin.go:126.52,129.3 2 0
github.com/fntelecomllc/studio/backend/internal/api/handler_utils_gin.go:131.2,135.60 3 0
github.com/fntelecomllc/studio/backend/internal/api/handler_utils_gin.go:135.60,136.73 1 0
github.com/fntelecomllc/studio/backend/internal/api/handler_utils_gin.go:136.73,137.62 1 0
github.com/fntelecomllc/studio/backend/internal/api/handler_utils_gin.go:137.62,149.5 4 0
github.com/fntelecomllc/studio/backend/internal/api/handler_utils_gin.go:153.2,153.24 1 0
github.com/fntelecomllc/studio/backend/internal/api/handler_utils_gin.go:157.85,158.9 1 0
github.com/fntelecomllc/studio/backend/internal/api/handler_utils_gin.go:159.32,161.9 2 0
github.com/fntelecomllc/studio/backend/internal/api/handler_utils_gin.go:162.10,162.10 0 0
github.com/fntelecomllc/studio/backend/internal/api/handler_utils_gin.go:165.2,175.20 4 0
github.com/fntelecomllc/studio/backend/internal/api/handler_utils_gin.go:175.20,177.3 1 0
github.com/fntelecomllc/studio/backend/internal/api/handler_utils_gin.go:181.50,182.16 1 0
github.com/fntelecomllc/studio/backend/internal/api/handler_utils_gin.go:183.29,184.29 1 0
github.com/fntelecomllc/studio/backend/internal/api/handler_utils_gin.go:185.31,186.31 1 0
github.com/fntelecomllc/studio/backend/internal/api/handler_utils_gin.go:187.28,188.28 1 0
github.com/fntelecomllc/studio/backend/internal/api/handler_utils_gin.go:189.27,190.27 1 0
github.com/fntelecomllc/studio/backend/internal/api/handler_utils_gin.go:191.27,192.27 1 0
github.com/fntelecomllc/studio/backend/internal/api/handler_utils_gin.go:193.33,194.33 1 0
github.com/fntelecomllc/studio/backend/internal/api/handler_utils_gin.go:195.34,196.36 1 0
github.com/fntelecomllc/studio/backend/internal/api/handler_utils_gin.go:197.38,198.33 1 0
github.com/fntelecomllc/studio/backend/internal/api/handler_utils_gin.go:199.37,200.37 1 0
github.com/fntelecomllc/studio/backend/internal/api/handler_utils_gin.go:201.33,202.33 1 0
github.com/fntelecomllc/studio/backend/internal/api/handler_utils_gin.go:203.10,204.36 1 0
github.com/fntelecomllc/studio/backend/internal/api/handler_utils_gin.go:204.36,206.4 1 0
github.com/fntelecomllc/studio/backend/internal/api/handler_utils_gin.go:207.3,207.33 1 0
github.com/fntelecomllc/studio/backend/internal/api/health_check_handler.go:54.60,58.2 1 1
github.com/fntelecomllc/studio/backend/internal/api/health_check_handler.go:61.64,80.52 4 1
github.com/fntelecomllc/studio/backend/internal/api/health_check_handler.go:80.52,81.37 1 1
github.com/fntelecomllc/studio/backend/internal/api/health_check_handler.go:81.37,83.9 2 1
github.com/fntelecomllc/studio/backend/internal/api/health_check_handler.go:87.2,87.31 1 1
github.com/fntelecomllc/studio/backend/internal/api/health_check_handler.go:91.67,95.29 2 1
github.com/fntelecomllc/studio/backend/internal/api/health_check_handler.go:95.29,102.3 2 1
github.com/fntelecomllc/studio/backend/internal/api/health_check_handler.go:104.2,106.4 1 1
github.com/fntelecomllc/studio/backend/internal/api/health_check_handler.go:110.66,115.2 1 1
github.com/fntelecomllc/studio/backend/internal/api/health_check_handler.go:118.59,127.46 4 1
github.com/fntelecomllc/studio/backend/internal/api/health_check_handler.go:127.46,130.3 2 1
github.com/fntelecomllc/studio/backend/internal/api/health_check_handler.go:132.2,132.15 1 1
github.com/fntelecomllc/studio/backend/internal/api/health_check_handler.go:136.81,140.2 3 1
github.com/fntelecomllc/studio/backend/internal/api/keyword_extraction_handlers.go:22.62,24.47 2 0
github.com/fntelecomllc/studio/backend/internal/api/keyword_extraction_handlers.go:24.47,27.3 2 0
github.com/fntelecomllc/studio/backend/internal/api/keyword_extraction_handlers.go:29.2,29.45 1 0
github.com/fntelecomllc/studio/backend/internal/api/keyword_extraction_handlers.go:29.45,32.3 2 0
github.com/fntelecomllc/studio/backend/internal/api/keyword_extraction_handlers.go:34.2,34.25 1 0
github.com/fntelecomllc/studio/backend/internal/api/keyword_extraction_handlers.go:34.25,37.3 2 0
github.com/fntelecomllc/studio/backend/internal/api/keyword_extraction_handlers.go:39.2,46.22 6 0
github.com/fntelecomllc/studio/backend/internal/api/keyword_extraction_handlers.go:46.22,48.3 1 0
github.com/fntelecomllc/studio/backend/internal/api/keyword_extraction_handlers.go:49.2,51.23 3 0
github.com/fntelecomllc/studio/backend/internal/api/keyword_extraction_handlers.go:51.23,53.3 1 0
github.com/fntelecomllc/studio/backend/internal/api/keyword_extraction_handlers.go:55.2,58.33 3 0
github.com/fntelecomllc/studio/backend/internal/api/keyword_extraction_handlers.go:58.33,59.10 1 0
github.com/fntelecomllc/studio/backend/internal/api/keyword_extraction_handlers.go:60.21,62.40 2 0
github.com/fntelecomllc/studio/backend/internal/api/keyword_extraction_handlers.go:62.40,68.5 1 0
github.com/fntelecomllc/studio/backend/internal/api/keyword_extraction_handlers.go:69.4,69.24 1 0
github.com/fntelecomllc/studio/backend/internal/api/keyword_extraction_handlers.go:70.11,70.11 0 0
github.com/fntelecomllc/studio/backend/internal/api/keyword_extraction_handlers.go:73.3,75.62 3 0
github.com/fntelecomllc/studio/backend/internal/api/keyword_extraction_handlers.go:75.62,77.17 2 0
github.com/fntelecomllc/studio/backend/internal/api/keyword_extraction_handlers.go:77.17,77.32 1 0
github.com/fntelecomllc/studio/backend/internal/api/keyword_extraction_handlers.go:79.4,89.40 6 0
github.com/fntelecomllc/studio/backend/internal/api/keyword_extraction_handlers.go:89.40,91.20 2 0
github.com/fntelecomllc/studio/backend/internal/api/keyword_extraction_handlers.go:91.20,93.65 2 0
github.com/fntelecomllc/studio/backend/internal/api/keyword_extraction_handlers.go:93.65,96.7 2 0
github.com/fntelecomllc/studio/backend/internal/api/keyword_extraction_handlers.go:99.4,99.39 1 0
github.com/fntelecomllc/studio/backend/internal/api/keyword_extraction_handlers.go:99.39,101.20 2 0
github.com/fntelecomllc/studio/backend/internal/api/keyword_extraction_handlers.go:101.20,103.64 2 0
github.com/fntelecomllc/studio/backend/internal/api/keyword_extraction_handlers.go:103.64,106.7 2 0
github.com/fntelecomllc/studio/backend/internal/api/keyword_extraction_handlers.go:110.4,111.18 2 0
github.com/fntelecomllc/studio/backend/internal/api/keyword_extraction_handlers.go:111.18,115.5 3 0
github.com/fntelecomllc/studio/backend/internal/api/keyword_extraction_handlers.go:116.4,117.18 2 0
github.com/fntelecomllc/studio/backend/internal/api/keyword_extraction_handlers.go:117.18,121.5 3 0
github.com/fntelecomllc/studio/backend/internal/api/keyword_extraction_handlers.go:122.4,123.41 2 0
github.com/fntelecomllc/studio/backend/internal/api/keyword_extraction_handlers.go:123.41,127.5 3 0
github.com/fntelecomllc/studio/backend/internal/api/keyword_extraction_handlers.go:129.4,133.26 4 0
github.com/fntelecomllc/studio/backend/internal/api/keyword_extraction_handlers.go:133.26,136.5 2 0
github.com/fntelecomllc/studio/backend/internal/api/keyword_extraction_handlers.go:137.4,137.25 1 0
github.com/fntelecomllc/studio/backend/internal/api/keyword_extraction_handlers.go:137.25,140.5 2 0
github.com/fntelecomllc/studio/backend/internal/api/keyword_extraction_handlers.go:141.4,141.26 1 0
github.com/fntelecomllc/studio/backend/internal/api/keyword_extraction_handlers.go:141.26,144.5 2 0
github.com/fntelecomllc/studio/backend/internal/api/keyword_extraction_handlers.go:146.4,146.23 1 0
github.com/fntelecomllc/studio/backend/internal/api/keyword_extraction_handlers.go:146.23,150.5 3 0
github.com/fntelecomllc/studio/backend/internal/api/keyword_extraction_handlers.go:151.4,151.45 1 0
github.com/fntelecomllc/studio/backend/internal/api/keyword_extraction_handlers.go:151.45,153.5 1 0
github.com/fntelecomllc/studio/backend/internal/api/keyword_extraction_handlers.go:155.4,155.21 1 0
github.com/fntelecomllc/studio/backend/internal/api/keyword_extraction_handlers.go:155.21,157.21 2 0
github.com/fntelecomllc/studio/backend/internal/api/keyword_extraction_handlers.go:157.21,158.32 1 0
github.com/fntelecomllc/studio/backend/internal/api/keyword_extraction_handlers.go:158.32,160.7 1 0
github.com/fntelecomllc/studio/backend/internal/api/keyword_extraction_handlers.go:161.6,161.76 1 0
github.com/fntelecomllc/studio/backend/internal/api/keyword_extraction_handlers.go:162.11,162.28 1 0
github.com/fntelecomllc/studio/backend/internal/api/keyword_extraction_handlers.go:162.28,164.6 1 0
github.com/fntelecomllc/studio/backend/internal/api/keyword_extraction_handlers.go:165.10,166.31 1 0
github.com/fntelecomllc/studio/backend/internal/api/keyword_extraction_handlers.go:166.31,168.6 1 0
github.com/fntelecomllc/studio/backend/internal/api/keyword_extraction_handlers.go:170.4,170.29 1 0
github.com/fntelecomllc/studio/backend/internal/api/keyword_extraction_handlers.go:174.2,176.1 2 0
github.com/fntelecomllc/studio/backend/internal/api/keyword_extraction_handlers.go:177.2,178.88 2 0
github.com/fntelecomllc/studio/backend/internal/api/keyword_extraction_handlers.go:181.63,183.9 2 0
github.com/fntelecomllc/studio/backend/internal/api/keyword_extraction_handlers.go:183.9,186.3 2 0
github.com/fntelecomllc/studio/backend/internal/api/keyword_extraction_handlers.go:188.2,193.67 5 0
github.com/fntelecomllc/studio/backend/internal/api/keyword_extraction_handlers.go:193.67,196.3 2 0
github.com/fntelecomllc/studio/backend/internal/api/keyword_extraction_handlers.go:197.2,197.71 1 0
github.com/fntelecomllc/studio/backend/internal/api/keyword_extraction_handlers.go:197.71,200.3 2 0
github.com/fntelecomllc/studio/backend/internal/api/keyword_extraction_handlers.go:201.2,201.77 1 0
github.com/fntelecomllc/studio/backend/internal/api/keyword_extraction_handlers.go:201.77,204.3 2 0
github.com/fntelecomllc/studio/backend/internal/api/keyword_extraction_handlers.go:205.2,205.75 1 0
github.com/fntelecomllc/studio/backend/internal/api/keyword_extraction_handlers.go:205.75,208.3 2 0
github.com/fntelecomllc/studio/backend/internal/api/keyword_extraction_handlers.go:210.2,221.28 6 0
github.com/fntelecomllc/studio/backend/internal/api/keyword_extraction_handlers.go:221.28,224.62 3 0
github.com/fntelecomllc/studio/backend/internal/api/keyword_extraction_handlers.go:224.62,227.4 2 0
github.com/fntelecomllc/studio/backend/internal/api/keyword_extraction_handlers.go:229.2,229.27 1 0
github.com/fntelecomllc/studio/backend/internal/api/keyword_extraction_handlers.go:229.27,232.61 3 0
github.com/fntelecomllc/studio/backend/internal/api/keyword_extraction_handlers.go:232.61,235.4 2 0
github.com/fntelecomllc/studio/backend/internal/api/keyword_extraction_handlers.go:238.2,240.16 3 0
github.com/fntelecomllc/studio/backend/internal/api/keyword_extraction_handlers.go:240.16,245.3 4 0
github.com/fntelecomllc/studio/backend/internal/api/keyword_extraction_handlers.go:246.2,247.39 2 0
github.com/fntelecomllc/studio/backend/internal/api/keyword_extraction_handlers.go:247.39,252.3 4 0
github.com/fntelecomllc/studio/backend/internal/api/keyword_extraction_handlers.go:254.2,261.24 7 0
github.com/fntelecomllc/studio/backend/internal/api/keyword_extraction_handlers.go:261.24,264.3 2 0
github.com/fntelecomllc/studio/backend/internal/api/keyword_extraction_handlers.go:265.2,265.23 1 0
github.com/fntelecomllc/studio/backend/internal/api/keyword_extraction_handlers.go:265.23,268.3 2 0
github.com/fntelecomllc/studio/backend/internal/api/keyword_extraction_handlers.go:269.2,269.24 1 0
github.com/fntelecomllc/studio/backend/internal/api/keyword_extraction_handlers.go:269.24,272.3 2 0
github.com/fntelecomllc/studio/backend/internal/api/keyword_extraction_handlers.go:274.2,274.21 1 0
github.com/fntelecomllc/studio/backend/internal/api/keyword_extraction_handlers.go:274.21,276.3 1 0
github.com/fntelecomllc/studio/backend/internal/api/keyword_extraction_handlers.go:276.8,276.50 1 0
github.com/fntelecomllc/studio/backend/internal/api/keyword_extraction_handlers.go:276.50,278.3 1 0
github.com/fntelecomllc/studio/backend/internal/api/keyword_extraction_handlers.go:280.2,280.38 1 0
github.com/fntelecomllc/studio/backend/internal/api/keyword_extraction_handlers.go:280.38,282.19 2 0
github.com/fntelecomllc/studio/backend/internal/api/keyword_extraction_handlers.go:282.19,283.30 1 0
github.com/fntelecomllc/studio/backend/internal/api/keyword_extraction_handlers.go:283.30,285.5 1 0
github.com/fntelecomllc/studio/backend/internal/api/keyword_extraction_handlers.go:286.4,286.74 1 0
github.com/fntelecomllc/studio/backend/internal/api/keyword_extraction_handlers.go:287.9,287.26 1 0
github.com/fntelecomllc/studio/backend/internal/api/keyword_extraction_handlers.go:287.26,289.4 1 0
github.com/fntelecomllc/studio/backend/internal/api/keyword_extraction_handlers.go:290.8,290.54 1 0
github.com/fntelecomllc/studio/backend/internal/api/keyword_extraction_handlers.go:290.54,292.3 1 0
github.com/fntelecomllc/studio/backend/internal/api/keyword_extraction_handlers.go:294.2,296.83 3 0
github.com/fntelecomllc/studio/backend/internal/api/keyword_extraction_handlers.go:300.116,302.9 1 0
github.com/fntelecomllc/studio/backend/internal/api/keyword_extraction_handlers.go:303.32,305.9 2 0
github.com/fntelecomllc/studio/backend/internal/api/keyword_extraction_handlers.go:306.10,306.10 0 0
github.com/fntelecomllc/studio/backend/internal/api/keyword_extraction_handlers.go:308.2,309.17 2 0
github.com/fntelecomllc/studio/backend/internal/api/keyword_extraction_handlers.go:313.79,314.9 1 0
github.com/fntelecomllc/studio/backend/internal/api/keyword_extraction_handlers.go:315.32,317.9 2 0
github.com/fntelecomllc/studio/backend/internal/api/keyword_extraction_handlers.go:318.10,318.10 0 0
github.com/fntelecomllc/studio/backend/internal/api/keyword_extraction_handlers.go:320.2,321.17 2 0
github.com/fntelecomllc/studio/backend/internal/api/keyword_set_handlers.go:57.97,68.2 1 0
github.com/fntelecomllc/studio/backend/internal/api/keyword_set_handlers.go:72.58,74.47 2 0
github.com/fntelecomllc/studio/backend/internal/api/keyword_set_handlers.go:74.47,77.3 2 0
github.com/fntelecomllc/studio/backend/internal/api/keyword_set_handlers.go:78.2,78.45 1 0
github.com/fntelecomllc/studio/backend/internal/api/keyword_set_handlers.go:78.45,81.3 2 0
github.com/fntelecomllc/studio/backend/internal/api/keyword_set_handlers.go:83.2,86.26 4 0
github.com/fntelecomllc/studio/backend/internal/api/keyword_set_handlers.go:86.26,88.3 1 0
github.com/fntelecomllc/studio/backend/internal/api/keyword_set_handlers.go:90.2,107.21 6 0
github.com/fntelecomllc/studio/backend/internal/api/keyword_set_handlers.go:107.21,118.3 2 0
github.com/fntelecomllc/studio/backend/internal/api/keyword_set_handlers.go:118.8,118.22 1 0
github.com/fntelecomllc/studio/backend/internal/api/keyword_set_handlers.go:118.22,122.16 4 0
github.com/fntelecomllc/studio/backend/internal/api/keyword_set_handlers.go:122.16,123.32 1 0
github.com/fntelecomllc/studio/backend/internal/api/keyword_set_handlers.go:123.32,126.13 3 0
github.com/fntelecomllc/studio/backend/internal/api/keyword_set_handlers.go:127.10,127.27 1 0
github.com/fntelecomllc/studio/backend/internal/api/keyword_set_handlers.go:127.27,130.5 2 0
github.com/fntelecomllc/studio/backend/internal/api/keyword_set_handlers.go:130.10,132.54 1 0
github.com/fntelecomllc/studio/backend/internal/api/keyword_set_handlers.go:132.54,135.6 2 0
github.com/fntelecomllc/studio/backend/internal/api/keyword_set_handlers.go:135.11,137.6 1 0
github.com/fntelecomllc/studio/backend/internal/api/keyword_set_handlers.go:140.8,146.3 2 0
github.com/fntelecomllc/studio/backend/internal/api/keyword_set_handlers.go:149.2,149.110 1 0
github.com/fntelecomllc/studio/backend/internal/api/keyword_set_handlers.go:149.110,151.43 2 0
github.com/fntelecomllc/studio/backend/internal/api/keyword_set_handlers.go:151.43,154.4 2 0
github.com/fntelecomllc/studio/backend/internal/api/keyword_set_handlers.go:155.3,157.9 3 0
github.com/fntelecomllc/studio/backend/internal/api/keyword_set_handlers.go:160.2,161.24 2 0
github.com/fntelecomllc/studio/backend/internal/api/keyword_set_handlers.go:161.24,163.34 2 0
github.com/fntelecomllc/studio/backend/internal/api/keyword_set_handlers.go:163.34,175.4 1 0
github.com/fntelecomllc/studio/backend/internal/api/keyword_set_handlers.go:176.3,176.123 1 0
github.com/fntelecomllc/studio/backend/internal/api/keyword_set_handlers.go:176.123,181.4 4 0
github.com/fntelecomllc/studio/backend/internal/api/keyword_set_handlers.go:182.3,182.33 1 0
github.com/fntelecomllc/studio/backend/internal/api/keyword_set_handlers.go:182.33,184.4 1 0
github.com/fntelecomllc/studio/backend/internal/api/keyword_set_handlers.go:189.2,189.34 1 0
github.com/fntelecomllc/studio/backend/internal/api/keyword_set_handlers.go:189.34,192.3 1 0
github.com/fntelecomllc/studio/backend/internal/api/keyword_set_handlers.go:196.2,196.28 1 0
github.com/fntelecomllc/studio/backend/internal/api/keyword_set_handlers.go:196.28,204.102 2 0
github.com/fntelecomllc/studio/backend/internal/api/keyword_set_handlers.go:204.102,206.4 1 0
github.com/fntelecomllc/studio/backend/internal/api/keyword_set_handlers.go:207.8,209.3 1 0
github.com/fntelecomllc/studio/backend/internal/api/keyword_set_handlers.go:212.2,212.18 1 0
github.com/fntelecomllc/studio/backend/internal/api/keyword_set_handlers.go:212.18,215.3 2 0
github.com/fntelecomllc/studio/backend/internal/api/keyword_set_handlers.go:217.2,217.97 1 0
github.com/fntelecomllc/studio/backend/internal/api/keyword_set_handlers.go:220.57,228.26 7 0
github.com/fntelecomllc/studio/backend/internal/api/keyword_set_handlers.go:228.26,230.18 2 0
github.com/fntelecomllc/studio/backend/internal/api/keyword_set_handlers.go:230.18,232.4 1 0
github.com/fntelecomllc/studio/backend/internal/api/keyword_set_handlers.go:235.2,244.16 3 0
github.com/fntelecomllc/studio/backend/internal/api/keyword_set_handlers.go:244.16,248.3 3 0
github.com/fntelecomllc/studio/backend/internal/api/keyword_set_handlers.go:250.2,251.27 2 0
github.com/fntelecomllc/studio/backend/internal/api/keyword_set_handlers.go:251.27,253.19 2 0
github.com/fntelecomllc/studio/backend/internal/api/keyword_set_handlers.go:253.19,255.18 2 0
github.com/fntelecomllc/studio/backend/internal/api/keyword_set_handlers.go:255.18,258.5 1 0
github.com/fntelecomllc/studio/backend/internal/api/keyword_set_handlers.go:260.3,260.53 1 0
github.com/fntelecomllc/studio/backend/internal/api/keyword_set_handlers.go:262.2,262.53 1 0
github.com/fntelecomllc/studio/backend/internal/api/keyword_set_handlers.go:265.55,268.16 3 0
github.com/fntelecomllc/studio/backend/internal/api/keyword_set_handlers.go:268.16,271.3 2 0
github.com/fntelecomllc/studio/backend/internal/api/keyword_set_handlers.go:274.2,275.16 2 0
github.com/fntelecomllc/studio/backend/internal/api/keyword_set_handlers.go:275.16,276.31 1 0
github.com/fntelecomllc/studio/backend/internal/api/keyword_set_handlers.go:276.31,279.4 2 0
github.com/fntelecomllc/studio/backend/internal/api/keyword_set_handlers.go:280.3,282.9 3 0
github.com/fntelecomllc/studio/backend/internal/api/keyword_set_handlers.go:285.2,286.16 2 0
github.com/fntelecomllc/studio/backend/internal/api/keyword_set_handlers.go:286.16,289.3 1 0
github.com/fntelecomllc/studio/backend/internal/api/keyword_set_handlers.go:291.2,291.73 1 0
github.com/fntelecomllc/studio/backend/internal/api/keyword_set_handlers.go:294.58,297.21 3 0
github.com/fntelecomllc/studio/backend/internal/api/keyword_set_handlers.go:297.21,300.3 2 0
github.com/fntelecomllc/studio/backend/internal/api/keyword_set_handlers.go:302.2,303.47 2 0
github.com/fntelecomllc/studio/backend/internal/api/keyword_set_handlers.go:303.47,306.3 2 0
github.com/fntelecomllc/studio/backend/internal/api/keyword_set_handlers.go:307.2,307.45 1 0
github.com/fntelecomllc/studio/backend/internal/api/keyword_set_handlers.go:307.45,310.3 2 0
github.com/fntelecomllc/studio/backend/internal/api/keyword_set_handlers.go:312.2,317.21 5 0
github.com/fntelecomllc/studio/backend/internal/api/keyword_set_handlers.go:317.21,320.3 2 0
github.com/fntelecomllc/studio/backend/internal/api/keyword_set_handlers.go:320.8,320.22 1 0
github.com/fntelecomllc/studio/backend/internal/api/keyword_set_handlers.go:320.22,324.16 4 0
github.com/fntelecomllc/studio/backend/internal/api/keyword_set_handlers.go:324.16,325.32 1 0
github.com/fntelecomllc/studio/backend/internal/api/keyword_set_handlers.go:325.32,328.13 3 0
github.com/fntelecomllc/studio/backend/internal/api/keyword_set_handlers.go:329.10,329.27 1 0
github.com/fntelecomllc/studio/backend/internal/api/keyword_set_handlers.go:329.27,332.5 2 0
github.com/fntelecomllc/studio/backend/internal/api/keyword_set_handlers.go:332.10,333.54 1 0
github.com/fntelecomllc/studio/backend/internal/api/keyword_set_handlers.go:333.54,336.6 2 0
github.com/fntelecomllc/studio/backend/internal/api/keyword_set_handlers.go:336.11,338.6 1 0
github.com/fntelecomllc/studio/backend/internal/api/keyword_set_handlers.go:341.8,344.3 2 0
github.com/fntelecomllc/studio/backend/internal/api/keyword_set_handlers.go:346.2,347.19 2 0
github.com/fntelecomllc/studio/backend/internal/api/keyword_set_handlers.go:347.19,349.34 2 0
github.com/fntelecomllc/studio/backend/internal/api/keyword_set_handlers.go:349.34,352.4 2 0
github.com/fntelecomllc/studio/backend/internal/api/keyword_set_handlers.go:353.3,355.9 3 0
github.com/fntelecomllc/studio/backend/internal/api/keyword_set_handlers.go:358.2,359.21 2 0
github.com/fntelecomllc/studio/backend/internal/api/keyword_set_handlers.go:359.21,362.3 2 0
github.com/fntelecomllc/studio/backend/internal/api/keyword_set_handlers.go:363.2,363.28 1 0
github.com/fntelecomllc/studio/backend/internal/api/keyword_set_handlers.go:363.28,366.3 2 0
github.com/fntelecomllc/studio/backend/internal/api/keyword_set_handlers.go:367.2,367.26 1 0
github.com/fntelecomllc/studio/backend/internal/api/keyword_set_handlers.go:367.26,370.3 2 0
github.com/fntelecomllc/studio/backend/internal/api/keyword_set_handlers.go:372.2,373.22 2 0
github.com/fntelecomllc/studio/backend/internal/api/keyword_set_handlers.go:373.22,374.109 1 0
github.com/fntelecomllc/studio/backend/internal/api/keyword_set_handlers.go:374.109,379.4 4 0
github.com/fntelecomllc/studio/backend/internal/api/keyword_set_handlers.go:380.3,380.25 1 0
github.com/fntelecomllc/studio/backend/internal/api/keyword_set_handlers.go:380.25,383.35 3 0
github.com/fntelecomllc/studio/backend/internal/api/keyword_set_handlers.go:383.35,395.5 1 0
github.com/fntelecomllc/studio/backend/internal/api/keyword_set_handlers.go:396.4,396.124 1 0
github.com/fntelecomllc/studio/backend/internal/api/keyword_set_handlers.go:396.124,401.5 4 0
github.com/fntelecomllc/studio/backend/internal/api/keyword_set_handlers.go:402.4,402.34 1 0
github.com/fntelecomllc/studio/backend/internal/api/keyword_set_handlers.go:402.34,404.5 1 0
github.com/fntelecomllc/studio/backend/internal/api/keyword_set_handlers.go:406.3,406.17 1 0
github.com/fntelecomllc/studio/backend/internal/api/keyword_set_handlers.go:407.8,410.43 3 0
github.com/fntelecomllc/studio/backend/internal/api/keyword_set_handlers.go:410.43,413.4 2 0
github.com/fntelecomllc/studio/backend/internal/api/keyword_set_handlers.go:416.2,416.13 1 0
github.com/fntelecomllc/studio/backend/internal/api/keyword_set_handlers.go:416.13,418.112 2 0
github.com/fntelecomllc/studio/backend/internal/api/keyword_set_handlers.go:418.112,420.44 2 0
github.com/fntelecomllc/studio/backend/internal/api/keyword_set_handlers.go:420.44,423.5 2 0
github.com/fntelecomllc/studio/backend/internal/api/keyword_set_handlers.go:424.4,426.10 3 0
github.com/fntelecomllc/studio/backend/internal/api/keyword_set_handlers.go:430.2,430.34 1 0
github.com/fntelecomllc/studio/backend/internal/api/keyword_set_handlers.go:430.34,432.3 1 0
github.com/fntelecomllc/studio/backend/internal/api/keyword_set_handlers.go:434.2,434.13 1 0
github.com/fntelecomllc/studio/backend/internal/api/keyword_set_handlers.go:434.13,435.29 1 0
github.com/fntelecomllc/studio/backend/internal/api/keyword_set_handlers.go:435.29,442.103 2 0
github.com/fntelecomllc/studio/backend/internal/api/keyword_set_handlers.go:442.103,444.5 1 0
github.com/fntelecomllc/studio/backend/internal/api/keyword_set_handlers.go:445.9,447.4 1 0
github.com/fntelecomllc/studio/backend/internal/api/keyword_set_handlers.go:450.2,450.18 1 0
github.com/fntelecomllc/studio/backend/internal/api/keyword_set_handlers.go:450.18,453.3 2 0
github.com/fntelecomllc/studio/backend/internal/api/keyword_set_handlers.go:455.2,455.93 1 0
github.com/fntelecomllc/studio/backend/internal/api/keyword_set_handlers.go:458.58,461.21 3 0
github.com/fntelecomllc/studio/backend/internal/api/keyword_set_handlers.go:461.21,464.3 2 0
github.com/fntelecomllc/studio/backend/internal/api/keyword_set_handlers.go:466.2,471.21 5 0
github.com/fntelecomllc/studio/backend/internal/api/keyword_set_handlers.go:471.21,474.3 2 0
github.com/fntelecomllc/studio/backend/internal/api/keyword_set_handlers.go:474.8,474.22 1 0
github.com/fntelecomllc/studio/backend/internal/api/keyword_set_handlers.go:474.22,478.16 4 0
github.com/fntelecomllc/studio/backend/internal/api/keyword_set_handlers.go:478.16,479.32 1 0
github.com/fntelecomllc/studio/backend/internal/api/keyword_set_handlers.go:479.32,482.13 3 0
github.com/fntelecomllc/studio/backend/internal/api/keyword_set_handlers.go:483.10,483.27 1 0
github.com/fntelecomllc/studio/backend/internal/api/keyword_set_handlers.go:483.27,486.5 2 0
github.com/fntelecomllc/studio/backend/internal/api/keyword_set_handlers.go:486.10,487.54 1 0
github.com/fntelecomllc/studio/backend/internal/api/keyword_set_handlers.go:487.54,490.6 2 0
github.com/fntelecomllc/studio/backend/internal/api/keyword_set_handlers.go:490.11,492.6 1 0
github.com/fntelecomllc/studio/backend/internal/api/keyword_set_handlers.go:495.8,498.3 2 0
github.com/fntelecomllc/studio/backend/internal/api/keyword_set_handlers.go:502.2,502.118 1 0
github.com/fntelecomllc/studio/backend/internal/api/keyword_set_handlers.go:502.118,507.3 4 0
github.com/fntelecomllc/studio/backend/internal/api/keyword_set_handlers.go:509.2,509.105 1 0
github.com/fntelecomllc/studio/backend/internal/api/keyword_set_handlers.go:509.105,511.37 2 0
[...]
github.com/fntelecomllc/studio/backend/internal/services/http_keyword_campaign_service.go:773.76,774.39 1 0
github.com/fntelecomllc/studio/backend/internal/services/http_keyword_campaign_service.go:774.39,776.25 2 0
github.com/fntelecomllc/studio/backend/internal/services/http_keyword_campaign_service.go:776.25,778.8 1 0
github.com/fntelecomllc/studio/backend/internal/services/http_keyword_campaign_service.go:778.13,778.40 1 0
github.com/fntelecomllc/studio/backend/internal/services/http_keyword_campaign_service.go:778.40,780.8 1 0
github.com/fntelecomllc/studio/backend/internal/services/http_keyword_campaign_service.go:782.6,782.75 1 0
github.com/fntelecomllc/studio/backend/internal/services/http_keyword_campaign_service.go:782.75,784.55 2 0
github.com/fntelecomllc/studio/backend/internal/services/http_keyword_campaign_service.go:784.55,785.65 1 0
github.com/fntelecomllc/studio/backend/internal/services/http_keyword_campaign_service.go:785.65,787.9 1 0
github.com/fntelecomllc/studio/backend/internal/services/http_keyword_campaign_service.go:791.6,791.44 1 0
github.com/fntelecomllc/studio/backend/internal/services/http_keyword_campaign_service.go:791.44,793.7 1 0
github.com/fntelecomllc/studio/backend/internal/services/http_keyword_campaign_service.go:793.12,795.7 1 0
github.com/fntelecomllc/studio/backend/internal/services/http_keyword_campaign_service.go:797.6,797.50 1 0
github.com/fntelecomllc/studio/backend/internal/services/http_keyword_campaign_service.go:797.50,799.7 1 0
github.com/fntelecomllc/studio/backend/internal/services/http_keyword_campaign_service.go:799.12,801.7 1 0
github.com/fntelecomllc/studio/backend/internal/services/http_keyword_campaign_service.go:803.6,803.180 1 0
github.com/fntelecomllc/studio/backend/internal/services/http_keyword_campaign_service.go:803.180,805.7 1 0
github.com/fntelecomllc/studio/backend/internal/services/http_keyword_campaign_service.go:805.12,807.7 1 0
github.com/fntelecomllc/studio/backend/internal/services/http_keyword_campaign_service.go:808.11,808.61 1 0
github.com/fntelecomllc/studio/backend/internal/services/http_keyword_campaign_service.go:808.61,810.6 1 0
github.com/fntelecomllc/studio/backend/internal/services/http_keyword_campaign_service.go:810.11,810.46 1 0
github.com/fntelecomllc/studio/backend/internal/services/http_keyword_campaign_service.go:810.46,812.6 1 0
github.com/fntelecomllc/studio/backend/internal/services/http_keyword_campaign_service.go:812.11,814.6 1 0
github.com/fntelecomllc/studio/backend/internal/services/http_keyword_campaign_service.go:815.10,817.5 1 0
github.com/fntelecomllc/studio/backend/internal/services/http_keyword_campaign_service.go:818.4,820.22 3 0
github.com/fntelecomllc/studio/backend/internal/services/http_keyword_campaign_service.go:823.2,825.38 2 0
github.com/fntelecomllc/studio/backend/internal/services/http_keyword_campaign_service.go:825.38,827.19 2 0
github.com/fntelecomllc/studio/backend/internal/services/http_keyword_campaign_service.go:827.19,829.4 1 0
github.com/fntelecomllc/studio/backend/internal/services/http_keyword_campaign_service.go:832.2,832.24 1 0
github.com/fntelecomllc/studio/backend/internal/services/http_keyword_campaign_service.go:832.24,833.117 1 0
github.com/fntelecomllc/studio/backend/internal/services/http_keyword_campaign_service.go:833.117,835.20 2 0
github.com/fntelecomllc/studio/backend/internal/services/http_keyword_campaign_service.go:835.20,837.5 1 0
github.com/fntelecomllc/studio/backend/internal/services/http_keyword_campaign_service.go:837.10,839.5 1 0
github.com/fntelecomllc/studio/backend/internal/services/http_keyword_campaign_service.go:840.4,840.40 1 0
github.com/fntelecomllc/studio/backend/internal/services/http_keyword_campaign_service.go:840.40,842.5 1 0
github.com/fntelecomllc/studio/backend/internal/services/http_keyword_campaign_service.go:843.9,848.4 4 0
github.com/fntelecomllc/studio/backend/internal/services/http_keyword_campaign_service.go:851.2,852.45 2 0
github.com/fntelecomllc/studio/backend/internal/services/http_keyword_campaign_service.go:852.45,854.3 1 0
github.com/fntelecomllc/studio/backend/internal/services/http_keyword_campaign_service.go:856.2,856.188 1 0
github.com/fntelecomllc/studio/backend/internal/services/http_keyword_campaign_service.go:856.188,862.3 4 0
github.com/fntelecomllc/studio/backend/internal/services/http_keyword_campaign_service.go:864.2,864.54 1 0
github.com/fntelecomllc/studio/backend/internal/services/http_keyword_campaign_service.go:864.54,865.37 1 0
github.com/fntelecomllc/studio/backend/internal/services/http_keyword_campaign_service.go:865.37,867.4 1 0
github.com/fntelecomllc/studio/backend/internal/services/http_keyword_campaign_service.go:868.3,868.58 1 0
github.com/fntelecomllc/studio/backend/internal/services/http_keyword_campaign_service.go:871.2,871.32 1 0
github.com/fntelecomllc/studio/backend/internal/services/http_keyword_campaign_service.go:871.32,873.3 1 0
github.com/fntelecomllc/studio/backend/internal/services/http_keyword_campaign_service.go:874.2,874.36 1 0
github.com/fntelecomllc/studio/backend/internal/services/http_keyword_campaign_service.go:874.36,876.3 1 0
github.com/fntelecomllc/studio/backend/internal/services/http_keyword_campaign_service.go:877.2,877.40 1 0
github.com/fntelecomllc/studio/backend/internal/services/http_keyword_campaign_service.go:877.40,879.3 1 0
github.com/fntelecomllc/studio/backend/internal/services/http_keyword_campaign_service.go:881.2,881.30 1 0
github.com/fntelecomllc/studio/backend/internal/services/http_keyword_campaign_service.go:881.30,883.41 2 0
github.com/fntelecomllc/studio/backend/internal/services/http_keyword_campaign_service.go:883.41,885.4 1 0
github.com/fntelecomllc/studio/backend/internal/services/http_keyword_campaign_service.go:886.8,886.38 1 0
github.com/fntelecomllc/studio/backend/internal/services/http_keyword_campaign_service.go:886.38,888.3 1 0
github.com/fntelecomllc/studio/backend/internal/services/http_keyword_campaign_service.go:890.2,890.82 1 0
github.com/fntelecomllc/studio/backend/internal/services/http_keyword_campaign_service.go:890.82,896.3 5 0
github.com/fntelecomllc/studio/backend/internal/services/http_keyword_campaign_service.go:896.8,896.38 1 0
github.com/fntelecomllc/studio/backend/internal/services/http_keyword_campaign_service.go:896.38,901.3 4 0
github.com/fntelecomllc/studio/backend/internal/services/http_keyword_campaign_service.go:901.8,903.3 1 0
github.com/fntelecomllc/studio/backend/internal/services/http_keyword_campaign_service.go:905.2,905.99 1 0
github.com/fntelecomllc/studio/backend/internal/services/http_keyword_campaign_service.go:905.99,907.19 2 0
github.com/fntelecomllc/studio/backend/internal/services/http_keyword_campaign_service.go:907.19,909.4 1 0
github.com/fntelecomllc/studio/backend/internal/services/http_keyword_campaign_service.go:909.9,911.4 1 0
github.com/fntelecomllc/studio/backend/internal/services/http_keyword_campaign_service.go:912.3,912.44 1 0
github.com/fntelecomllc/studio/backend/internal/services/http_keyword_campaign_service.go:915.2,916.36 2 0
github.com/fntelecomllc/studio/backend/internal/services/http_keyword_campaign_service.go:916.36,918.3 1 0
github.com/fntelecomllc/studio/backend/internal/services/http_keyword_campaign_service.go:919.2,920.32 2 0
github.com/fntelecomllc/studio/backend/internal/services/http_keyword_campaign_service.go:920.32,922.3 1 0
github.com/fntelecomllc/studio/backend/internal/services/http_keyword_campaign_service.go:923.2,924.45 2 0
github.com/fntelecomllc/studio/backend/internal/services/http_keyword_campaign_service.go:924.45,926.3 1 0
github.com/fntelecomllc/studio/backend/internal/services/http_keyword_campaign_service.go:927.2,929.42 2 0
github.com/fntelecomllc/studio/backend/internal/services/mfa_service.go:22.47,26.2 1 0
github.com/fntelecomllc/studio/backend/internal/services/mfa_service.go:38.88,46.16 2 0
github.com/fntelecomllc/studio/backend/internal/services/mfa_service.go:46.16,48.3 1 0
github.com/fntelecomllc/studio/backend/internal/services/mfa_service.go:51.2,52.16 2 0
github.com/fntelecomllc/studio/backend/internal/services/mfa_service.go:52.16,54.3 1 0
github.com/fntelecomllc/studio/backend/internal/services/mfa_service.go:56.2,62.8 1 0
github.com/fntelecomllc/studio/backend/internal/services/mfa_service.go:66.69,68.2 1 0
github.com/fntelecomllc/studio/backend/internal/services/mfa_service.go:71.91,82.2 3 0
github.com/fntelecomllc/studio/backend/internal/services/mfa_service.go:85.71,88.29 2 0
github.com/fntelecomllc/studio/backend/internal/services/mfa_service.go:88.29,91.45 2 0
github.com/fntelecomllc/studio/backend/internal/services/mfa_service.go:91.45,93.4 1 0
github.com/fntelecomllc/studio/backend/internal/services/mfa_service.go:96.3,97.54 2 0
github.com/fntelecomllc/studio/backend/internal/services/mfa_service.go:100.2,100.19 1 0
github.com/fntelecomllc/studio/backend/internal/services/mfa_service.go:104.57,110.2 3 0
github.com/fntelecomllc/studio/backend/internal/services/mfa_service.go:134.97,137.44 2 0
github.com/fntelecomllc/studio/backend/internal/services/mfa_service.go:137.44,139.3 1 0
github.com/fntelecomllc/studio/backend/internal/services/mfa_service.go:141.2,149.8 1 0
github.com/fntelecomllc/studio/backend/internal/services/mfa_service.go:153.71,154.43 1 0
github.com/fntelecomllc/studio/backend/internal/services/mfa_service.go:154.43,156.3 1 0
github.com/fntelecomllc/studio/backend/internal/services/mfa_service.go:158.2,158.49 1 0
github.com/fntelecomllc/studio/backend/internal/services/mfa_service.go:158.49,160.3 1 0
github.com/fntelecomllc/studio/backend/internal/services/mfa_service.go:162.2,162.12 1 0
github.com/fntelecomllc/studio/backend/internal/services/mfa_service.go:177.87,185.2 1 0
github.com/fntelecomllc/studio/backend/internal/services/mfa_service.go:196.85,203.28 2 0
github.com/fntelecomllc/studio/backend/internal/services/mfa_service.go:203.28,205.3 1 0
github.com/fntelecomllc/studio/backend/internal/services/mfa_service.go:207.2,207.16 1 0
github.com/fntelecomllc/studio/backend/internal/services/session_service.go:32.51,42.2 1 0
github.com/fntelecomllc/studio/backend/internal/services/session_service.go:93.127,94.19 1 0
github.com/fntelecomllc/studio/backend/internal/services/session_service.go:94.19,96.3 1 0
github.com/fntelecomllc/studio/backend/internal/services/session_service.go:99.2,115.21 4 0
github.com/fntelecomllc/studio/backend/internal/services/session_service.go:119.109,139.16 5 0
github.com/fntelecomllc/studio/backend/internal/services/session_service.go:139.16,141.3 1 0
github.com/fntelecomllc/studio/backend/internal/services/session_service.go:142.2,145.55 2 0
github.com/fntelecomllc/studio/backend/internal/services/session_service.go:145.55,147.3 1 0
github.com/fntelecomllc/studio/backend/internal/services/session_service.go:150.2,151.16 2 0
github.com/fntelecomllc/studio/backend/internal/services/session_service.go:151.16,153.3 1 0
github.com/fntelecomllc/studio/backend/internal/services/session_service.go:157.2,172.50 3 0
github.com/fntelecomllc/studio/backend/internal/services/session_service.go:172.50,174.3 1 0
github.com/fntelecomllc/studio/backend/internal/services/session_service.go:175.2,211.21 12 0
github.com/fntelecomllc/studio/backend/internal/services/session_service.go:215.92,224.12 6 0
github.com/fntelecomllc/studio/backend/internal/services/session_service.go:224.12,229.17 4 0
github.com/fntelecomllc/studio/backend/internal/services/session_service.go:229.17,232.4 2 0
github.com/fntelecomllc/studio/backend/internal/services/session_service.go:233.3,235.27 2 0
github.com/fntelecomllc/studio/backend/internal/services/session_service.go:239.2,242.23 2 0
github.com/fntelecomllc/studio/backend/internal/services/session_service.go:242.23,244.3 1 0
github.com/fntelecomllc/studio/backend/internal/services/session_service.go:246.2,249.34 2 0
github.com/fntelecomllc/studio/backend/internal/services/session_service.go:249.34,252.3 2 0
github.com/fntelecomllc/studio/backend/internal/services/session_service.go:255.2,255.58 1 0
github.com/fntelecomllc/studio/backend/internal/services/session_service.go:255.58,259.3 3 0
github.com/fntelecomllc/studio/backend/internal/services/session_service.go:262.2,262.73 1 0
github.com/fntelecomllc/studio/backend/internal/services/session_service.go:262.73,266.3 3 0
github.com/fntelecomllc/studio/backend/internal/services/session_service.go:269.2,290.21 5 0
github.com/fntelecomllc/studio/backend/internal/services/session_service.go:294.68,303.2 5 0
github.com/fntelecomllc/studio/backend/internal/services/session_service.go:306.76,311.86 3 0
github.com/fntelecomllc/studio/backend/internal/services/session_service.go:311.86,315.40 2 0
github.com/fntelecomllc/studio/backend/internal/services/session_service.go:315.40,322.4 4 0
github.com/fntelecomllc/studio/backend/internal/services/session_service.go:323.3,323.46 1 0
github.com/fntelecomllc/studio/backend/internal/services/session_service.go:327.2,330.16 3 0
github.com/fntelecomllc/studio/backend/internal/services/session_service.go:330.16,332.3 1 0
github.com/fntelecomllc/studio/backend/internal/services/session_service.go:334.2,334.12 1 0
github.com/fntelecomllc/studio/backend/internal/services/session_service.go:338.85,340.82 1 0
github.com/fntelecomllc/studio/backend/internal/services/session_service.go:340.82,344.3 3 0
github.com/fntelecomllc/studio/backend/internal/services/session_service.go:347.2,349.12 3 0
github.com/fntelecomllc/studio/backend/internal/services/session_service.go:353.60,355.2 1 0
github.com/fntelecomllc/studio/backend/internal/services/session_service.go:358.55,371.2 3 0
github.com/fntelecomllc/studio/backend/internal/services/session_service.go:375.68,377.44 2 0
github.com/fntelecomllc/studio/backend/internal/services/session_service.go:377.44,379.3 1 0
github.com/fntelecomllc/studio/backend/internal/services/session_service.go:380.2,380.39 1 0
github.com/fntelecomllc/studio/backend/internal/services/session_service.go:383.82,387.2 3 0
github.com/fntelecomllc/studio/backend/internal/services/session_service.go:389.71,390.86 1 0
github.com/fntelecomllc/studio/backend/internal/services/session_service.go:390.86,393.53 2 0
github.com/fntelecomllc/studio/backend/internal/services/session_service.go:393.53,401.4 4 0
github.com/fntelecomllc/studio/backend/internal/services/session_service.go:403.2,403.12 1 0
github.com/fntelecomllc/studio/backend/internal/services/session_service.go:406.92,416.16 4 0
github.com/fntelecomllc/studio/backend/internal/services/session_service.go:416.16,418.3 1 0
github.com/fntelecomllc/studio/backend/internal/services/session_service.go:421.2,430.16 4 0
github.com/fntelecomllc/studio/backend/internal/services/session_service.go:430.16,432.3 1 0
github.com/fntelecomllc/studio/backend/internal/services/session_service.go:434.2,434.40 1 0
github.com/fntelecomllc/studio/backend/internal/services/session_service.go:437.69,448.16 3 0
github.com/fntelecomllc/studio/backend/internal/services/session_service.go:448.16,450.3 1 0
github.com/fntelecomllc/studio/backend/internal/services/session_service.go:453.2,460.16 4 0
github.com/fntelecomllc/studio/backend/internal/services/session_service.go:460.16,462.3 1 0
github.com/fntelecomllc/studio/backend/internal/services/session_service.go:465.2,469.12 4 0
github.com/fntelecomllc/studio/backend/internal/services/session_service.go:472.62,476.94 2 0
github.com/fntelecomllc/studio/backend/internal/services/session_service.go:476.94,480.3 3 0
github.com/fntelecomllc/studio/backend/internal/services/session_service.go:480.8,482.3 1 0
github.com/fntelecomllc/studio/backend/internal/services/session_service.go:485.79,486.82 1 0
github.com/fntelecomllc/studio/backend/internal/services/session_service.go:486.82,488.3 1 0
github.com/fntelecomllc/studio/backend/internal/services/session_service.go:489.2,489.19 1 0
github.com/fntelecomllc/studio/backend/internal/services/session_service.go:492.61,493.82 1 0
github.com/fntelecomllc/studio/backend/internal/services/session_service.go:493.82,500.95 3 0
github.com/fntelecomllc/studio/backend/internal/services/session_service.go:500.95,503.34 3 0
github.com/fntelecomllc/studio/backend/internal/services/session_service.go:503.34,504.24 1 0
github.com/fntelecomllc/studio/backend/internal/services/session_service.go:504.24,506.6 1 0
github.com/fntelecomllc/studio/backend/internal/services/session_service.go:508.4,508.30 1 0
github.com/fntelecomllc/studio/backend/internal/services/session_service.go:508.30,510.5 1 0
github.com/fntelecomllc/studio/backend/internal/services/session_service.go:510.10,512.5 1 0
github.com/fntelecomllc/studio/backend/internal/services/session_service.go:517.83,533.16 5 0
github.com/fntelecomllc/studio/backend/internal/services/session_service.go:533.16,535.3 1 0
github.com/fntelecomllc/studio/backend/internal/services/session_service.go:538.2,546.16 7 0
github.com/fntelecomllc/studio/backend/internal/services/session_service.go:546.16,548.3 1 0
github.com/fntelecomllc/studio/backend/internal/services/session_service.go:549.2,552.22 3 0
github.com/fntelecomllc/studio/backend/internal/services/session_service.go:555.73,559.2 3 0
github.com/fntelecomllc/studio/backend/internal/services/session_service.go:561.93,565.2 3 0
github.com/fntelecomllc/studio/backend/internal/services/session_service.go:567.106,569.62 1 0
github.com/fntelecomllc/studio/backend/internal/services/session_service.go:569.62,575.3 4 0
github.com/fntelecomllc/studio/backend/internal/services/session_service.go:578.2,578.82 1 0
github.com/fntelecomllc/studio/backend/internal/services/session_service.go:578.82,584.3 4 0
github.com/fntelecomllc/studio/backend/internal/services/session_service.go:586.2,586.12 1 0
github.com/fntelecomllc/studio/backend/internal/services/session_service.go:589.60,594.14 3 0
github.com/fntelecomllc/studio/backend/internal/services/session_service.go:594.14,596.3 1 0
github.com/fntelecomllc/studio/backend/internal/services/session_service.go:596.8,598.3 1 0
github.com/fntelecomllc/studio/backend/internal/services/session_service.go:601.41,604.12 2 0
github.com/fntelecomllc/studio/backend/internal/services/session_service.go:604.12,605.31 1 0
github.com/fntelecomllc/studio/backend/internal/services/session_service.go:605.31,607.4 1 0
github.com/fntelecomllc/studio/backend/internal/services/session_service.go:611.43,616.67 3 0
github.com/fntelecomllc/studio/backend/internal/services/session_service.go:616.67,618.91 2 0
github.com/fntelecomllc/studio/backend/internal/services/session_service.go:618.91,621.4 2 0
github.com/fntelecomllc/studio/backend/internal/services/session_service.go:622.3,622.14 1 0
github.com/fntelecomllc/studio/backend/internal/services/session_service.go:626.2,630.16 3 0
github.com/fntelecomllc/studio/backend/internal/services/session_service.go:630.16,642.3 1 0
github.com/fntelecomllc/studio/backend/internal/services/session_service.go:645.2,650.25 5 0
github.com/fntelecomllc/studio/backend/internal/services/session_service.go:650.25,664.3 1 0
github.com/fntelecomllc/studio/backend/internal/services/session_service.go:668.125,669.28 1 0
github.com/fntelecomllc/studio/backend/internal/services/session_service.go:669.28,671.3 1 0
github.com/fntelecomllc/studio/backend/internal/services/session_service.go:673.2,684.16 3 0
github.com/fntelecomllc/studio/backend/internal/services/session_service.go:684.16,686.3 1 0
github.com/fntelecomllc/studio/backend/internal/services/session_service.go:688.2,688.76 1 0
github.com/fntelecomllc/studio/backend/internal/services/session_service.go:688.76,691.3 1 0
github.com/fntelecomllc/studio/backend/internal/services/session_service.go:695.33,696.28 1 0
github.com/fntelecomllc/studio/backend/internal/services/session_service.go:696.28,698.3 1 0
github.com/fntelecomllc/studio/backend/internal/services/session_service.go:702.62,704.2 1 0
