mode: set
github.com/fntelecomllc/studio/backend/generate_hash.go:9.13,15.16 5 0
github.com/fntelecomllc/studio/backend/generate_hash.go:15.16,16.13 1 0
github.com/fntelecomllc/studio/backend/generate_hash.go:19.2,19.27 1 0
github.com/fntelecomllc/studio/backend/cmd/api_contract_tester/main.go:11.13,18.19 4 0
github.com/fntelecomllc/studio/backend/cmd/api_contract_tester/main.go:18.19,20.3 1 0
github.com/fntelecomllc/studio/backend/cmd/api_contract_tester/main.go:23.2,29.16 5 0
github.com/fntelecomllc/studio/backend/cmd/api_contract_tester/main.go:29.16,31.3 1 0
github.com/fntelecomllc/studio/backend/cmd/api_contract_tester/main.go:34.2,39.16 4 0
github.com/fntelecomllc/studio/backend/cmd/api_contract_tester/main.go:39.16,41.3 1 0
github.com/fntelecomllc/studio/backend/cmd/api_contract_tester/main.go:44.2,47.22 2 0
github.com/fntelecomllc/studio/backend/cmd/api_contract_tester/main.go:47.22,49.3 1 0
github.com/fntelecomllc/studio/backend/cmd/api_contract_tester/main.go:51.2,51.92 1 0
github.com/fntelecomllc/studio/backend/cmd/health_check_test/main.go:60.60,64.2 1 0
github.com/fntelecomllc/studio/backend/cmd/health_check_test/main.go:67.64,86.52 4 0
github.com/fntelecomllc/studio/backend/cmd/health_check_test/main.go:86.52,87.37 1 0
github.com/fntelecomllc/studio/backend/cmd/health_check_test/main.go:87.37,89.9 2 0
github.com/fntelecomllc/studio/backend/cmd/health_check_test/main.go:93.2,93.31 1 0
github.com/fntelecomllc/studio/backend/cmd/health_check_test/main.go:97.67,101.29 2 0
github.com/fntelecomllc/studio/backend/cmd/health_check_test/main.go:101.29,108.3 2 0
github.com/fntelecomllc/studio/backend/cmd/health_check_test/main.go:110.2,112.4 1 0
github.com/fntelecomllc/studio/backend/cmd/health_check_test/main.go:116.66,121.2 1 0
github.com/fntelecomllc/studio/backend/cmd/health_check_test/main.go:124.59,133.17 4 0
github.com/fntelecomllc/studio/backend/cmd/health_check_test/main.go:133.17,137.3 3 0
github.com/fntelecomllc/studio/backend/cmd/health_check_test/main.go:139.2,139.46 1 0
github.com/fntelecomllc/studio/backend/cmd/health_check_test/main.go:139.46,142.3 2 0
github.com/fntelecomllc/studio/backend/cmd/health_check_test/main.go:144.2,144.15 1 0
github.com/fntelecomllc/studio/backend/cmd/health_check_test/main.go:148.81,152.2 3 0
github.com/fntelecomllc/studio/backend/cmd/health_check_test/main.go:154.13,159.17 3 0
github.com/fntelecomllc/studio/backend/cmd/health_check_test/main.go:159.17,161.3 1 0
github.com/fntelecomllc/studio/backend/cmd/health_check_test/main.go:163.2,164.16 2 0
github.com/fntelecomllc/studio/backend/cmd/health_check_test/main.go:164.16,166.3 1 0
github.com/fntelecomllc/studio/backend/cmd/health_check_test/main.go:167.2,173.34 3 0
github.com/fntelecomllc/studio/backend/cmd/health_check_test/main.go:173.34,177.3 3 0
github.com/fntelecomllc/studio/backend/cmd/health_check_test/main.go:177.8,179.3 1 0
github.com/fntelecomllc/studio/backend/cmd/health_check_test/main.go:182.2,201.65 11 0
github.com/fntelecomllc/studio/backend/cmd/health_check_test/main.go:204.45,209.29 4 0
github.com/fntelecomllc/studio/backend/cmd/health_check_test/main.go:209.29,211.3 1 0
github.com/fntelecomllc/studio/backend/cmd/health_check_test/main.go:214.2,215.66 2 0
github.com/fntelecomllc/studio/backend/cmd/health_check_test/main.go:215.66,217.3 1 0
github.com/fntelecomllc/studio/backend/cmd/health_check_test/main.go:219.2,221.56 3 0
github.com/fntelecomllc/studio/backend/cmd/health_check_test/main.go:224.48,230.72 4 0
github.com/fntelecomllc/studio/backend/cmd/health_check_test/main.go:230.72,233.3 1 0
github.com/fntelecomllc/studio/backend/cmd/health_check_test/main.go:235.2,236.52 2 0
github.com/fntelecomllc/studio/backend/cmd/health_check_test/main.go:239.47,244.29 4 0
github.com/fntelecomllc/studio/backend/cmd/health_check_test/main.go:244.29,246.3 1 0
github.com/fntelecomllc/studio/backend/cmd/health_check_test/main.go:248.2,249.52 2 0
github.com/fntelecomllc/studio/backend/cmd/migration_verifier/main.go:15.13,22.16 4 0
github.com/fntelecomllc/studio/backend/cmd/migration_verifier/main.go:22.16,23.56 1 0
github.com/fntelecomllc/studio/backend/cmd/migration_verifier/main.go:23.56,25.4 1 0
github.com/fntelecomllc/studio/backend/cmd/migration_verifier/main.go:25.9,27.4 1 0
github.com/fntelecomllc/studio/backend/cmd/migration_verifier/main.go:31.2,33.16 3 0
github.com/fntelecomllc/studio/backend/cmd/migration_verifier/main.go:33.16,35.3 1 0
github.com/fntelecomllc/studio/backend/cmd/migration_verifier/main.go:36.2,50.16 9 0
github.com/fntelecomllc/studio/backend/cmd/migration_verifier/main.go:50.16,52.3 1 0
github.com/fntelecomllc/studio/backend/cmd/migration_verifier/main.go:55.2,60.16 4 0
github.com/fntelecomllc/studio/backend/cmd/migration_verifier/main.go:60.16,62.3 1 0
github.com/fntelecomllc/studio/backend/cmd/migration_verifier/main.go:65.2,68.21 2 0
github.com/fntelecomllc/studio/backend/cmd/migration_verifier/main.go:68.21,70.3 1 0
github.com/fntelecomllc/studio/backend/cmd/migration_verifier/main.go:72.2,72.82 1 0
github.com/fntelecomllc/studio/backend/cmd/migration_verifier/main.go:76.65,80.20 3 0
github.com/fntelecomllc/studio/backend/cmd/migration_verifier/main.go:80.20,82.3 1 0
github.com/fntelecomllc/studio/backend/cmd/migration_verifier/main.go:82.8,85.40 2 0
github.com/fntelecomllc/studio/backend/cmd/migration_verifier/main.go:85.40,87.55 2 0
github.com/fntelecomllc/studio/backend/cmd/migration_verifier/main.go:87.55,89.5 1 0
github.com/fntelecomllc/studio/backend/cmd/migration_verifier/main.go:92.3,92.44 1 0
github.com/fntelecomllc/studio/backend/cmd/migration_verifier/main.go:92.44,94.59 2 0
github.com/fntelecomllc/studio/backend/cmd/migration_verifier/main.go:94.59,96.5 1 0
github.com/fntelecomllc/studio/backend/cmd/migration_verifier/main.go:99.3,99.39 1 0
github.com/fntelecomllc/studio/backend/cmd/migration_verifier/main.go:99.39,101.54 2 0
github.com/fntelecomllc/studio/backend/cmd/migration_verifier/main.go:101.54,103.5 1 0
github.com/fntelecomllc/studio/backend/cmd/create_admin_hash/main.go:9.13,15.16 4 0
github.com/fntelecomllc/studio/backend/cmd/create_admin_hash/main.go:15.16,17.3 1 0
github.com/fntelecomllc/studio/backend/cmd/create_admin_hash/main.go:19.2,23.16 3 0
github.com/fntelecomllc/studio/backend/cmd/create_admin_hash/main.go:23.16,25.3 1 0
github.com/fntelecomllc/studio/backend/cmd/create_admin_hash/main.go:27.2,27.46 1 0
github.com/fntelecomllc/studio/backend/cmd/apiserver/main.go:37.13,42.47 3 0
github.com/fntelecomllc/studio/backend/cmd/apiserver/main.go:42.47,45.3 2 0
github.com/fntelecomllc/studio/backend/cmd/apiserver/main.go:45.8,47.3 1 0
github.com/fntelecomllc/studio/backend/cmd/apiserver/main.go:50.2,51.16 2 0
github.com/fntelecomllc/studio/backend/cmd/apiserver/main.go:51.16,57.3 4 0
github.com/fntelecomllc/studio/backend/cmd/apiserver/main.go:58.2,76.44 13 0
github.com/fntelecomllc/studio/backend/cmd/apiserver/main.go:76.44,78.3 1 0
github.com/fntelecomllc/studio/backend/cmd/apiserver/main.go:78.8,87.19 7 0
github.com/fntelecomllc/studio/backend/cmd/apiserver/main.go:87.19,89.4 1 0
github.com/fntelecomllc/studio/backend/cmd/apiserver/main.go:90.3,90.19 1 0
github.com/fntelecomllc/studio/backend/cmd/apiserver/main.go:90.19,92.4 1 0
github.com/fntelecomllc/studio/backend/cmd/apiserver/main.go:93.3,93.19 1 0
github.com/fntelecomllc/studio/backend/cmd/apiserver/main.go:93.19,95.4 1 0
github.com/fntelecomllc/studio/backend/cmd/apiserver/main.go:96.3,96.23 1 0
github.com/fntelecomllc/studio/backend/cmd/apiserver/main.go:96.23,98.4 1 0
github.com/fntelecomllc/studio/backend/cmd/apiserver/main.go:99.3,99.19 1 0
github.com/fntelecomllc/studio/backend/cmd/apiserver/main.go:99.19,101.4 1 0
github.com/fntelecomllc/studio/backend/cmd/apiserver/main.go:102.3,102.22 1 0
github.com/fntelecomllc/studio/backend/cmd/apiserver/main.go:102.22,104.4 1 0
github.com/fntelecomllc/studio/backend/cmd/apiserver/main.go:106.3,107.58 1 0
github.com/fntelecomllc/studio/backend/cmd/apiserver/main.go:110.2,112.18 3 0
github.com/fntelecomllc/studio/backend/cmd/apiserver/main.go:112.18,114.3 1 0
github.com/fntelecomllc/studio/backend/cmd/apiserver/main.go:115.2,131.55 14 0
github.com/fntelecomllc/studio/backend/cmd/apiserver/main.go:131.55,133.3 1 0
github.com/fntelecomllc/studio/backend/cmd/apiserver/main.go:134.2,146.16 9 0
github.com/fntelecomllc/studio/backend/cmd/apiserver/main.go:146.16,148.3 1 0
github.com/fntelecomllc/studio/backend/cmd/apiserver/main.go:149.2,180.28 11 0
github.com/fntelecomllc/studio/backend/cmd/apiserver/main.go:180.28,182.3 1 0
github.com/fntelecomllc/studio/backend/cmd/apiserver/main.go:183.2,231.21 20 0
github.com/fntelecomllc/studio/backend/cmd/apiserver/main.go:231.21,233.3 1 0
github.com/fntelecomllc/studio/backend/cmd/apiserver/main.go:234.2,244.44 6 0
github.com/fntelecomllc/studio/backend/cmd/apiserver/main.go:244.44,245.47 1 0
github.com/fntelecomllc/studio/backend/cmd/apiserver/main.go:245.47,247.42 1 0
github.com/fntelecomllc/studio/backend/cmd/apiserver/main.go:247.42,250.5 2 0
github.com/fntelecomllc/studio/backend/cmd/apiserver/main.go:252.4,252.60 1 0
github.com/fntelecomllc/studio/backend/cmd/apiserver/main.go:256.2,268.2 7 0
github.com/fntelecomllc/studio/backend/cmd/apiserver/main.go:268.2,272.3 3 0
github.com/fntelecomllc/studio/backend/cmd/apiserver/main.go:273.2,285.2 8 0
github.com/fntelecomllc/studio/backend/cmd/apiserver/main.go:285.2,303.3 4 0
github.com/fntelecomllc/studio/backend/cmd/apiserver/main.go:303.3,305.4 2 0
github.com/fntelecomllc/studio/backend/cmd/apiserver/main.go:305.4,310.5 4 0
github.com/fntelecomllc/studio/backend/cmd/apiserver/main.go:311.4,312.4 2 0
github.com/fntelecomllc/studio/backend/cmd/apiserver/main.go:312.4,317.5 4 0
github.com/fntelecomllc/studio/backend/cmd/apiserver/main.go:321.3,322.3 2 0
github.com/fntelecomllc/studio/backend/cmd/apiserver/main.go:322.3,331.4 8 0
github.com/fntelecomllc/studio/backend/cmd/apiserver/main.go:334.3,336.3 3 0
github.com/fntelecomllc/studio/backend/cmd/apiserver/main.go:336.3,345.4 8 0
github.com/fntelecomllc/studio/backend/cmd/apiserver/main.go:348.3,349.3 2 0
github.com/fntelecomllc/studio/backend/cmd/apiserver/main.go:349.3,355.4 5 0
github.com/fntelecomllc/studio/backend/cmd/apiserver/main.go:358.3,360.3 3 0
github.com/fntelecomllc/studio/backend/cmd/apiserver/main.go:360.3,363.4 2 0
github.com/fntelecomllc/studio/backend/cmd/apiserver/main.go:366.3,366.53 1 0
github.com/fntelecomllc/studio/backend/cmd/apiserver/main.go:366.53,368.49 2 0
github.com/fntelecomllc/studio/backend/cmd/apiserver/main.go:368.49,371.5 2 0
github.com/fntelecomllc/studio/backend/cmd/apiserver/main.go:371.10,373.5 1 0
github.com/fntelecomllc/studio/backend/cmd/apiserver/main.go:375.3,377.111 2 0
github.com/fntelecomllc/studio/backend/cmd/apiserver/main.go:381.2,390.22 8 0
github.com/fntelecomllc/studio/backend/cmd/apiserver/main.go:390.22,392.3 1 0
github.com/fntelecomllc/studio/backend/cmd/apiserver/main.go:394.2,399.12 2 0
github.com/fntelecomllc/studio/backend/cmd/apiserver/main.go:399.12,400.77 1 0
github.com/fntelecomllc/studio/backend/cmd/apiserver/main.go:400.77,402.4 1 0
github.com/fntelecomllc/studio/backend/cmd/apiserver/main.go:405.2,417.50 9 0
github.com/fntelecomllc/studio/backend/cmd/apiserver/main.go:417.50,419.3 1 0
github.com/fntelecomllc/studio/backend/cmd/apiserver/main.go:421.2,421.54 1 0
github.com/fntelecomllc/studio/backend/cmd/migrate/main.go:14.13,28.15 6 0
github.com/fntelecomllc/studio/backend/cmd/migrate/main.go:28.15,30.16 2 0
github.com/fntelecomllc/studio/backend/cmd/migrate/main.go:30.16,32.4 1 0
github.com/fntelecomllc/studio/backend/cmd/migrate/main.go:36.2,41.16 4 0
github.com/fntelecomllc/studio/backend/cmd/migrate/main.go:41.16,43.3 1 0
github.com/fntelecomllc/studio/backend/cmd/migrate/main.go:46.2,46.19 1 0
github.com/fntelecomllc/studio/backend/cmd/migrate/main.go:47.12,50.33 3 0
github.com/fntelecomllc/studio/backend/cmd/migrate/main.go:50.33,52.4 1 0
github.com/fntelecomllc/studio/backend/cmd/migrate/main.go:52.9,52.24 1 0
github.com/fntelecomllc/studio/backend/cmd/migrate/main.go:52.24,54.4 1 0
github.com/fntelecomllc/studio/backend/cmd/migrate/main.go:54.9,56.4 1 0
github.com/fntelecomllc/studio/backend/cmd/migrate/main.go:57.14,60.47 3 0
github.com/fntelecomllc/studio/backend/cmd/migrate/main.go:60.47,62.4 1 0
github.com/fntelecomllc/studio/backend/cmd/migrate/main.go:62.9,64.4 1 0
github.com/fntelecomllc/studio/backend/cmd/migrate/main.go:65.10,66.80 1 0
github.com/fntelecomllc/studio/backend/cmd/generate_api_key/main.go:10.13,13.44 2 0
github.com/fntelecomllc/studio/backend/cmd/generate_api_key/main.go:13.44,16.3 2 0
github.com/fntelecomllc/studio/backend/cmd/generate_api_key/main.go:18.2,23.58 5 0
github.com/fntelecomllc/studio/backend/cmd/performance_tester/main.go:12.13,19.23 4 0
github.com/fntelecomllc/studio/backend/cmd/performance_tester/main.go:19.23,21.3 1 0
github.com/fntelecomllc/studio/backend/cmd/performance_tester/main.go:24.2,30.16 5 0
github.com/fntelecomllc/studio/backend/cmd/performance_tester/main.go:30.16,32.3 1 0
github.com/fntelecomllc/studio/backend/cmd/performance_tester/main.go:34.2,34.27 1 0
github.com/fntelecomllc/studio/backend/cmd/performance_tester/main.go:34.27,36.3 1 0
github.com/fntelecomllc/studio/backend/cmd/performance_tester/main.go:39.2,41.16 3 0
github.com/fntelecomllc/studio/backend/cmd/performance_tester/main.go:41.16,43.3 1 0
github.com/fntelecomllc/studio/backend/cmd/performance_tester/main.go:46.2,51.16 4 0
github.com/fntelecomllc/studio/backend/cmd/performance_tester/main.go:51.16,53.3 1 0
github.com/fntelecomllc/studio/backend/cmd/performance_tester/main.go:56.2,58.90 2 0
github.com/fntelecomllc/studio/backend/cmd/regression_tester/main.go:12.13,19.23 4 0
github.com/fntelecomllc/studio/backend/cmd/regression_tester/main.go:19.23,21.3 1 0
github.com/fntelecomllc/studio/backend/cmd/regression_tester/main.go:24.2,30.16 5 0
github.com/fntelecomllc/studio/backend/cmd/regression_tester/main.go:30.16,32.3 1 0
github.com/fntelecomllc/studio/backend/cmd/regression_tester/main.go:34.2,34.27 1 0
github.com/fntelecomllc/studio/backend/cmd/regression_tester/main.go:34.27,36.3 1 0
github.com/fntelecomllc/studio/backend/cmd/regression_tester/main.go:39.2,41.16 3 0
github.com/fntelecomllc/studio/backend/cmd/regression_tester/main.go:41.16,43.3 1 0
github.com/fntelecomllc/studio/backend/cmd/regression_tester/main.go:46.2,51.16 4 0
github.com/fntelecomllc/studio/backend/cmd/regression_tester/main.go:51.16,53.3 1 0
github.com/fntelecomllc/studio/backend/cmd/regression_tester/main.go:56.2,59.29 2 0
github.com/fntelecomllc/studio/backend/cmd/regression_tester/main.go:59.29,61.3 1 0
github.com/fntelecomllc/studio/backend/cmd/regression_tester/main.go:63.2,63.89 1 0
github.com/fntelecomllc/studio/backend/cmd/model_documenter/main.go:14.13,21.16 4 0
github.com/fntelecomllc/studio/backend/cmd/model_documenter/main.go:21.16,22.56 1 0
github.com/fntelecomllc/studio/backend/cmd/model_documenter/main.go:22.56,24.4 1 0
github.com/fntelecomllc/studio/backend/cmd/model_documenter/main.go:24.9,26.4 1 0
github.com/fntelecomllc/studio/backend/cmd/model_documenter/main.go:30.2,32.16 3 0
github.com/fntelecomllc/studio/backend/cmd/model_documenter/main.go:32.16,34.3 1 0
github.com/fntelecomllc/studio/backend/cmd/model_documenter/main.go:35.2,49.16 9 0
github.com/fntelecomllc/studio/backend/cmd/model_documenter/main.go:49.16,51.3 1 0
github.com/fntelecomllc/studio/backend/cmd/model_documenter/main.go:54.2,55.16 2 0
github.com/fntelecomllc/studio/backend/cmd/model_documenter/main.go:55.16,57.3 1 0
github.com/fntelecomllc/studio/backend/cmd/model_documenter/main.go:59.2,59.80 1 0
github.com/fntelecomllc/studio/backend/cmd/schema_validator/main.go:14.13,21.16 4 0
github.com/fntelecomllc/studio/backend/cmd/schema_validator/main.go:21.16,22.56 1 0
github.com/fntelecomllc/studio/backend/cmd/schema_validator/main.go:22.56,24.4 1 0
github.com/fntelecomllc/studio/backend/cmd/schema_validator/main.go:24.9,26.4 1 0
github.com/fntelecomllc/studio/backend/cmd/schema_validator/main.go:30.2,32.16 3 0
github.com/fntelecomllc/studio/backend/cmd/schema_validator/main.go:32.16,34.3 1 0
github.com/fntelecomllc/studio/backend/cmd/schema_validator/main.go:35.2,49.16 9 0
github.com/fntelecomllc/studio/backend/cmd/schema_validator/main.go:49.16,51.3 1 0
github.com/fntelecomllc/studio/backend/cmd/schema_validator/main.go:53.2,53.77 1 0
github.com/fntelecomllc/studio/backend/cmd/schema_validator/schema_validator_wrapper.go:20.49,24.2 1 0
github.com/fntelecomllc/studio/backend/cmd/schema_validator/schema_validator_wrapper.go:27.64,33.16 4 0
github.com/fntelecomllc/studio/backend/cmd/schema_validator/schema_validator_wrapper.go:33.16,35.3 1 0
github.com/fntelecomllc/studio/backend/cmd/schema_validator/schema_validator_wrapper.go:38.2,43.16 4 0
github.com/fntelecomllc/studio/backend/cmd/schema_validator/schema_validator_wrapper.go:43.16,45.3 1 0
github.com/fntelecomllc/studio/backend/cmd/schema_validator/schema_validator_wrapper.go:49.2,50.46 2 0
github.com/fntelecomllc/studio/backend/cmd/schema_validator/schema_validator_wrapper.go:50.46,55.58 2 0
github.com/fntelecomllc/studio/backend/cmd/schema_validator/schema_validator_wrapper.go:55.58,57.4 1 0
github.com/fntelecomllc/studio/backend/cmd/schema_validator/schema_validator_wrapper.go:59.2,64.16 4 0
github.com/fntelecomllc/studio/backend/cmd/schema_validator/schema_validator_wrapper.go:64.16,66.3 1 0
github.com/fntelecomllc/studio/backend/cmd/schema_validator/schema_validator_wrapper.go:69.2,74.16 4 0
github.com/fntelecomllc/studio/backend/cmd/schema_validator/schema_validator_wrapper.go:74.16,76.3 1 0
github.com/fntelecomllc/studio/backend/cmd/schema_validator/schema_validator_wrapper.go:79.2,81.12 2 0
github.com/fntelecomllc/studio/backend/cmd/schema_validator/schema_validator_wrapper.go:85.59,107.2 3 0
github.com/fntelecomllc/studio/backend/cmd/schema_validator/schema_validator_wrapper.go:113.42,132.2 1 0
github.com/fntelecomllc/studio/backend/cmd/schema_validator/schema_validator_wrapper.go:135.79,140.35 3 0
github.com/fntelecomllc/studio/backend/cmd/schema_validator/schema_validator_wrapper.go:140.35,142.46 2 0
github.com/fntelecomllc/studio/backend/cmd/schema_validator/schema_validator_wrapper.go:142.46,144.4 1 0
github.com/fntelecomllc/studio/backend/cmd/schema_validator/schema_validator_wrapper.go:145.8,147.3 1 0
github.com/fntelecomllc/studio/backend/cmd/schema_validator/schema_validator_wrapper.go:150.2,150.35 1 0
github.com/fntelecomllc/studio/backend/cmd/schema_validator/schema_validator_wrapper.go:150.35,152.46 2 0
github.com/fntelecomllc/studio/backend/cmd/schema_validator/schema_validator_wrapper.go:152.46,154.4 1 0
github.com/fntelecomllc/studio/backend/cmd/schema_validator/schema_validator_wrapper.go:155.8,157.3 1 0
github.com/fntelecomllc/studio/backend/cmd/schema_validator/schema_validator_wrapper.go:160.2,161.57 2 0
github.com/fntelecomllc/studio/backend/cmd/schema_validator/schema_validator_wrapper.go:161.57,163.3 1 0
github.com/fntelecomllc/studio/backend/cmd/schema_validator/schema_validator_wrapper.go:165.2,165.25 1 0
github.com/fntelecomllc/studio/backend/cmd/schema_validator/schema_validator_wrapper.go:165.25,167.62 2 0
github.com/fntelecomllc/studio/backend/cmd/schema_validator/schema_validator_wrapper.go:167.62,169.4 1 0
github.com/fntelecomllc/studio/backend/cmd/schema_validator/schema_validator_wrapper.go:170.8,172.3 1 0
github.com/fntelecomllc/studio/backend/cmd/schema_validator/schema_validator_wrapper.go:175.2,175.94 1 0
github.com/fntelecomllc/studio/backend/cmd/schema_validator/schema_validator_wrapper.go:175.94,177.3 1 0
github.com/fntelecomllc/studio/backend/cmd/schema_validator/schema_validator_wrapper.go:177.8,180.3 2 0
github.com/fntelecomllc/studio/backend/cmd/schema_validator/schema_validator_wrapper.go:184.52,205.2 15 0
github.com/fntelecomllc/studio/backend/cmd/security_scanner/main.go:11.13,19.25 5 0
github.com/fntelecomllc/studio/backend/cmd/security_scanner/main.go:19.25,21.3 1 0
github.com/fntelecomllc/studio/backend/cmd/security_scanner/main.go:22.2,22.30 1 0
github.com/fntelecomllc/studio/backend/cmd/security_scanner/main.go:22.30,24.3 1 0
github.com/fntelecomllc/studio/backend/cmd/security_scanner/main.go:27.2,29.16 3 0
github.com/fntelecomllc/studio/backend/cmd/security_scanner/main.go:29.16,31.3 1 0
github.com/fntelecomllc/studio/backend/cmd/security_scanner/main.go:34.2,36.16 3 0
github.com/fntelecomllc/studio/backend/cmd/security_scanner/main.go:36.16,38.3 1 0
github.com/fntelecomllc/studio/backend/cmd/security_scanner/main.go:41.2,47.16 5 0
github.com/fntelecomllc/studio/backend/cmd/security_scanner/main.go:47.16,49.3 1 0
github.com/fntelecomllc/studio/backend/cmd/security_scanner/main.go:52.2,57.16 4 0
github.com/fntelecomllc/studio/backend/cmd/security_scanner/main.go:57.16,59.3 1 0
github.com/fntelecomllc/studio/backend/cmd/security_scanner/main.go:62.2,65.38 2 0
github.com/fntelecomllc/studio/backend/cmd/security_scanner/main.go:65.38,67.3 1 0
github.com/fntelecomllc/studio/backend/cmd/security_scanner/main.go:69.2,69.87 1 0
github.com/fntelecomllc/studio/backend/cmd/test_coverage_report/main.go:31.13,37.34 5 0
github.com/fntelecomllc/studio/backend/cmd/test_coverage_report/main.go:37.34,39.3 1 0
github.com/fntelecomllc/studio/backend/cmd/test_coverage_report/main.go:42.2,44.16 3 0
github.com/fntelecomllc/studio/backend/cmd/test_coverage_report/main.go:44.16,46.3 1 0
github.com/fntelecomllc/studio/backend/cmd/test_coverage_report/main.go:49.2,55.34 3 0
github.com/fntelecomllc/studio/backend/cmd/test_coverage_report/main.go:58.72,62.16 3 0
github.com/fntelecomllc/studio/backend/cmd/test_coverage_report/main.go:62.16,64.3 1 0
github.com/fntelecomllc/studio/backend/cmd/test_coverage_report/main.go:67.2,69.29 3 0
github.com/fntelecomllc/studio/backend/cmd/test_coverage_report/main.go:69.29,70.39 1 0
github.com/fntelecomllc/studio/backend/cmd/test_coverage_report/main.go:70.39,71.12 1 0
github.com/fntelecomllc/studio/backend/cmd/test_coverage_report/main.go:73.3,74.22 2 0
github.com/fntelecomllc/studio/backend/cmd/test_coverage_report/main.go:74.22,75.12 1 0
github.com/fntelecomllc/studio/backend/cmd/test_coverage_report/main.go:79.3,88.60 6 0
github.com/fntelecomllc/studio/backend/cmd/test_coverage_report/main.go:88.60,90.4 1 0
github.com/fntelecomllc/studio/backend/cmd/test_coverage_report/main.go:90.9,92.4 1 0
github.com/fntelecomllc/studio/backend/cmd/test_coverage_report/main.go:95.2,95.26 1 0
github.com/fntelecomllc/studio/backend/cmd/test_coverage_report/main.go:98.69,107.40 3 0
github.com/fntelecomllc/studio/backend/cmd/test_coverage_report/main.go:107.40,109.3 1 0
github.com/fntelecomllc/studio/backend/cmd/test_coverage_report/main.go:110.2,113.42 2 0
github.com/fntelecomllc/studio/backend/cmd/test_coverage_report/main.go:113.42,114.22 1 0
github.com/fntelecomllc/studio/backend/cmd/test_coverage_report/main.go:114.22,116.4 1 0
github.com/fntelecomllc/studio/backend/cmd/test_coverage_report/main.go:118.2,121.43 2 0
github.com/fntelecomllc/studio/backend/cmd/test_coverage_report/main.go:121.43,122.43 1 0
github.com/fntelecomllc/studio/backend/cmd/test_coverage_report/main.go:122.43,123.42 1 0
github.com/fntelecomllc/studio/backend/cmd/test_coverage_report/main.go:123.42,125.5 1 0
github.com/fntelecomllc/studio/backend/cmd/test_coverage_report/main.go:129.2,129.15 1 0
github.com/fntelecomllc/studio/backend/cmd/test_coverage_report/main.go:132.42,136.60 3 0
github.com/fntelecomllc/studio/backend/cmd/test_coverage_report/main.go:136.60,138.3 1 0
github.com/fntelecomllc/studio/backend/cmd/test_coverage_report/main.go:140.2,141.49 2 0
github.com/fntelecomllc/studio/backend/cmd/test_coverage_report/main.go:141.49,143.3 1 0
github.com/fntelecomllc/studio/backend/cmd/test_coverage_report/main.go:146.2,147.16 2 0
github.com/fntelecomllc/studio/backend/cmd/test_coverage_report/main.go:147.16,149.3 1 0
github.com/fntelecomllc/studio/backend/cmd/test_coverage_report/main.go:151.2,151.77 1 0
github.com/fntelecomllc/studio/backend/cmd/test_coverage_report/main.go:151.77,153.3 1 0
github.com/fntelecomllc/studio/backend/cmd/test_coverage_report/main.go:154.2,154.66 1 0
github.com/fntelecomllc/studio/backend/cmd/test_coverage_report/main.go:157.54,160.60 2 0
github.com/fntelecomllc/studio/backend/cmd/test_coverage_report/main.go:160.60,161.23 1 0
github.com/fntelecomllc/studio/backend/cmd/test_coverage_report/main.go:161.23,163.4 1 0
github.com/fntelecomllc/studio/backend/cmd/test_coverage_report/main.go:166.2,166.33 1 0
github.com/fntelecomllc/studio/backend/cmd/test_coverage_report/main.go:166.33,168.46 2 0
github.com/fntelecomllc/studio/backend/cmd/test_coverage_report/main.go:168.46,170.4 1 0
github.com/fntelecomllc/studio/backend/cmd/test_coverage_report/main.go:171.3,171.86 1 0
github.com/fntelecomllc/studio/backend/cmd/test_coverage_report/main.go:172.8,174.3 1 0
github.com/fntelecomllc/studio/backend/cmd/test_dashboard/main.go:256.13,259.63 2 0
github.com/fntelecomllc/studio/backend/cmd/test_dashboard/main.go:259.63,261.3 1 0
github.com/fntelecomllc/studio/backend/cmd/test_dashboard/main.go:264.2,265.16 2 0
github.com/fntelecomllc/studio/backend/cmd/test_dashboard/main.go:265.16,267.3 1 0
github.com/fntelecomllc/studio/backend/cmd/test_dashboard/main.go:270.2,271.62 2 0
github.com/fntelecomllc/studio/backend/cmd/test_dashboard/main.go:271.62,273.3 1 0
github.com/fntelecomllc/studio/backend/cmd/test_dashboard/main.go:276.2,276.28 1 0
github.com/fntelecomllc/studio/backend/cmd/test_dashboard/main.go:276.28,278.3 1 0
github.com/fntelecomllc/studio/backend/cmd/test_dashboard/main.go:281.2,281.31 1 0
github.com/fntelecomllc/studio/backend/cmd/test_dashboard/main.go:281.31,283.3 1 0
github.com/fntelecomllc/studio/backend/cmd/test_dashboard/main.go:286.2,290.46 4 0
github.com/fntelecomllc/studio/backend/cmd/test_dashboard/main.go:290.46,291.20 1 0
github.com/fntelecomllc/studio/backend/cmd/test_dashboard/main.go:291.20,293.4 1 0
github.com/fntelecomllc/studio/backend/cmd/test_dashboard/main.go:294.3,294.20 1 0
github.com/fntelecomllc/studio/backend/cmd/test_dashboard/main.go:294.20,296.4 1 0
github.com/fntelecomllc/studio/backend/cmd/test_dashboard/main.go:299.2,300.20 2 0
github.com/fntelecomllc/studio/backend/cmd/test_dashboard/main.go:300.20,302.3 1 0
github.com/fntelecomllc/studio/backend/cmd/test_dashboard/main.go:305.2,306.54 2 0
github.com/fntelecomllc/studio/backend/cmd/test_dashboard/main.go:306.54,307.23 1 0
github.com/fntelecomllc/studio/backend/cmd/test_dashboard/main.go:307.23,309.9 2 0
github.com/fntelecomllc/studio/backend/cmd/test_dashboard/main.go:314.2,315.42 2 0
github.com/fntelecomllc/studio/backend/cmd/test_dashboard/main.go:315.42,317.3 1 0
github.com/fntelecomllc/studio/backend/cmd/test_dashboard/main.go:318.2,322.33 3 0
github.com/fntelecomllc/studio/backend/cmd/test_dashboard/main.go:322.33,324.3 1 0
github.com/fntelecomllc/studio/backend/cmd/test_dashboard/main.go:325.2,325.33 1 0
github.com/fntelecomllc/studio/backend/cmd/test_dashboard/main.go:325.33,327.3 1 0
github.com/fntelecomllc/studio/backend/cmd/test_dashboard/main.go:330.2,342.16 3 0
github.com/fntelecomllc/studio/backend/cmd/test_dashboard/main.go:342.16,344.3 1 0
github.com/fntelecomllc/studio/backend/cmd/test_dashboard/main.go:347.2,348.53 2 0
github.com/fntelecomllc/studio/backend/cmd/test_dashboard/main.go:348.53,350.3 1 0
github.com/fntelecomllc/studio/backend/cmd/test_dashboard/main.go:353.2,358.16 4 0
github.com/fntelecomllc/studio/backend/cmd/test_dashboard/main.go:358.16,360.3 1 0
github.com/fntelecomllc/studio/backend/cmd/test_dashboard/main.go:361.2,364.49 2 0
github.com/fntelecomllc/studio/backend/cmd/test_dashboard/main.go:364.49,366.3 1 0
github.com/fntelecomllc/studio/backend/cmd/test_dashboard/main.go:369.2,371.59 3 0
github.com/fntelecomllc/studio/backend/cmd/test_dashboard/main.go:371.59,373.3 1 0
github.com/fntelecomllc/studio/backend/cmd/test_dashboard/main.go:375.2,376.63 2 0
github.com/fntelecomllc/studio/backend/internal/contentfetcher/contentfetcher.go:46.73,52.47 2 0
github.com/fntelecomllc/studio/backend/internal/contentfetcher/contentfetcher.go:53.29,54.43 1 0
github.com/fntelecomllc/studio/backend/internal/contentfetcher/contentfetcher.go:54.43,57.36 3 0
github.com/fntelecomllc/studio/backend/internal/contentfetcher/contentfetcher.go:57.36,59.5 1 0
github.com/fntelecomllc/studio/backend/internal/contentfetcher/contentfetcher.go:60.4,60.51 1 0
github.com/fntelecomllc/studio/backend/internal/contentfetcher/contentfetcher.go:60.51,61.28 1 0
github.com/fntelecomllc/studio/backend/internal/contentfetcher/contentfetcher.go:61.28,63.6 1 0
github.com/fntelecomllc/studio/backend/internal/contentfetcher/contentfetcher.go:65.4,65.26 1 0
github.com/fntelecomllc/studio/backend/internal/contentfetcher/contentfetcher.go:65.26,67.5 1 0
github.com/fntelecomllc/studio/backend/internal/contentfetcher/contentfetcher.go:67.10,69.5 1 0
github.com/fntelecomllc/studio/backend/internal/contentfetcher/contentfetcher.go:71.27,72.37 1 0
github.com/fntelecomllc/studio/backend/internal/contentfetcher/contentfetcher.go:72.37,74.52 2 0
github.com/fntelecomllc/studio/backend/internal/contentfetcher/contentfetcher.go:74.52,75.20 1 0
github.com/fntelecomllc/studio/backend/internal/contentfetcher/contentfetcher.go:75.20,76.14 1 0
github.com/fntelecomllc/studio/backend/internal/contentfetcher/contentfetcher.go:78.5,78.33 1 0
github.com/fntelecomllc/studio/backend/internal/contentfetcher/contentfetcher.go:78.33,80.6 1 0
github.com/fntelecomllc/studio/backend/internal/contentfetcher/contentfetcher.go:82.4,82.37 1 0
github.com/fntelecomllc/studio/backend/internal/contentfetcher/contentfetcher.go:82.37,83.60 1 0
github.com/fntelecomllc/studio/backend/internal/contentfetcher/contentfetcher.go:83.60,85.6 1 0
github.com/fntelecomllc/studio/backend/internal/contentfetcher/contentfetcher.go:86.5,86.40 1 0
github.com/fntelecomllc/studio/backend/internal/contentfetcher/contentfetcher.go:87.10,89.30 2 0
github.com/fntelecomllc/studio/backend/internal/contentfetcher/contentfetcher.go:89.30,90.53 1 0
github.com/fntelecomllc/studio/backend/internal/contentfetcher/contentfetcher.go:90.53,90.124 1 0
github.com/fntelecomllc/studio/backend/internal/contentfetcher/contentfetcher.go:93.9,94.29 1 0
github.com/fntelecomllc/studio/backend/internal/contentfetcher/contentfetcher.go:94.29,95.52 1 0
github.com/fntelecomllc/studio/backend/internal/contentfetcher/contentfetcher.go:95.52,95.123 1 0
github.com/fntelecomllc/studio/backend/internal/contentfetcher/contentfetcher.go:98.25,99.14 1 0
github.com/fntelecomllc/studio/backend/internal/contentfetcher/contentfetcher.go:100.10,101.28 1 0
github.com/fntelecomllc/studio/backend/internal/contentfetcher/contentfetcher.go:101.28,102.51 1 0
github.com/fntelecomllc/studio/backend/internal/contentfetcher/contentfetcher.go:102.51,102.122 1 0
github.com/fntelecomllc/studio/backend/internal/contentfetcher/contentfetcher.go:105.2,105.11 1 0
github.com/fntelecomllc/studio/backend/internal/contentfetcher/contentfetcher.go:108.63,112.28 3 0
github.com/fntelecomllc/studio/backend/internal/contentfetcher/contentfetcher.go:112.28,114.3 1 0
github.com/fntelecomllc/studio/backend/internal/contentfetcher/contentfetcher.go:116.2,119.39 3 0
github.com/fntelecomllc/studio/backend/internal/contentfetcher/contentfetcher.go:119.39,120.48 1 0
github.com/fntelecomllc/studio/backend/internal/contentfetcher/contentfetcher.go:120.48,122.4 1 0
github.com/fntelecomllc/studio/backend/internal/contentfetcher/contentfetcher.go:123.3,123.52 1 0
github.com/fntelecomllc/studio/backend/internal/contentfetcher/contentfetcher.go:124.8,127.3 2 0
github.com/fntelecomllc/studio/backend/internal/contentfetcher/contentfetcher.go:128.2,128.26 1 0
github.com/fntelecomllc/studio/backend/internal/contentfetcher/contentfetcher.go:131.103,132.19 1 0
github.com/fntelecomllc/studio/backend/internal/contentfetcher/contentfetcher.go:132.19,137.3 1 0
github.com/fntelecomllc/studio/backend/internal/contentfetcher/contentfetcher.go:138.2,138.63 1 0
github.com/fntelecomllc/studio/backend/internal/contentfetcher/contentfetcher.go:147.144,156.29 2 0
github.com/fntelecomllc/studio/backend/internal/contentfetcher/contentfetcher.go:156.29,158.3 1 0
github.com/fntelecomllc/studio/backend/internal/contentfetcher/contentfetcher.go:159.2,159.29 1 0
github.com/fntelecomllc/studio/backend/internal/contentfetcher/contentfetcher.go:159.29,161.3 1 0
github.com/fntelecomllc/studio/backend/internal/contentfetcher/contentfetcher.go:162.2,162.33 1 0
github.com/fntelecomllc/studio/backend/internal/contentfetcher/contentfetcher.go:162.33,163.77 1 0
github.com/fntelecomllc/studio/backend/internal/contentfetcher/contentfetcher.go:163.77,165.4 1 0
github.com/fntelecomllc/studio/backend/internal/contentfetcher/contentfetcher.go:165.9,165.64 1 0
github.com/fntelecomllc/studio/backend/internal/contentfetcher/contentfetcher.go:165.64,167.19 2 0
github.com/fntelecomllc/studio/backend/internal/contentfetcher/contentfetcher.go:167.19,169.5 1 0
github.com/fntelecomllc/studio/backend/internal/contentfetcher/contentfetcher.go:173.2,174.85 2 0
github.com/fntelecomllc/studio/backend/internal/contentfetcher/contentfetcher.go:174.85,177.3 2 0
github.com/fntelecomllc/studio/backend/internal/contentfetcher/contentfetcher.go:179.2,180.60 2 0
github.com/fntelecomllc/studio/backend/internal/contentfetcher/contentfetcher.go:180.60,182.3 1 0
github.com/fntelecomllc/studio/backend/internal/contentfetcher/contentfetcher.go:184.2,187.44 3 0
github.com/fntelecomllc/studio/backend/internal/contentfetcher/contentfetcher.go:187.44,190.23 3 0
github.com/fntelecomllc/studio/backend/internal/contentfetcher/contentfetcher.go:190.23,192.12 2 0
github.com/fntelecomllc/studio/backend/internal/contentfetcher/contentfetcher.go:195.3,196.44 2 0
github.com/fntelecomllc/studio/backend/internal/contentfetcher/contentfetcher.go:196.44,198.4 1 0
github.com/fntelecomllc/studio/backend/internal/contentfetcher/contentfetcher.go:199.3,199.47 1 0
github.com/fntelecomllc/studio/backend/internal/contentfetcher/contentfetcher.go:199.47,201.4 1 0
github.com/fntelecomllc/studio/backend/internal/contentfetcher/contentfetcher.go:202.3,202.56 1 0
github.com/fntelecomllc/studio/backend/internal/contentfetcher/contentfetcher.go:202.56,204.4 1 0
github.com/fntelecomllc/studio/backend/internal/contentfetcher/contentfetcher.go:206.3,207.19 2 0
github.com/fntelecomllc/studio/backend/internal/contentfetcher/contentfetcher.go:207.19,209.26 2 0
github.com/fntelecomllc/studio/backend/internal/contentfetcher/contentfetcher.go:209.26,211.5 1 0
github.com/fntelecomllc/studio/backend/internal/contentfetcher/contentfetcher.go:212.4,212.24 1 0
github.com/fntelecomllc/studio/backend/internal/contentfetcher/contentfetcher.go:212.24,214.5 1 0
github.com/fntelecomllc/studio/backend/internal/contentfetcher/contentfetcher.go:215.4,215.12 1 0
github.com/fntelecomllc/studio/backend/internal/contentfetcher/contentfetcher.go:217.3,219.8 3 0
github.com/fntelecomllc/studio/backend/internal/contentfetcher/contentfetcher.go:222.2,222.25 1 0
github.com/fntelecomllc/studio/backend/internal/contentfetcher/contentfetcher.go:222.25,223.144 1 0
github.com/fntelecomllc/studio/backend/internal/contentfetcher/contentfetcher.go:223.144,225.4 1 0
github.com/fntelecomllc/studio/backend/internal/contentfetcher/contentfetcher.go:226.3,226.84 1 0
github.com/fntelecomllc/studio/backend/internal/contentfetcher/contentfetcher.go:229.2,229.17 1 0
github.com/fntelecomllc/studio/backend/internal/contentfetcher/contentfetcher.go:229.17,231.3 1 0
github.com/fntelecomllc/studio/backend/internal/contentfetcher/contentfetcher.go:232.2,237.55 4 0
github.com/fntelecomllc/studio/backend/internal/contentfetcher/contentfetcher.go:237.55,239.3 1 0
github.com/fntelecomllc/studio/backend/internal/contentfetcher/contentfetcher.go:241.2,242.20 2 0
github.com/fntelecomllc/studio/backend/internal/contentfetcher/contentfetcher.go:242.20,244.3 1 0
github.com/fntelecomllc/studio/backend/internal/contentfetcher/contentfetcher.go:246.2,247.90 2 0
github.com/fntelecomllc/studio/backend/internal/contentfetcher/contentfetcher.go:255.158,261.130 4 0
github.com/fntelecomllc/studio/backend/internal/contentfetcher/contentfetcher.go:261.130,262.89 1 0
github.com/fntelecomllc/studio/backend/internal/contentfetcher/contentfetcher.go:262.89,265.4 2 0
github.com/fntelecomllc/studio/backend/internal/contentfetcher/contentfetcher.go:265.9,267.4 1 0
github.com/fntelecomllc/studio/backend/internal/contentfetcher/contentfetcher.go:268.8,270.30 2 0
github.com/fntelecomllc/studio/backend/internal/contentfetcher/contentfetcher.go:270.30,272.4 1 0
github.com/fntelecomllc/studio/backend/internal/contentfetcher/contentfetcher.go:275.2,276.30 2 0
github.com/fntelecomllc/studio/backend/internal/contentfetcher/contentfetcher.go:276.30,278.3 1 0
github.com/fntelecomllc/studio/backend/internal/contentfetcher/contentfetcher.go:279.2,279.30 1 0
github.com/fntelecomllc/studio/backend/internal/contentfetcher/contentfetcher.go:279.30,281.3 1 0
github.com/fntelecomllc/studio/backend/internal/contentfetcher/contentfetcher.go:283.2,284.62 2 0
github.com/fntelecomllc/studio/backend/internal/contentfetcher/contentfetcher.go:284.62,286.3 1 0
github.com/fntelecomllc/studio/backend/internal/contentfetcher/contentfetcher.go:287.2,287.43 1 0
github.com/fntelecomllc/studio/backend/internal/contentfetcher/contentfetcher.go:287.43,289.3 1 0
github.com/fntelecomllc/studio/backend/internal/contentfetcher/contentfetcher.go:291.2,293.43 3 0
github.com/fntelecomllc/studio/backend/internal/contentfetcher/contentfetcher.go:293.43,295.3 1 0
github.com/fntelecomllc/studio/backend/internal/contentfetcher/contentfetcher.go:296.2,296.22 1 0
github.com/fntelecomllc/studio/backend/internal/contentfetcher/contentfetcher.go:296.22,298.3 1 0
github.com/fntelecomllc/studio/backend/internal/contentfetcher/contentfetcher.go:300.2,306.126 3 0
github.com/fntelecomllc/studio/backend/internal/contentfetcher/contentfetcher.go:306.126,307.87 1 0
github.com/fntelecomllc/studio/backend/internal/contentfetcher/contentfetcher.go:307.87,309.4 1 0
github.com/fntelecomllc/studio/backend/internal/contentfetcher/contentfetcher.go:309.9,310.40 1 0
github.com/fntelecomllc/studio/backend/internal/contentfetcher/contentfetcher.go:310.40,316.104 4 0
github.com/fntelecomllc/studio/backend/internal/contentfetcher/contentfetcher.go:316.104,320.85 4 0
github.com/fntelecomllc/studio/backend/internal/contentfetcher/contentfetcher.go:320.85,322.7 1 0
github.com/fntelecomllc/studio/backend/internal/contentfetcher/contentfetcher.go:324.6,324.57 1 0
github.com/fntelecomllc/studio/backend/internal/contentfetcher/contentfetcher.go:324.57,327.28 2 0
github.com/fntelecomllc/studio/backend/internal/contentfetcher/contentfetcher.go:327.28,329.13 2 0
github.com/fntelecomllc/studio/backend/internal/contentfetcher/contentfetcher.go:331.7,331.47 1 0
github.com/fntelecomllc/studio/backend/internal/contentfetcher/contentfetcher.go:331.47,333.8 1 0
github.com/fntelecomllc/studio/backend/internal/contentfetcher/contentfetcher.go:334.7,335.26 2 0
github.com/fntelecomllc/studio/backend/internal/contentfetcher/contentfetcher.go:335.26,337.8 1 0
github.com/fntelecomllc/studio/backend/internal/contentfetcher/contentfetcher.go:338.7,341.25 3 0
github.com/fntelecomllc/studio/backend/internal/contentfetcher/contentfetcher.go:341.25,346.8 4 0
github.com/fntelecomllc/studio/backend/internal/contentfetcher/contentfetcher.go:347.7,348.86 2 0
github.com/fntelecomllc/studio/backend/internal/contentfetcher/contentfetcher.go:348.86,353.8 4 0
github.com/fntelecomllc/studio/backend/internal/contentfetcher/contentfetcher.go:353.13,354.13 1 0
github.com/fntelecomllc/studio/backend/internal/contentfetcher/contentfetcher.go:357.6,357.140 1 0
github.com/fntelecomllc/studio/backend/internal/contentfetcher/contentfetcher.go:360.5,365.100 2 0
github.com/fntelecomllc/studio/backend/internal/contentfetcher/contentfetcher.go:365.100,367.25 2 0
github.com/fntelecomllc/studio/backend/internal/contentfetcher/contentfetcher.go:367.25,369.7 1 0
github.com/fntelecomllc/studio/backend/internal/contentfetcher/contentfetcher.go:370.6,370.34 1 0
github.com/fntelecomllc/studio/backend/internal/contentfetcher/contentfetcher.go:370.34,372.7 1 0
github.com/fntelecomllc/studio/backend/internal/contentfetcher/contentfetcher.go:374.6,375.44 2 0
github.com/fntelecomllc/studio/backend/internal/contentfetcher/contentfetcher.go:375.44,377.7 1 0
github.com/fntelecomllc/studio/backend/internal/contentfetcher/contentfetcher.go:378.6,378.104 1 0
github.com/fntelecomllc/studio/backend/internal/contentfetcher/contentfetcher.go:380.10,382.5 1 0
github.com/fntelecomllc/studio/backend/internal/contentfetcher/contentfetcher.go:384.8,384.35 1 0
github.com/fntelecomllc/studio/backend/internal/contentfetcher/contentfetcher.go:384.35,386.3 1 0
github.com/fntelecomllc/studio/backend/internal/contentfetcher/contentfetcher.go:388.2,400.46 2 0
github.com/fntelecomllc/studio/backend/internal/contentfetcher/contentfetcher.go:400.46,402.3 1 0
github.com/fntelecomllc/studio/backend/internal/contentfetcher/contentfetcher.go:405.2,405.41 1 0
github.com/fntelecomllc/studio/backend/internal/contentfetcher/contentfetcher.go:405.41,408.3 2 0
github.com/fntelecomllc/studio/backend/internal/contentfetcher/contentfetcher.go:410.2,413.71 3 0
github.com/fntelecomllc/studio/backend/internal/contentfetcher/contentfetcher.go:413.71,415.33 2 0
github.com/fntelecomllc/studio/backend/internal/contentfetcher/contentfetcher.go:415.33,417.4 1 0
github.com/fntelecomllc/studio/backend/internal/contentfetcher/contentfetcher.go:418.3,426.51 4 0
github.com/fntelecomllc/studio/backend/internal/contentfetcher/contentfetcher.go:426.51,429.4 2 0
github.com/fntelecomllc/studio/backend/internal/contentfetcher/contentfetcher.go:429.9,431.4 1 0
github.com/fntelecomllc/studio/backend/internal/contentfetcher/contentfetcher.go:432.8,432.31 1 0
github.com/fntelecomllc/studio/backend/internal/contentfetcher/contentfetcher.go:432.31,434.34 2 0
github.com/fntelecomllc/studio/backend/internal/contentfetcher/contentfetcher.go:434.34,437.52 3 0
github.com/fntelecomllc/studio/backend/internal/contentfetcher/contentfetcher.go:437.52,440.5 2 0
github.com/fntelecomllc/studio/backend/internal/contentfetcher/contentfetcher.go:440.10,442.5 1 0
github.com/fntelecomllc/studio/backend/internal/contentfetcher/contentfetcher.go:443.9,445.4 1 0
github.com/fntelecomllc/studio/backend/internal/contentfetcher/contentfetcher.go:448.2,449.110 2 0
github.com/fntelecomllc/studio/backend/internal/contentfetcher/contentfetcher.go:449.110,452.20 3 0
github.com/fntelecomllc/studio/backend/internal/contentfetcher/contentfetcher.go:452.20,454.4 1 0
github.com/fntelecomllc/studio/backend/internal/contentfetcher/contentfetcher.go:457.2,461.69 1 0
github.com/fntelecomllc/studio/backend/internal/contentfetcher/contentfetcher.go:461.69,462.41 1 0
github.com/fntelecomllc/studio/backend/internal/contentfetcher/contentfetcher.go:462.41,464.5 1 0
github.com/fntelecomllc/studio/backend/internal/contentfetcher/contentfetcher.go:465.4,465.14 1 0
github.com/fntelecomllc/studio/backend/internal/contentfetcher/contentfetcher.go:468.2,468.30 1 0
github.com/fntelecomllc/studio/backend/internal/contentfetcher/contentfetcher.go:468.30,470.3 1 0
github.com/fntelecomllc/studio/backend/internal/contentfetcher/contentfetcher.go:472.2,472.119 1 0
github.com/fntelecomllc/studio/backend/internal/contentfetcher/contentfetcher.go:475.83,478.62 2 0
github.com/fntelecomllc/studio/backend/internal/contentfetcher/contentfetcher.go:479.14,481.19 2 0
github.com/fntelecomllc/studio/backend/internal/contentfetcher/contentfetcher.go:481.19,483.4 1 0
github.com/fntelecomllc/studio/backend/internal/contentfetcher/contentfetcher.go:484.3,485.20 2 0
github.com/fntelecomllc/studio/backend/internal/contentfetcher/contentfetcher.go:486.17,488.21 2 0
github.com/fntelecomllc/studio/backend/internal/contentfetcher/contentfetcher.go:488.21,490.4 1 0
github.com/fntelecomllc/studio/backend/internal/contentfetcher/contentfetcher.go:491.3,492.22 2 0
github.com/fntelecomllc/studio/backend/internal/contentfetcher/contentfetcher.go:495.2,497.41 3 0
github.com/fntelecomllc/studio/backend/internal/contentfetcher/contentfetcher.go:497.41,499.3 1 0
github.com/fntelecomllc/studio/backend/internal/contentfetcher/contentfetcher.go:501.2,503.20 3 0
github.com/fntelecomllc/studio/backend/internal/contentfetcher/contentfetcher.go:503.20,506.3 2 0
github.com/fntelecomllc/studio/backend/internal/contentfetcher/contentfetcher.go:508.2,509.24 2 0
github.com/fntelecomllc/studio/backend/internal/contentfetcher/contentfetcher.go:509.24,512.3 2 0
github.com/fntelecomllc/studio/backend/internal/contentfetcher/contentfetcher.go:513.2,513.23 1 0
github.com/fntelecomllc/studio/backend/internal/apicontracttester/api_contract_tester.go:53.62,60.2 1 0
github.com/fntelecomllc/studio/backend/internal/apicontracttester/api_contract_tester.go:63.62,85.37 4 0
github.com/fntelecomllc/studio/backend/internal/apicontracttester/api_contract_tester.go:85.37,97.17 4 0
github.com/fntelecomllc/studio/backend/internal/apicontracttester/api_contract_tester.go:97.17,104.12 7 0
github.com/fntelecomllc/studio/backend/internal/apicontracttester/api_contract_tester.go:108.3,111.51 3 0
github.com/fntelecomllc/studio/backend/internal/apicontracttester/api_contract_tester.go:111.51,113.4 1 0
github.com/fntelecomllc/studio/backend/internal/apicontracttester/api_contract_tester.go:116.3,122.17 6 0
github.com/fntelecomllc/studio/backend/internal/apicontracttester/api_contract_tester.go:122.17,129.12 7 0
github.com/fntelecomllc/studio/backend/internal/apicontracttester/api_contract_tester.go:131.3,135.45 3 0
github.com/fntelecomllc/studio/backend/internal/apicontracttester/api_contract_tester.go:135.45,139.4 3 0
github.com/fntelecomllc/studio/backend/internal/apicontracttester/api_contract_tester.go:142.3,143.17 2 0
github.com/fntelecomllc/studio/backend/internal/apicontracttester/api_contract_tester.go:143.17,147.4 3 0
github.com/fntelecomllc/studio/backend/internal/apicontracttester/api_contract_tester.go:150.3,150.42 1 0
github.com/fntelecomllc/studio/backend/internal/apicontracttester/api_contract_tester.go:150.42,152.58 2 0
github.com/fntelecomllc/studio/backend/internal/apicontracttester/api_contract_tester.go:152.58,156.5 3 0
github.com/fntelecomllc/studio/backend/internal/apicontracttester/api_contract_tester.go:160.3,160.25 1 0
github.com/fntelecomllc/studio/backend/internal/apicontracttester/api_contract_tester.go:160.25,162.4 1 0
github.com/fntelecomllc/studio/backend/internal/apicontracttester/api_contract_tester.go:162.9,164.4 1 0
github.com/fntelecomllc/studio/backend/internal/apicontracttester/api_contract_tester.go:165.3,166.56 2 0
github.com/fntelecomllc/studio/backend/internal/apicontracttester/api_contract_tester.go:170.2,170.28 1 0
github.com/fntelecomllc/studio/backend/internal/apicontracttester/api_contract_tester.go:170.28,172.3 1 0
github.com/fntelecomllc/studio/backend/internal/apicontracttester/api_contract_tester.go:174.2,174.21 1 0
github.com/fntelecomllc/studio/backend/internal/apicontracttester/api_contract_tester.go:178.73,188.21 6 0
github.com/fntelecomllc/studio/backend/internal/apicontracttester/api_contract_tester.go:188.21,190.3 1 0
github.com/fntelecomllc/studio/backend/internal/apicontracttester/api_contract_tester.go:190.8,192.3 1 0
github.com/fntelecomllc/studio/backend/internal/apicontracttester/api_contract_tester.go:193.2,199.33 5 0
github.com/fntelecomllc/studio/backend/internal/apicontracttester/api_contract_tester.go:199.33,201.42 2 0
github.com/fntelecomllc/studio/backend/internal/apicontracttester/api_contract_tester.go:201.42,203.4 1 0
github.com/fntelecomllc/studio/backend/internal/apicontracttester/api_contract_tester.go:204.3,204.27 1 0
github.com/fntelecomllc/studio/backend/internal/apicontracttester/api_contract_tester.go:208.2,211.41 4 0
github.com/fntelecomllc/studio/backend/internal/apicontracttester/api_contract_tester.go:211.41,213.22 2 0
github.com/fntelecomllc/studio/backend/internal/apicontracttester/api_contract_tester.go:213.22,215.4 1 0
github.com/fntelecomllc/studio/backend/internal/apicontracttester/api_contract_tester.go:216.3,223.5 1 0
github.com/fntelecomllc/studio/backend/internal/apicontracttester/api_contract_tester.go:225.2,229.41 3 0
github.com/fntelecomllc/studio/backend/internal/apicontracttester/api_contract_tester.go:229.41,230.22 1 0
github.com/fntelecomllc/studio/backend/internal/apicontracttester/api_contract_tester.go:230.22,232.4 1 0
github.com/fntelecomllc/studio/backend/internal/apicontracttester/api_contract_tester.go:235.2,235.26 1 0
github.com/fntelecomllc/studio/backend/internal/apicontracttester/api_contract_tester.go:235.26,237.38 2 0
github.com/fntelecomllc/studio/backend/internal/apicontracttester/api_contract_tester.go:237.38,242.4 4 0
github.com/fntelecomllc/studio/backend/internal/apicontracttester/api_contract_tester.go:246.2,256.24 10 0
github.com/fntelecomllc/studio/backend/internal/apicontracttester/api_contract_tester.go:260.64,264.21 3 0
github.com/fntelecomllc/studio/backend/internal/apicontracttester/api_contract_tester.go:264.21,266.3 1 0
github.com/fntelecomllc/studio/backend/internal/apicontracttester/api_contract_tester.go:266.8,268.3 1 0
github.com/fntelecomllc/studio/backend/internal/apicontracttester/api_contract_tester.go:270.2,275.33 5 0
github.com/fntelecomllc/studio/backend/internal/apicontracttester/api_contract_tester.go:275.33,277.42 2 0
github.com/fntelecomllc/studio/backend/internal/apicontracttester/api_contract_tester.go:277.42,279.4 1 0
github.com/fntelecomllc/studio/backend/internal/apicontracttester/api_contract_tester.go:282.2,282.22 1 0
github.com/fntelecomllc/studio/backend/internal/apicontracttester/api_contract_tester.go:282.22,284.42 2 0
github.com/fntelecomllc/studio/backend/internal/apicontracttester/api_contract_tester.go:284.42,285.23 1 0
github.com/fntelecomllc/studio/backend/internal/apicontracttester/api_contract_tester.go:285.23,287.5 1 0
github.com/fntelecomllc/studio/backend/internal/apicontracttester/api_contract_tester.go:291.2,291.109 1 0
github.com/fntelecomllc/studio/backend/internal/compliance/compliance_manager.go:61.48,67.2 3 0
github.com/fntelecomllc/studio/backend/internal/compliance/compliance_manager.go:70.55,178.2 6 0
github.com/fntelecomllc/studio/backend/internal/compliance/compliance_manager.go:181.73,183.2 1 0
github.com/fntelecomllc/studio/backend/internal/compliance/compliance_manager.go:186.113,188.38 2 0
github.com/fntelecomllc/studio/backend/internal/compliance/compliance_manager.go:188.38,189.33 1 0
github.com/fntelecomllc/studio/backend/internal/compliance/compliance_manager.go:189.33,191.4 1 0
github.com/fntelecomllc/studio/backend/internal/compliance/compliance_manager.go:193.2,193.21 1 0
github.com/fntelecomllc/studio/backend/internal/compliance/compliance_manager.go:197.70,205.38 3 0
github.com/fntelecomllc/studio/backend/internal/compliance/compliance_manager.go:205.38,207.3 1 0
github.com/fntelecomllc/studio/backend/internal/compliance/compliance_manager.go:209.2,209.36 1 0
github.com/fntelecomllc/studio/backend/internal/compliance/compliance_manager.go:209.36,214.39 2 0
github.com/fntelecomllc/studio/backend/internal/compliance/compliance_manager.go:214.39,215.34 1 0
github.com/fntelecomllc/studio/backend/internal/compliance/compliance_manager.go:215.34,217.23 2 0
github.com/fntelecomllc/studio/backend/internal/compliance/compliance_manager.go:218.26,219.25 1 0
github.com/fntelecomllc/studio/backend/internal/compliance/compliance_manager.go:220.24,221.23 1 0
github.com/fntelecomllc/studio/backend/internal/compliance/compliance_manager.go:222.29,223.28 1 0
github.com/fntelecomllc/studio/backend/internal/compliance/compliance_manager.go:224.30,225.29 1 0
github.com/fntelecomllc/studio/backend/internal/compliance/compliance_manager.go:230.3,231.38 2 0
github.com/fntelecomllc/studio/backend/internal/compliance/compliance_manager.go:234.2,234.15 1 0
github.com/fntelecomllc/studio/backend/internal/compliance/compliance_manager.go:255.102,257.16 1 0
github.com/fntelecomllc/studio/backend/internal/compliance/compliance_manager.go:258.25,259.61 1 0
github.com/fntelecomllc/studio/backend/internal/compliance/compliance_manager.go:259.61,260.37 1 0
github.com/fntelecomllc/studio/backend/internal/compliance/compliance_manager.go:260.37,262.5 1 0
github.com/fntelecomllc/studio/backend/internal/compliance/compliance_manager.go:264.29,265.67 1 0
github.com/fntelecomllc/studio/backend/internal/compliance/compliance_manager.go:265.67,266.40 1 0
github.com/fntelecomllc/studio/backend/internal/compliance/compliance_manager.go:266.40,268.5 1 0
github.com/fntelecomllc/studio/backend/internal/compliance/compliance_manager.go:271.2,271.12 1 0
github.com/fntelecomllc/studio/backend/internal/compliance/compliance_manager.go:275.76,278.31 1 0
github.com/fntelecomllc/studio/backend/internal/compliance/compliance_manager.go:278.31,279.66 1 0
github.com/fntelecomllc/studio/backend/internal/compliance/compliance_manager.go:279.66,281.4 1 0
github.com/fntelecomllc/studio/backend/internal/api/api_utils.go:34.72,37.2 2 0
github.com/fntelecomllc/studio/backend/internal/api/api_utils.go:41.76,43.16 2 0
github.com/fntelecomllc/studio/backend/internal/api/api_utils.go:43.16,47.3 3 0
github.com/fntelecomllc/studio/backend/internal/api/api_utils.go:48.2,51.16 4 0
github.com/fntelecomllc/studio/backend/internal/api/api_utils.go:51.16,53.3 1 0
github.com/fntelecomllc/studio/backend/internal/api/auth_handlers.go:27.127,33.2 1 0
github.com/fntelecomllc/studio/backend/internal/api/auth_handlers.go:36.45,39.47 3 0
github.com/fntelecomllc/studio/backend/internal/api/auth_handlers.go:39.47,46.3 3 0
github.com/fntelecomllc/studio/backend/internal/api/auth_handlers.go:47.2,56.16 6 0
github.com/fntelecomllc/studio/backend/internal/api/auth_handlers.go:56.16,59.22 2 0
github.com/fntelecomllc/studio/backend/internal/api/auth_handlers.go:60.25,65.6 1 0
github.com/fntelecomllc/studio/backend/internal/api/auth_handlers.go:66.27,71.6 1 0
github.com/fntelecomllc/studio/backend/internal/api/auth_handlers.go:72.25,77.6 1 0
github.com/fntelecomllc/studio/backend/internal/api/auth_handlers.go:78.27,83.6 1 0
github.com/fntelecomllc/studio/backend/internal/api/auth_handlers.go:84.11,89.6 1 0
github.com/fntelecomllc/studio/backend/internal/api/auth_handlers.go:91.3,91.9 1 0
github.com/fntelecomllc/studio/backend/internal/api/auth_handlers.go:95.2,97.16 3 0
github.com/fntelecomllc/studio/backend/internal/api/auth_handlers.go:97.16,105.3 3 0
github.com/fntelecomllc/studio/backend/internal/api/auth_handlers.go:106.2,132.4 6 0
github.com/fntelecomllc/studio/backend/internal/api/auth_handlers.go:136.46,139.16 2 0
github.com/fntelecomllc/studio/backend/internal/api/auth_handlers.go:139.16,142.17 2 0
github.com/fntelecomllc/studio/backend/internal/api/auth_handlers.go:142.17,150.4 3 0
github.com/fntelecomllc/studio/backend/internal/api/auth_handlers.go:154.2,154.70 1 0
github.com/fntelecomllc/studio/backend/internal/api/auth_handlers.go:154.70,162.3 3 0
github.com/fntelecomllc/studio/backend/internal/api/auth_handlers.go:165.2,170.4 2 0
github.com/fntelecomllc/studio/backend/internal/api/auth_handlers.go:174.42,177.13 2 0
github.com/fntelecomllc/studio/backend/internal/api/auth_handlers.go:177.13,182.3 2 0
github.com/fntelecomllc/studio/backend/internal/api/auth_handlers.go:184.2,197.16 5 0
github.com/fntelecomllc/studio/backend/internal/api/auth_handlers.go:197.16,198.27 1 0
github.com/fntelecomllc/studio/backend/internal/api/auth_handlers.go:198.27,203.4 2 0
github.com/fntelecomllc/studio/backend/internal/api/auth_handlers.go:204.3,207.9 2 0
github.com/fntelecomllc/studio/backend/internal/api/auth_handlers.go:212.2,220.16 4 0
github.com/fntelecomllc/studio/backend/internal/api/auth_handlers.go:220.16,225.3 2 0
github.com/fntelecomllc/studio/backend/internal/api/auth_handlers.go:228.2,237.16 4 0
github.com/fntelecomllc/studio/backend/internal/api/auth_handlers.go:237.16,242.3 2 0
github.com/fntelecomllc/studio/backend/internal/api/auth_handlers.go:245.2,246.37 2 0
github.com/fntelecomllc/studio/backend/internal/api/auth_handlers.go:246.37,248.3 1 0
github.com/fntelecomllc/studio/backend/internal/api/auth_handlers.go:250.2,251.43 2 0
github.com/fntelecomllc/studio/backend/internal/api/auth_handlers.go:251.43,253.3 1 0
github.com/fntelecomllc/studio/backend/internal/api/auth_handlers.go:256.2,260.42 3 0
github.com/fntelecomllc/studio/backend/internal/api/auth_handlers.go:264.54,266.47 2 0
github.com/fntelecomllc/studio/backend/internal/api/auth_handlers.go:266.47,272.3 2 0
github.com/fntelecomllc/studio/backend/internal/api/auth_handlers.go:275.2,279.4 1 0
github.com/fntelecomllc/studio/backend/internal/api/auth_handlers.go:284.54,287.16 2 0
github.com/fntelecomllc/studio/backend/internal/api/auth_handlers.go:287.16,290.17 2 0
github.com/fntelecomllc/studio/backend/internal/api/auth_handlers.go:290.17,297.4 2 0
github.com/fntelecomllc/studio/backend/internal/api/auth_handlers.go:301.2,305.16 3 0
github.com/fntelecomllc/studio/backend/internal/api/auth_handlers.go:305.16,309.14 2 0
github.com/fntelecomllc/studio/backend/internal/api/auth_handlers.go:310.64,315.6 1 0
github.com/fntelecomllc/studio/backend/internal/api/auth_handlers.go:316.11,321.6 1 0
github.com/fntelecomllc/studio/backend/internal/api/auth_handlers.go:323.3,323.9 1 0
github.com/fntelecomllc/studio/backend/internal/api/auth_handlers.go:327.2,328.77 2 0
github.com/fntelecomllc/studio/backend/internal/api/auth_handlers.go:328.77,335.3 2 0
github.com/fntelecomllc/studio/backend/internal/api/auth_handlers.go:338.2,351.4 2 0
github.com/fntelecomllc/studio/backend/internal/api/auth_handlers.go:357.97,370.16 4 0
github.com/fntelecomllc/studio/backend/internal/api/auth_handlers.go:370.16,371.27 1 0
github.com/fntelecomllc/studio/backend/internal/api/auth_handlers.go:371.27,375.4 2 0
github.com/fntelecomllc/studio/backend/internal/api/auth_handlers.go:376.3,376.52 1 0
github.com/fntelecomllc/studio/backend/internal/api/auth_handlers.go:380.2,380.86 1 0
github.com/fntelecomllc/studio/backend/internal/api/auth_handlers.go:380.86,383.3 2 0
github.com/fntelecomllc/studio/backend/internal/api/auth_handlers.go:386.2,386.20 1 0
github.com/fntelecomllc/studio/backend/internal/api/auth_handlers.go:386.20,389.3 2 0
github.com/fntelecomllc/studio/backend/internal/api/auth_handlers.go:392.2,395.16 4 0
github.com/fntelecomllc/studio/backend/internal/api/auth_handlers.go:395.16,397.3 1 0
github.com/fntelecomllc/studio/backend/internal/api/auth_handlers.go:399.2,399.20 1 0
github.com/fntelecomllc/studio/backend/internal/api/auth_handlers.go:399.20,403.3 2 0
github.com/fntelecomllc/studio/backend/internal/api/auth_handlers.go:406.2,409.85 2 0
github.com/fntelecomllc/studio/backend/internal/api/auth_handlers.go:409.85,412.3 2 0
github.com/fntelecomllc/studio/backend/internal/api/auth_handlers.go:414.2,414.19 1 0
github.com/fntelecomllc/studio/backend/internal/api/auth_handlers.go:418.83,437.16 5 0
github.com/fntelecomllc/studio/backend/internal/api/auth_handlers.go:437.16,440.3 1 0
github.com/fntelecomllc/studio/backend/internal/api/auth_handlers.go:442.2,442.69 1 0
github.com/fntelecomllc/studio/backend/internal/api/auth_handlers.go:446.61,454.16 3 0
github.com/fntelecomllc/studio/backend/internal/api/auth_handlers.go:454.16,456.3 1 0
github.com/fntelecomllc/studio/backend/internal/api/auth_handlers.go:460.55,470.16 3 0
github.com/fntelecomllc/studio/backend/internal/api/auth_handlers.go:470.16,472.3 1 0
github.com/fntelecomllc/studio/backend/internal/api/auth_handlers.go:476.75,485.16 3 0
github.com/fntelecomllc/studio/backend/internal/api/auth_handlers.go:485.16,487.3 1 0
github.com/fntelecomllc/studio/backend/internal/api/auth_handlers.go:490.2,490.53 1 0
github.com/fntelecomllc/studio/backend/internal/api/auth_handlers.go:494.75,496.18 2 0
github.com/fntelecomllc/studio/backend/internal/api/auth_handlers.go:496.18,497.52 1 0
github.com/fntelecomllc/studio/backend/internal/api/auth_handlers.go:497.52,499.4 1 0
github.com/fntelecomllc/studio/backend/internal/api/auth_handlers.go:502.2,509.16 4 0
github.com/fntelecomllc/studio/backend/internal/api/auth_handlers.go:509.16,511.3 1 0
github.com/fntelecomllc/studio/backend/internal/api/auth_handlers.go:515.71,517.16 2 0
github.com/fntelecomllc/studio/backend/internal/api/auth_handlers.go:517.16,520.3 2 0
github.com/fntelecomllc/studio/backend/internal/api/auth_handlers.go:522.2,529.16 4 0
github.com/fntelecomllc/studio/backend/internal/api/auth_handlers.go:529.16,531.3 1 0
github.com/fntelecomllc/studio/backend/internal/api/auth_handlers.go:536.41,539.21 2 0
github.com/fntelecomllc/studio/backend/internal/api/auth_handlers.go:539.21,543.3 2 0
github.com/fntelecomllc/studio/backend/internal/api/auth_handlers.go:546.2,547.18 2 0
github.com/fntelecomllc/studio/backend/internal/api/auth_handlers.go:547.18,549.3 1 0
github.com/fntelecomllc/studio/backend/internal/api/auth_handlers.go:552.2,552.21 1 0
github.com/fntelecomllc/studio/backend/internal/api/auth_handlers.go:556.59,571.2 3 0
github.com/fntelecomllc/studio/backend/internal/api/campaign_orchestrator_handlers.go:28.122,30.2 1 0
github.com/fntelecomllc/studio/backend/internal/api/campaign_orchestrator_handlers.go:34.145,62.2 14 0
github.com/fntelecomllc/studio/backend/internal/api/campaign_orchestrator_handlers.go:66.89,68.47 2 0
github.com/fntelecomllc/studio/backend/internal/api/campaign_orchestrator_handlers.go:68.47,78.3 4 0
github.com/fntelecomllc/studio/backend/internal/api/campaign_orchestrator_handlers.go:81.2,81.21 1 0
github.com/fntelecomllc/studio/backend/internal/api/campaign_orchestrator_handlers.go:81.21,82.46 1 0
github.com/fntelecomllc/studio/backend/internal/api/campaign_orchestrator_handlers.go:82.46,92.4 4 0
github.com/fntelecomllc/studio/backend/internal/api/campaign_orchestrator_handlers.go:95.2,96.16 2 0
github.com/fntelecomllc/studio/backend/internal/api/campaign_orchestrator_handlers.go:96.16,110.3 3 0
github.com/fntelecomllc/studio/backend/internal/api/campaign_orchestrator_handlers.go:111.2,111.53 1 0
github.com/fntelecomllc/studio/backend/internal/api/campaign_orchestrator_handlers.go:114.86,116.47 2 0
github.com/fntelecomllc/studio/backend/internal/api/campaign_orchestrator_handlers.go:116.47,119.3 2 0
github.com/fntelecomllc/studio/backend/internal/api/campaign_orchestrator_handlers.go:129.2,130.16 2 0
github.com/fntelecomllc/studio/backend/internal/api/campaign_orchestrator_handlers.go:130.16,134.3 3 0
github.com/fntelecomllc/studio/backend/internal/api/campaign_orchestrator_handlers.go:135.2,135.53 1 0
github.com/fntelecomllc/studio/backend/internal/api/campaign_orchestrator_handlers.go:138.84,140.47 2 0
github.com/fntelecomllc/studio/backend/internal/api/campaign_orchestrator_handlers.go:140.47,143.3 2 0
github.com/fntelecomllc/studio/backend/internal/api/campaign_orchestrator_handlers.go:153.2,154.16 2 0
github.com/fntelecomllc/studio/backend/internal/api/campaign_orchestrator_handlers.go:154.16,158.3 3 0
github.com/fntelecomllc/studio/backend/internal/api/campaign_orchestrator_handlers.go:159.2,159.53 1 0
github.com/fntelecomllc/studio/backend/internal/api/campaign_orchestrator_handlers.go:164.72,167.44 2 0
github.com/fntelecomllc/studio/backend/internal/api/campaign_orchestrator_handlers.go:167.44,177.3 2 0
github.com/fntelecomllc/studio/backend/internal/api/campaign_orchestrator_handlers.go:179.2,180.30 2 0
github.com/fntelecomllc/studio/backend/internal/api/campaign_orchestrator_handlers.go:180.30,190.3 2 0
github.com/fntelecomllc/studio/backend/internal/api/campaign_orchestrator_handlers.go:192.2,203.16 5 0
github.com/fntelecomllc/studio/backend/internal/api/campaign_orchestrator_handlers.go:203.16,208.3 3 0
github.com/fntelecomllc/studio/backend/internal/api/campaign_orchestrator_handlers.go:211.2,221.33 4 0
github.com/fntelecomllc/studio/backend/internal/api/campaign_orchestrator_handlers.go:224.77,227.16 3 0
github.com/fntelecomllc/studio/backend/internal/api/campaign_orchestrator_handlers.go:227.16,230.3 2 0
github.com/fntelecomllc/studio/backend/internal/api/campaign_orchestrator_handlers.go:232.2,233.16 2 0
github.com/fntelecomllc/studio/backend/internal/api/campaign_orchestrator_handlers.go:233.16,238.40 1 0
github.com/fntelecomllc/studio/backend/internal/api/campaign_orchestrator_handlers.go:238.40,240.4 1 0
github.com/fntelecomllc/studio/backend/internal/api/campaign_orchestrator_handlers.go:240.9,243.4 2 0
github.com/fntelecomllc/studio/backend/internal/api/campaign_orchestrator_handlers.go:244.3,244.9 1 0
github.com/fntelecomllc/studio/backend/internal/api/campaign_orchestrator_handlers.go:248.2,256.44 3 0
github.com/fntelecomllc/studio/backend/internal/api/campaign_orchestrator_handlers.go:262.72,265.16 3 0
github.com/fntelecomllc/studio/backend/internal/api/campaign_orchestrator_handlers.go:265.16,275.3 2 0
github.com/fntelecomllc/studio/backend/internal/api/campaign_orchestrator_handlers.go:277.2,277.93 1 0
github.com/fntelecomllc/studio/backend/internal/api/campaign_orchestrator_handlers.go:277.93,282.40 2 0
github.com/fntelecomllc/studio/backend/internal/api/campaign_orchestrator_handlers.go:282.40,285.4 1 0
github.com/fntelecomllc/studio/backend/internal/api/campaign_orchestrator_handlers.go:285.9,285.98 1 0
github.com/fntelecomllc/studio/backend/internal/api/campaign_orchestrator_handlers.go:285.98,296.4 1 0
github.com/fntelecomllc/studio/backend/internal/api/campaign_orchestrator_handlers.go:296.9,299.4 1 0
github.com/fntelecomllc/studio/backend/internal/api/campaign_orchestrator_handlers.go:300.3,300.9 1 0
github.com/fntelecomllc/studio/backend/internal/api/campaign_orchestrator_handlers.go:303.2,306.4 1 0
github.com/fntelecomllc/studio/backend/internal/api/campaign_orchestrator_handlers.go:309.72,312.16 3 0
github.com/fntelecomllc/studio/backend/internal/api/campaign_orchestrator_handlers.go:312.16,315.3 2 0
github.com/fntelecomllc/studio/backend/internal/api/campaign_orchestrator_handlers.go:317.2,317.93 1 0
github.com/fntelecomllc/studio/backend/internal/api/campaign_orchestrator_handlers.go:317.93,321.3 3 0
github.com/fntelecomllc/studio/backend/internal/api/campaign_orchestrator_handlers.go:322.2,322.84 1 0
github.com/fntelecomllc/studio/backend/internal/api/campaign_orchestrator_handlers.go:325.73,328.16 3 0
github.com/fntelecomllc/studio/backend/internal/api/campaign_orchestrator_handlers.go:328.16,331.3 2 0
github.com/fntelecomllc/studio/backend/internal/api/campaign_orchestrator_handlers.go:333.2,333.94 1 0
github.com/fntelecomllc/studio/backend/internal/api/campaign_orchestrator_handlers.go:333.94,337.3 3 0
github.com/fntelecomllc/studio/backend/internal/api/campaign_orchestrator_handlers.go:338.2,338.86 1 0
github.com/fntelecomllc/studio/backend/internal/api/campaign_orchestrator_handlers.go:341.73,344.16 3 0
github.com/fntelecomllc/studio/backend/internal/api/campaign_orchestrator_handlers.go:344.16,347.3 2 0
github.com/fntelecomllc/studio/backend/internal/api/campaign_orchestrator_handlers.go:349.2,349.94 1 0
github.com/fntelecomllc/studio/backend/internal/api/campaign_orchestrator_handlers.go:349.94,353.3 3 0
github.com/fntelecomllc/studio/backend/internal/api/campaign_orchestrator_handlers.go:354.2,354.91 1 0
github.com/fntelecomllc/studio/backend/internal/api/campaign_orchestrator_handlers.go:358.73,361.16 3 0
github.com/fntelecomllc/studio/backend/internal/api/campaign_orchestrator_handlers.go:361.16,364.3 2 0
github.com/fntelecomllc/studio/backend/internal/api/campaign_orchestrator_handlers.go:366.2,366.94 1 0
github.com/fntelecomllc/studio/backend/internal/api/campaign_orchestrator_handlers.go:366.94,370.3 3 0
github.com/fntelecomllc/studio/backend/internal/api/campaign_orchestrator_handlers.go:371.2,371.89 1 0
github.com/fntelecomllc/studio/backend/internal/api/campaign_orchestrator_handlers.go:374.78,377.16 3 0
github.com/fntelecomllc/studio/backend/internal/api/campaign_orchestrator_handlers.go:377.16,380.3 2 0
github.com/fntelecomllc/studio/backend/internal/api/campaign_orchestrator_handlers.go:382.2,386.16 4 0
github.com/fntelecomllc/studio/backend/internal/api/campaign_orchestrator_handlers.go:386.16,390.3 3 0
github.com/fntelecomllc/studio/backend/internal/api/campaign_orchestrator_handlers.go:391.2,391.44 1 0
github.com/fntelecomllc/studio/backend/internal/api/campaign_orchestrator_handlers.go:394.82,397.16 3 0
github.com/fntelecomllc/studio/backend/internal/api/campaign_orchestrator_handlers.go:397.16,400.3 2 0
github.com/fntelecomllc/studio/backend/internal/api/campaign_orchestrator_handlers.go:402.2,411.16 6 0
github.com/fntelecomllc/studio/backend/internal/api/campaign_orchestrator_handlers.go:411.16,415.3 3 0
github.com/fntelecomllc/studio/backend/internal/api/campaign_orchestrator_handlers.go:416.2,416.44 1 0
github.com/fntelecomllc/studio/backend/internal/api/campaign_orchestrator_handlers.go:419.80,422.16 3 0
github.com/fntelecomllc/studio/backend/internal/api/campaign_orchestrator_handlers.go:422.16,425.3 2 0
github.com/fntelecomllc/studio/backend/internal/api/campaign_orchestrator_handlers.go:427.2,432.26 6 0
github.com/fntelecomllc/studio/backend/internal/api/campaign_orchestrator_handlers.go:432.26,434.17 2 0
github.com/fntelecomllc/studio/backend/internal/api/campaign_orchestrator_handlers.go:434.17,436.4 1 0
github.com/fntelecomllc/studio/backend/internal/api/campaign_orchestrator_handlers.go:439.2,445.16 3 0
github.com/fntelecomllc/studio/backend/internal/api/campaign_orchestrator_handlers.go:445.16,449.3 3 0
github.com/fntelecomllc/studio/backend/internal/api/campaign_orchestrator_handlers.go:450.2,450.44 1 0
github.com/fntelecomllc/studio/backend/internal/api/handler_base.go:40.15,52.2 1 0
github.com/fntelecomllc/studio/backend/internal/api/handler_utils_gin.go:21.62,23.20 2 0
github.com/fntelecomllc/studio/backend/internal/api/handler_utils_gin.go:23.20,25.3 1 0
github.com/fntelecomllc/studio/backend/internal/api/handler_utils_gin.go:28.2,29.16 2 0
github.com/fntelecomllc/studio/backend/internal/api/handler_utils_gin.go:29.16,30.31 1 0
github.com/fntelecomllc/studio/backend/internal/api/handler_utils_gin.go:30.31,32.4 1 0
github.com/fntelecomllc/studio/backend/internal/api/handler_utils_gin.go:33.3,34.21 2 0
github.com/fntelecomllc/studio/backend/internal/api/handler_utils_gin.go:34.21,36.4 1 0
github.com/fntelecomllc/studio/backend/internal/api/handler_utils_gin.go:38.3,38.14 1 0
github.com/fntelecomllc/studio/backend/internal/api/handler_utils_gin.go:43.2,44.19 2 0
github.com/fntelecomllc/studio/backend/internal/api/handler_utils_gin.go:44.19,46.37 1 0
github.com/fntelecomllc/studio/backend/internal/api/handler_utils_gin.go:46.37,50.4 1 0
github.com/fntelecomllc/studio/backend/internal/api/handler_utils_gin.go:52.2,52.14 1 0
github.com/fntelecomllc/studio/backend/internal/api/handler_utils_gin.go:55.13,58.103 2 1
github.com/fntelecomllc/studio/backend/internal/api/handler_utils_gin.go:58.103,60.3 1 0
github.com/fntelecomllc/studio/backend/internal/api/handler_utils_gin.go:61.2,61.77 1 1
github.com/fntelecomllc/studio/backend/internal/api/handler_utils_gin.go:65.42,68.21 2 0
github.com/fntelecomllc/studio/backend/internal/api/handler_utils_gin.go:68.21,70.3 1 0
github.com/fntelecomllc/studio/backend/internal/api/handler_utils_gin.go:73.2,73.47 1 0
github.com/fntelecomllc/studio/backend/internal/api/handler_utils_gin.go:73.47,74.35 1 0
github.com/fntelecomllc/studio/backend/internal/api/handler_utils_gin.go:74.35,76.4 1 0
github.com/fntelecomllc/studio/backend/internal/api/handler_utils_gin.go:80.2,80.28 1 0
github.com/fntelecomllc/studio/backend/internal/api/handler_utils_gin.go:84.68,93.2 5 0
github.com/fntelecomllc/studio/backend/internal/api/handler_utils_gin.go:96.120,115.2 4 0
github.com/fntelecomllc/studio/backend/internal/api/handler_utils_gin.go:118.74,122.2 3 0
github.com/fntelecomllc/studio/backend/internal/api/handler_utils_gin.go:125.72,126.52 1 0
github.com/fntelecomllc/studio/backend/internal/api/handler_utils_gin.go:126.52,129.3 2 0
github.com/fntelecomllc/studio/backend/internal/api/handler_utils_gin.go:131.2,135.60 3 0
github.com/fntelecomllc/studio/backend/internal/api/handler_utils_gin.go:135.60,136.73 1 0
github.com/fntelecomllc/studio/backend/internal/api/handler_utils_gin.go:136.73,137.62 1 0
github.com/fntelecomllc/studio/backend/internal/api/handler_utils_gin.go:137.62,149.5 4 0
github.com/fntelecomllc/studio/backend/internal/api/handler_utils_gin.go:153.2,153.24 1 0
github.com/fntelecomllc/studio/backend/internal/api/handler_utils_gin.go:157.85,158.9 1 0
github.com/fntelecomllc/studio/backend/internal/api/handler_utils_gin.go:159.32,161.9 2 0
github.com/fntelecomllc/studio/backend/internal/api/handler_utils_gin.go:162.10,162.10 0 0
github.com/fntelecomllc/studio/backend/internal/api/handler_utils_gin.go:165.2,175.20 4 0
github.com/fntelecomllc/studio/backend/internal/api/handler_utils_gin.go:175.20,177.3 1 0
github.com/fntelecomllc/studio/backend/internal/api/handler_utils_gin.go:181.50,182.16 1 0
github.com/fntelecomllc/studio/backend/internal/api/handler_utils_gin.go:183.29,184.29 1 0
github.com/fntelecomllc/studio/backend/internal/api/handler_utils_gin.go:185.31,186.31 1 0
github.com/fntelecomllc/studio/backend/internal/api/handler_utils_gin.go:187.28,188.28 1 0
github.com/fntelecomllc/studio/backend/internal/api/handler_utils_gin.go:189.27,190.27 1 0
github.com/fntelecomllc/studio/backend/internal/api/handler_utils_gin.go:191.27,192.27 1 0
github.com/fntelecomllc/studio/backend/internal/api/handler_utils_gin.go:193.33,194.33 1 0
github.com/fntelecomllc/studio/backend/internal/api/handler_utils_gin.go:195.34,196.36 1 0
github.com/fntelecomllc/studio/backend/internal/api/handler_utils_gin.go:197.38,198.33 1 0
github.com/fntelecomllc/studio/backend/internal/api/handler_utils_gin.go:199.37,200.37 1 0
github.com/fntelecomllc/studio/backend/internal/api/handler_utils_gin.go:201.33,202.33 1 0
github.com/fntelecomllc/studio/backend/internal/api/handler_utils_gin.go:203.10,204.36 1 0
github.com/fntelecomllc/studio/backend/internal/api/handler_utils_gin.go:204.36,206.4 1 0
github.com/fntelecomllc/studio/backend/internal/api/handler_utils_gin.go:207.3,207.33 1 0
github.com/fntelecomllc/studio/backend/internal/api/health_check_handler.go:54.60,58.2 1 1
github.com/fntelecomllc/studio/backend/internal/api/health_check_handler.go:61.64,80.52 4 1
github.com/fntelecomllc/studio/backend/internal/api/health_check_handler.go:80.52,81.37 1 1
github.com/fntelecomllc/studio/backend/internal/api/health_check_handler.go:81.37,83.9 2 1
github.com/fntelecomllc/studio/backend/internal/api/health_check_handler.go:87.2,87.31 1 1
github.com/fntelecomllc/studio/backend/internal/api/health_check_handler.go:91.67,95.29 2 1
github.com/fntelecomllc/studio/backend/internal/api/health_check_handler.go:95.29,102.3 2 1
github.com/fntelecomllc/studio/backend/internal/api/health_check_handler.go:104.2,106.4 1 1
github.com/fntelecomllc/studio/backend/internal/api/health_check_handler.go:110.66,115.2 1 1
github.com/fntelecomllc/studio/backend/internal/api/health_check_handler.go:118.59,127.46 4 1
github.com/fntelecomllc/studio/backend/internal/api/health_check_handler.go:127.46,130.3 2 1
github.com/fntelecomllc/studio/backend/internal/api/health_check_handler.go:132.2,132.15 1 1
github.com/fntelecomllc/studio/backend/internal/api/health_check_handler.go:136.81,140.2 3 1
github.com/fntelecomllc/studio/backend/internal/api/keyword_extraction_handlers.go:22.62,24.47 2 0
github.com/fntelecomllc/studio/backend/internal/api/keyword_extraction_handlers.go:24.47,27.3 2 0
github.com/fntelecomllc/studio/backend/internal/api/keyword_extraction_handlers.go:29.2,29.45 1 0
github.com/fntelecomllc/studio/backend/internal/api/keyword_extraction_handlers.go:29.45,32.3 2 0
github.com/fntelecomllc/studio/backend/internal/api/keyword_extraction_handlers.go:34.2,34.25 1 0
github.com/fntelecomllc/studio/backend/internal/api/keyword_extraction_handlers.go:34.25,37.3 2 0
github.com/fntelecomllc/studio/backend/internal/api/keyword_extraction_handlers.go:39.2,46.22 6 0
github.com/fntelecomllc/studio/backend/internal/api/keyword_extraction_handlers.go:46.22,48.3 1 0
github.com/fntelecomllc/studio/backend/internal/api/keyword_extraction_handlers.go:49.2,51.23 3 0
github.com/fntelecomllc/studio/backend/internal/api/keyword_extraction_handlers.go:51.23,53.3 1 0
github.com/fntelecomllc/studio/backend/internal/api/keyword_extraction_handlers.go:55.2,58.33 3 0
github.com/fntelecomllc/studio/backend/internal/api/keyword_extraction_handlers.go:58.33,59.10 1 0
github.com/fntelecomllc/studio/backend/internal/api/keyword_extraction_handlers.go:60.21,62.40 2 0
github.com/fntelecomllc/studio/backend/internal/api/keyword_extraction_handlers.go:62.40,68.5 1 0
github.com/fntelecomllc/studio/backend/internal/api/keyword_extraction_handlers.go:69.4,69.24 1 0
github.com/fntelecomllc/studio/backend/internal/api/keyword_extraction_handlers.go:70.11,70.11 0 0
github.com/fntelecomllc/studio/backend/internal/api/keyword_extraction_handlers.go:73.3,75.62 3 0
github.com/fntelecomllc/studio/backend/internal/api/keyword_extraction_handlers.go:75.62,77.17 2 0
github.com/fntelecomllc/studio/backend/internal/api/keyword_extraction_handlers.go:77.17,77.32 1 0
github.com/fntelecomllc/studio/backend/internal/api/keyword_extraction_handlers.go:79.4,89.40 6 0
github.com/fntelecomllc/studio/backend/internal/api/keyword_extraction_handlers.go:89.40,91.20 2 0
github.com/fntelecomllc/studio/backend/internal/api/keyword_extraction_handlers.go:91.20,93.65 2 0
github.com/fntelecomllc/studio/backend/internal/api/keyword_extraction_handlers.go:93.65,96.7 2 0
github.com/fntelecomllc/studio/backend/internal/api/keyword_extraction_handlers.go:99.4,99.39 1 0
github.com/fntelecomllc/studio/backend/internal/api/keyword_extraction_handlers.go:99.39,101.20 2 0
github.com/fntelecomllc/studio/backend/internal/api/keyword_extraction_handlers.go:101.20,103.64 2 0
github.com/fntelecomllc/studio/backend/internal/api/keyword_extraction_handlers.go:103.64,106.7 2 0
github.com/fntelecomllc/studio/backend/internal/api/keyword_extraction_handlers.go:110.4,111.18 2 0
github.com/fntelecomllc/studio/backend/internal/api/keyword_extraction_handlers.go:111.18,115.5 3 0
github.com/fntelecomllc/studio/backend/internal/api/keyword_extraction_handlers.go:116.4,117.18 2 0
github.com/fntelecomllc/studio/backend/internal/api/keyword_extraction_handlers.go:117.18,121.5 3 0
github.com/fntelecomllc/studio/backend/internal/api/keyword_extraction_handlers.go:122.4,123.41 2 0
github.com/fntelecomllc/studio/backend/internal/api/keyword_extraction_handlers.go:123.41,127.5 3 0
github.com/fntelecomllc/studio/backend/internal/api/keyword_extraction_handlers.go:129.4,133.26 4 0
github.com/fntelecomllc/studio/backend/internal/api/keyword_extraction_handlers.go:133.26,136.5 2 0
github.com/fntelecomllc/studio/backend/internal/api/keyword_extraction_handlers.go:137.4,137.25 1 0
github.com/fntelecomllc/studio/backend/internal/api/keyword_extraction_handlers.go:137.25,140.5 2 0
github.com/fntelecomllc/studio/backend/internal/api/keyword_extraction_handlers.go:141.4,141.26 1 0
github.com/fntelecomllc/studio/backend/internal/api/keyword_extraction_handlers.go:141.26,144.5 2 0
github.com/fntelecomllc/studio/backend/internal/api/keyword_extraction_handlers.go:146.4,146.23 1 0
github.com/fntelecomllc/studio/backend/internal/api/keyword_extraction_handlers.go:146.23,150.5 3 0
github.com/fntelecomllc/studio/backend/internal/api/keyword_extraction_handlers.go:151.4,151.45 1 0
github.com/fntelecomllc/studio/backend/internal/api/keyword_extraction_handlers.go:151.45,153.5 1 0
github.com/fntelecomllc/studio/backend/internal/api/keyword_extraction_handlers.go:155.4,155.21 1 0
[...]
github.com/fntelecomllc/studio/backend/internal/dnsvalidator/dnsvalidator.go:126.51,127.19 1 0
github.com/fntelecomllc/studio/backend/internal/dnsvalidator/dnsvalidator.go:127.19,128.13 1 0
github.com/fntelecomllc/studio/backend/internal/dnsvalidator/dnsvalidator.go:130.4,131.51 2 0
github.com/fntelecomllc/studio/backend/internal/dnsvalidator/dnsvalidator.go:131.51,132.32 1 0
github.com/fntelecomllc/studio/backend/internal/dnsvalidator/dnsvalidator.go:132.32,133.34 1 0
github.com/fntelecomllc/studio/backend/internal/dnsvalidator/dnsvalidator.go:133.34,135.7 1 0
github.com/fntelecomllc/studio/backend/internal/dnsvalidator/dnsvalidator.go:136.6,137.11 2 0
github.com/fntelecomllc/studio/backend/internal/dnsvalidator/dnsvalidator.go:140.4,140.14 1 0
github.com/fntelecomllc/studio/backend/internal/dnsvalidator/dnsvalidator.go:140.14,142.5 1 0
github.com/fntelecomllc/studio/backend/internal/dnsvalidator/dnsvalidator.go:144.3,144.28 1 0
github.com/fntelecomllc/studio/backend/internal/dnsvalidator/dnsvalidator.go:144.28,146.66 2 0
github.com/fntelecomllc/studio/backend/internal/dnsvalidator/dnsvalidator.go:146.66,148.5 1 0
github.com/fntelecomllc/studio/backend/internal/dnsvalidator/dnsvalidator.go:149.9,151.4 1 0
github.com/fntelecomllc/studio/backend/internal/dnsvalidator/dnsvalidator.go:154.2,154.137 1 1
github.com/fntelecomllc/studio/backend/internal/dnsvalidator/dnsvalidator.go:154.137,155.41 1 1
github.com/fntelecomllc/studio/backend/internal/dnsvalidator/dnsvalidator.go:155.41,156.64 1 1
github.com/fntelecomllc/studio/backend/internal/dnsvalidator/dnsvalidator.go:156.64,158.5 1 0
github.com/fntelecomllc/studio/backend/internal/dnsvalidator/dnsvalidator.go:161.2,161.18 1 1
github.com/fntelecomllc/studio/backend/internal/dnsvalidator/dnsvalidator.go:164.67,167.36 3 1
github.com/fntelecomllc/studio/backend/internal/dnsvalidator/dnsvalidator.go:168.27,169.36 1 0
github.com/fntelecomllc/studio/backend/internal/dnsvalidator/dnsvalidator.go:169.36,173.4 3 0
github.com/fntelecomllc/studio/backend/internal/dnsvalidator/dnsvalidator.go:174.3,174.35 1 0
github.com/fntelecomllc/studio/backend/internal/dnsvalidator/dnsvalidator.go:174.35,176.4 1 0
github.com/fntelecomllc/studio/backend/internal/dnsvalidator/dnsvalidator.go:177.3,179.23 3 0
github.com/fntelecomllc/studio/backend/internal/dnsvalidator/dnsvalidator.go:180.29,181.35 1 0
github.com/fntelecomllc/studio/backend/internal/dnsvalidator/dnsvalidator.go:181.35,183.4 1 0
github.com/fntelecomllc/studio/backend/internal/dnsvalidator/dnsvalidator.go:184.3,184.54 1 0
github.com/fntelecomllc/studio/backend/internal/dnsvalidator/dnsvalidator.go:184.54,186.4 1 0
github.com/fntelecomllc/studio/backend/internal/dnsvalidator/dnsvalidator.go:187.3,188.23 2 0
github.com/fntelecomllc/studio/backend/internal/dnsvalidator/dnsvalidator.go:189.10,190.35 1 1
github.com/fntelecomllc/studio/backend/internal/dnsvalidator/dnsvalidator.go:190.35,192.4 1 1
github.com/fntelecomllc/studio/backend/internal/dnsvalidator/dnsvalidator.go:193.3,195.23 3 1
github.com/fntelecomllc/studio/backend/internal/dnsvalidator/dnsvalidator.go:199.54,202.107 3 0
github.com/fntelecomllc/studio/backend/internal/dnsvalidator/dnsvalidator.go:202.107,204.3 1 0
github.com/fntelecomllc/studio/backend/internal/dnsvalidator/dnsvalidator.go:206.50,210.2 3 0
github.com/fntelecomllc/studio/backend/internal/dnsvalidator/dnsvalidator.go:212.99,213.57 1 1
github.com/fntelecomllc/studio/backend/internal/dnsvalidator/dnsvalidator.go:213.57,215.7 2 0
github.com/fntelecomllc/studio/backend/internal/dnsvalidator/dnsvalidator.go:215.7,216.11 1 0
github.com/fntelecomllc/studio/backend/internal/dnsvalidator/dnsvalidator.go:217.22,218.158 1 0
github.com/fntelecomllc/studio/backend/internal/dnsvalidator/dnsvalidator.go:219.12,219.12 0 0
github.com/fntelecomllc/studio/backend/internal/dnsvalidator/dnsvalidator.go:221.4,222.133 2 0
github.com/fntelecomllc/studio/backend/internal/dnsvalidator/dnsvalidator.go:222.133,224.5 1 0
github.com/fntelecomllc/studio/backend/internal/dnsvalidator/dnsvalidator.go:225.4,228.17 4 0
github.com/fntelecomllc/studio/backend/internal/dnsvalidator/dnsvalidator.go:228.17,230.5 1 0
github.com/fntelecomllc/studio/backend/internal/dnsvalidator/dnsvalidator.go:231.4,232.156 2 0
github.com/fntelecomllc/studio/backend/internal/dnsvalidator/dnsvalidator.go:235.2,235.51 1 1
github.com/fntelecomllc/studio/backend/internal/dnsvalidator/dnsvalidator.go:238.54,239.18 1 1
github.com/fntelecomllc/studio/backend/internal/dnsvalidator/dnsvalidator.go:239.18,241.3 1 1
github.com/fntelecomllc/studio/backend/internal/dnsvalidator/dnsvalidator.go:242.2,243.134 2 1
github.com/fntelecomllc/studio/backend/internal/dnsvalidator/dnsvalidator.go:243.134,245.3 1 1
github.com/fntelecomllc/studio/backend/internal/dnsvalidator/dnsvalidator.go:246.2,246.280 1 1
github.com/fntelecomllc/studio/backend/internal/dnsvalidator/dnsvalidator.go:246.280,248.3 1 1
github.com/fntelecomllc/studio/backend/internal/dnsvalidator/dnsvalidator.go:249.2,249.14 1 1
github.com/fntelecomllc/studio/backend/internal/dnsvalidator/dnsvalidator.go:252.105,258.131 3 1
github.com/fntelecomllc/studio/backend/internal/dnsvalidator/dnsvalidator.go:258.131,260.3 1 1
github.com/fntelecomllc/studio/backend/internal/dnsvalidator/dnsvalidator.go:262.2,263.16 2 1
github.com/fntelecomllc/studio/backend/internal/dnsvalidator/dnsvalidator.go:263.16,265.3 1 1
github.com/fntelecomllc/studio/backend/internal/dnsvalidator/dnsvalidator.go:267.2,267.118 1 1
github.com/fntelecomllc/studio/backend/internal/dnsvalidator/dnsvalidator.go:267.118,270.21 3 1
github.com/fntelecomllc/studio/backend/internal/dnsvalidator/dnsvalidator.go:270.21,272.4 1 1
github.com/fntelecomllc/studio/backend/internal/dnsvalidator/dnsvalidator.go:273.3,273.10 1 1
github.com/fntelecomllc/studio/backend/internal/dnsvalidator/dnsvalidator.go:274.34,274.34 0 0
github.com/fntelecomllc/studio/backend/internal/dnsvalidator/dnsvalidator.go:275.21,276.233 1 1
github.com/fntelecomllc/studio/backend/internal/dnsvalidator/dnsvalidator.go:280.2,288.9 6 1
github.com/fntelecomllc/studio/backend/internal/dnsvalidator/dnsvalidator.go:289.20,290.270 1 0
github.com/fntelecomllc/studio/backend/internal/dnsvalidator/dnsvalidator.go:291.10,291.10 0 1
github.com/fntelecomllc/studio/backend/internal/dnsvalidator/dnsvalidator.go:294.2,295.48 2 1
github.com/fntelecomllc/studio/backend/internal/dnsvalidator/dnsvalidator.go:295.48,296.10 1 1
github.com/fntelecomllc/studio/backend/internal/dnsvalidator/dnsvalidator.go:297.21,299.37 1 0
github.com/fntelecomllc/studio/backend/internal/dnsvalidator/dnsvalidator.go:299.37,303.5 2 0
github.com/fntelecomllc/studio/backend/internal/dnsvalidator/dnsvalidator.go:304.11,304.11 0 1
github.com/fntelecomllc/studio/backend/internal/dnsvalidator/dnsvalidator.go:308.3,308.35 1 1
github.com/fntelecomllc/studio/backend/internal/dnsvalidator/dnsvalidator.go:308.35,309.9 1 0
github.com/fntelecomllc/studio/backend/internal/dnsvalidator/dnsvalidator.go:312.3,314.25 3 1
github.com/fntelecomllc/studio/backend/internal/dnsvalidator/dnsvalidator.go:314.25,316.17 2 1
github.com/fntelecomllc/studio/backend/internal/dnsvalidator/dnsvalidator.go:316.17,316.43 1 1
github.com/fntelecomllc/studio/backend/internal/dnsvalidator/dnsvalidator.go:318.4,323.31 5 1
github.com/fntelecomllc/studio/backend/internal/dnsvalidator/dnsvalidator.go:324.42,325.84 1 0
github.com/fntelecomllc/studio/backend/internal/dnsvalidator/dnsvalidator.go:326.21,327.79 1 1
github.com/fntelecomllc/studio/backend/internal/dnsvalidator/dnsvalidator.go:328.12,329.82 1 0
github.com/fntelecomllc/studio/backend/internal/dnsvalidator/dnsvalidator.go:331.4,331.83 1 1
github.com/fntelecomllc/studio/backend/internal/dnsvalidator/dnsvalidator.go:335.2,341.36 5 1
github.com/fntelecomllc/studio/backend/internal/dnsvalidator/dnsvalidator.go:341.36,342.34 1 1
github.com/fntelecomllc/studio/backend/internal/dnsvalidator/dnsvalidator.go:342.34,345.4 2 1
github.com/fntelecomllc/studio/backend/internal/dnsvalidator/dnsvalidator.go:346.3,346.37 1 1
github.com/fntelecomllc/studio/backend/internal/dnsvalidator/dnsvalidator.go:346.37,349.4 2 1
github.com/fntelecomllc/studio/backend/internal/dnsvalidator/dnsvalidator.go:352.2,356.35 2 1
github.com/fntelecomllc/studio/backend/internal/dnsvalidator/dnsvalidator.go:356.35,357.25 1 1
github.com/fntelecomllc/studio/backend/internal/dnsvalidator/dnsvalidator.go:357.25,358.37 1 1
github.com/fntelecomllc/studio/backend/internal/dnsvalidator/dnsvalidator.go:358.37,360.93 1 1
github.com/fntelecomllc/studio/backend/internal/dnsvalidator/dnsvalidator.go:360.93,362.6 1 1
github.com/fntelecomllc/studio/backend/internal/dnsvalidator/dnsvalidator.go:362.11,364.6 1 1
github.com/fntelecomllc/studio/backend/internal/dnsvalidator/dnsvalidator.go:365.10,365.26 1 0
github.com/fntelecomllc/studio/backend/internal/dnsvalidator/dnsvalidator.go:365.26,367.5 1 0
github.com/fntelecomllc/studio/backend/internal/dnsvalidator/dnsvalidator.go:367.10,367.29 1 0
github.com/fntelecomllc/studio/backend/internal/dnsvalidator/dnsvalidator.go:367.29,369.5 1 0
github.com/fntelecomllc/studio/backend/internal/dnsvalidator/dnsvalidator.go:369.10,371.5 1 0
github.com/fntelecomllc/studio/backend/internal/dnsvalidator/dnsvalidator.go:377.2,385.29 3 1
github.com/fntelecomllc/studio/backend/internal/dnsvalidator/dnsvalidator.go:385.29,388.109 2 1
github.com/fntelecomllc/studio/backend/internal/dnsvalidator/dnsvalidator.go:388.109,390.4 1 0
github.com/fntelecomllc/studio/backend/internal/dnsvalidator/dnsvalidator.go:390.9,390.64 1 1
github.com/fntelecomllc/studio/backend/internal/dnsvalidator/dnsvalidator.go:390.64,391.25 1 1
github.com/fntelecomllc/studio/backend/internal/dnsvalidator/dnsvalidator.go:391.25,393.5 1 1
github.com/fntelecomllc/studio/backend/internal/dnsvalidator/dnsvalidator.go:394.4,394.24 1 1
github.com/fntelecomllc/studio/backend/internal/dnsvalidator/dnsvalidator.go:394.24,396.5 1 1
github.com/fntelecomllc/studio/backend/internal/dnsvalidator/dnsvalidator.go:397.9,397.42 1 1
github.com/fntelecomllc/studio/backend/internal/dnsvalidator/dnsvalidator.go:397.42,399.4 1 0
github.com/fntelecomllc/studio/backend/internal/dnsvalidator/dnsvalidator.go:399.9,399.41 1 1
github.com/fntelecomllc/studio/backend/internal/dnsvalidator/dnsvalidator.go:399.41,401.4 1 0
github.com/fntelecomllc/studio/backend/internal/dnsvalidator/dnsvalidator.go:403.3,403.42 1 1
github.com/fntelecomllc/studio/backend/internal/dnsvalidator/dnsvalidator.go:404.8,410.3 2 1
github.com/fntelecomllc/studio/backend/internal/dnsvalidator/dnsvalidator.go:411.2,411.15 1 1
github.com/fntelecomllc/studio/backend/internal/dnsvalidator/dnsvalidator.go:420.33,421.16 1 1
github.com/fntelecomllc/studio/backend/internal/dnsvalidator/dnsvalidator.go:421.16,423.3 1 0
github.com/fntelecomllc/studio/backend/internal/dnsvalidator/dnsvalidator.go:425.2,425.82 1 1
github.com/fntelecomllc/studio/backend/internal/dnsvalidator/dnsvalidator.go:425.82,427.3 1 0
github.com/fntelecomllc/studio/backend/internal/dnsvalidator/dnsvalidator.go:428.2,428.64 1 1
github.com/fntelecomllc/studio/backend/internal/dnsvalidator/dnsvalidator.go:428.64,430.3 1 1
github.com/fntelecomllc/studio/backend/internal/dnsvalidator/dnsvalidator.go:431.2,432.137 2 1
github.com/fntelecomllc/studio/backend/internal/dnsvalidator/dnsvalidator.go:434.32,435.16 1 1
github.com/fntelecomllc/studio/backend/internal/dnsvalidator/dnsvalidator.go:435.16,437.3 1 0
github.com/fntelecomllc/studio/backend/internal/dnsvalidator/dnsvalidator.go:440.2,440.82 1 1
github.com/fntelecomllc/studio/backend/internal/dnsvalidator/dnsvalidator.go:440.82,444.3 1 0
github.com/fntelecomllc/studio/backend/internal/dnsvalidator/dnsvalidator.go:445.2,445.63 1 1
github.com/fntelecomllc/studio/backend/internal/dnsvalidator/dnsvalidator.go:445.63,447.3 1 1
github.com/fntelecomllc/studio/backend/internal/dnsvalidator/dnsvalidator.go:449.2,450.49 2 1
github.com/fntelecomllc/studio/backend/internal/dnsvalidator/dnsvalidator.go:450.49,452.3 1 0
github.com/fntelecomllc/studio/backend/internal/dnsvalidator/dnsvalidator.go:453.2,453.66 1 1
github.com/fntelecomllc/studio/backend/internal/dnsvalidator/dnsvalidator.go:456.143,458.79 1 0
github.com/fntelecomllc/studio/backend/internal/dnsvalidator/dnsvalidator.go:458.79,461.4 1 0
github.com/fntelecomllc/studio/backend/internal/dnsvalidator/dnsvalidator.go:464.2,465.16 2 0
github.com/fntelecomllc/studio/backend/internal/dnsvalidator/dnsvalidator.go:465.16,467.45 1 0
github.com/fntelecomllc/studio/backend/internal/dnsvalidator/dnsvalidator.go:467.45,469.4 1 0
github.com/fntelecomllc/studio/backend/internal/dnsvalidator/dnsvalidator.go:470.3,470.53 1 0
github.com/fntelecomllc/studio/backend/internal/dnsvalidator/dnsvalidator.go:470.53,472.4 1 0
github.com/fntelecomllc/studio/backend/internal/dnsvalidator/dnsvalidator.go:473.3,473.18 1 0
github.com/fntelecomllc/studio/backend/internal/dnsvalidator/dnsvalidator.go:475.2,476.33 2 0
github.com/fntelecomllc/studio/backend/internal/dnsvalidator/dnsvalidator.go:476.33,477.56 1 0
github.com/fntelecomllc/studio/backend/internal/dnsvalidator/dnsvalidator.go:477.56,479.4 1 0
github.com/fntelecomllc/studio/backend/internal/dnsvalidator/dnsvalidator.go:480.3,480.86 1 0
github.com/fntelecomllc/studio/backend/internal/dnsvalidator/dnsvalidator.go:480.86,482.4 1 0
github.com/fntelecomllc/studio/backend/internal/dnsvalidator/dnsvalidator.go:484.2,484.22 1 0
github.com/fntelecomllc/studio/backend/internal/dnsvalidator/dnsvalidator.go:487.138,490.73 3 1
github.com/fntelecomllc/studio/backend/internal/dnsvalidator/dnsvalidator.go:490.73,492.3 1 0
github.com/fntelecomllc/studio/backend/internal/dnsvalidator/dnsvalidator.go:494.2,495.16 2 1
github.com/fntelecomllc/studio/backend/internal/dnsvalidator/dnsvalidator.go:495.16,497.3 1 0
github.com/fntelecomllc/studio/backend/internal/dnsvalidator/dnsvalidator.go:499.2,505.16 6 1
github.com/fntelecomllc/studio/backend/internal/dnsvalidator/dnsvalidator.go:505.16,507.39 1 0
github.com/fntelecomllc/studio/backend/internal/dnsvalidator/dnsvalidator.go:507.39,509.4 1 0
github.com/fntelecomllc/studio/backend/internal/dnsvalidator/dnsvalidator.go:510.3,510.47 1 0
github.com/fntelecomllc/studio/backend/internal/dnsvalidator/dnsvalidator.go:510.47,512.4 1 0
github.com/fntelecomllc/studio/backend/internal/dnsvalidator/dnsvalidator.go:513.3,513.79 1 0
github.com/fntelecomllc/studio/backend/internal/dnsvalidator/dnsvalidator.go:516.2,520.16 4 1
github.com/fntelecomllc/studio/backend/internal/dnsvalidator/dnsvalidator.go:520.16,523.39 1 1
github.com/fntelecomllc/studio/backend/internal/dnsvalidator/dnsvalidator.go:523.39,525.4 1 0
github.com/fntelecomllc/studio/backend/internal/dnsvalidator/dnsvalidator.go:526.3,526.47 1 1
github.com/fntelecomllc/studio/backend/internal/dnsvalidator/dnsvalidator.go:526.47,529.4 1 1
github.com/fntelecomllc/studio/backend/internal/dnsvalidator/dnsvalidator.go:531.3,532.50 2 0
github.com/fntelecomllc/studio/backend/internal/dnsvalidator/dnsvalidator.go:532.50,534.4 1 0
github.com/fntelecomllc/studio/backend/internal/dnsvalidator/dnsvalidator.go:536.3,537.50 2 0
github.com/fntelecomllc/studio/backend/internal/dnsvalidator/dnsvalidator.go:537.50,539.4 1 0
github.com/fntelecomllc/studio/backend/internal/dnsvalidator/dnsvalidator.go:540.3,540.137 1 0
github.com/fntelecomllc/studio/backend/internal/dnsvalidator/dnsvalidator.go:542.2,544.38 2 1
github.com/fntelecomllc/studio/backend/internal/dnsvalidator/dnsvalidator.go:544.38,547.3 2 1
github.com/fntelecomllc/studio/backend/internal/dnsvalidator/dnsvalidator.go:549.2,551.16 3 1
github.com/fntelecomllc/studio/backend/internal/dnsvalidator/dnsvalidator.go:551.16,553.3 1 0
github.com/fntelecomllc/studio/backend/internal/dnsvalidator/dnsvalidator.go:554.2,554.60 1 1
github.com/fntelecomllc/studio/backend/internal/dnsvalidator/dnsvalidator.go:554.60,556.29 2 0
github.com/fntelecomllc/studio/backend/internal/dnsvalidator/dnsvalidator.go:556.29,558.4 1 0
github.com/fntelecomllc/studio/backend/internal/dnsvalidator/dnsvalidator.go:559.3,559.103 1 0
github.com/fntelecomllc/studio/backend/internal/dnsvalidator/dnsvalidator.go:562.2,562.40 1 1
github.com/fntelecomllc/studio/backend/internal/dnsvalidator/dnsvalidator.go:562.40,563.43 1 1
github.com/fntelecomllc/studio/backend/internal/dnsvalidator/dnsvalidator.go:563.43,565.4 1 1
github.com/fntelecomllc/studio/backend/internal/dnsvalidator/dnsvalidator.go:566.3,566.187 1 0
github.com/fntelecomllc/studio/backend/internal/dnsvalidator/dnsvalidator.go:569.2,570.27 2 1
github.com/fntelecomllc/studio/backend/internal/dnsvalidator/dnsvalidator.go:570.27,571.41 1 1
github.com/fntelecomllc/studio/backend/internal/dnsvalidator/dnsvalidator.go:571.41,572.118 1 1
github.com/fntelecomllc/studio/backend/internal/dnsvalidator/dnsvalidator.go:572.118,574.24 2 1
github.com/fntelecomllc/studio/backend/internal/dnsvalidator/dnsvalidator.go:574.24,577.41 3 1
github.com/fntelecomllc/studio/backend/internal/dnsvalidator/dnsvalidator.go:577.41,579.7 1 1
github.com/fntelecomllc/studio/backend/internal/dnsvalidator/dnsvalidator.go:580.6,580.44 1 1
github.com/fntelecomllc/studio/backend/internal/dnsvalidator/dnsvalidator.go:580.44,582.7 1 1
github.com/fntelecomllc/studio/backend/internal/dnsvalidator/dnsvalidator.go:587.2,587.17 1 1
github.com/fntelecomllc/studio/backend/internal/dnsvalidator/dnsvalidator.go:593.24,594.11 1 0
github.com/fntelecomllc/studio/backend/internal/dnsvalidator/dnsvalidator.go:594.11,596.3 1 0
github.com/fntelecomllc/studio/backend/internal/dnsvalidator/dnsvalidator.go:597.2,597.10 1 0
github.com/fntelecomllc/studio/backend/internal/dnsvalidator/dnsvalidator.go:599.44,602.25 3 1
github.com/fntelecomllc/studio/backend/internal/dnsvalidator/dnsvalidator.go:602.25,603.28 1 1
github.com/fntelecomllc/studio/backend/internal/dnsvalidator/dnsvalidator.go:603.28,604.12 1 0
github.com/fntelecomllc/studio/backend/internal/dnsvalidator/dnsvalidator.go:606.3,608.6 3 1
github.com/fntelecomllc/studio/backend/internal/dnsvalidator/dnsvalidator.go:610.2,610.16 1 1
github.com/fntelecomllc/studio/backend/internal/dnsvalidator/dnsvalidator.go:633.78,635.55 2 1
github.com/fntelecomllc/studio/backend/internal/dnsvalidator/dnsvalidator.go:635.55,636.69 1 0
github.com/fntelecomllc/studio/backend/internal/dnsvalidator/dnsvalidator.go:636.69,638.4 1 0
github.com/fntelecomllc/studio/backend/internal/dnsvalidator/dnsvalidator.go:639.8,640.35 1 1
github.com/fntelecomllc/studio/backend/internal/dnsvalidator/dnsvalidator.go:640.35,642.4 1 1
github.com/fntelecomllc/studio/backend/internal/dnsvalidator/dnsvalidator.go:644.2,644.26 1 1
github.com/fntelecomllc/studio/backend/internal/dnsvalidator/dnsvalidator.go:644.26,646.34 2 1
github.com/fntelecomllc/studio/backend/internal/dnsvalidator/dnsvalidator.go:646.34,648.4 1 1
github.com/fntelecomllc/studio/backend/internal/dnsvalidator/dnsvalidator.go:649.3,649.17 1 1
github.com/fntelecomllc/studio/backend/internal/dnsvalidator/dnsvalidator.go:651.2,654.33 4 1
github.com/fntelecomllc/studio/backend/internal/dnsvalidator/dnsvalidator.go:654.33,657.30 3 1
github.com/fntelecomllc/studio/backend/internal/dnsvalidator/dnsvalidator.go:657.30,659.17 2 1
github.com/fntelecomllc/studio/backend/internal/dnsvalidator/dnsvalidator.go:659.17,659.37 1 1
github.com/fntelecomllc/studio/backend/internal/dnsvalidator/dnsvalidator.go:661.4,662.90 2 1
github.com/fntelecomllc/studio/backend/internal/dnsvalidator/dnsvalidator.go:662.90,670.5 2 0
github.com/fntelecomllc/studio/backend/internal/dnsvalidator/dnsvalidator.go:670.10,676.5 1 1
github.com/fntelecomllc/studio/backend/internal/dnsvalidator/dnsvalidator.go:677.4,677.33 1 1
github.com/fntelecomllc/studio/backend/internal/dnsvalidator/dnsvalidator.go:677.33,679.5 1 0
github.com/fntelecomllc/studio/backend/internal/dnsvalidator/dnsvalidator.go:681.4,684.56 3 1
github.com/fntelecomllc/studio/backend/internal/dnsvalidator/dnsvalidator.go:687.2,688.16 2 1
